------------------------------------------------------------------------------------
Time	| Tile ID		| Channel	| Requestor 	| OpCode 	| Address 	| Data	|
------------------------------------------------------------------------------------
27740.0 	|   1	 | C2F_Req 	 | 00000100		 | RD 		| 02400900	| -------- 
27760.0 	|   2	 | C2F_Req 	 | 00001001		 | RD 		| 01400900	| -------- 
27780.0 	|   2	 | RingReqIn | 00000100		 | RD 		| 02400900	| -------- 
27800.0 	|   3	 | RingReqIn | 00001001		 | RD 		| 01400900	| -------- 
27820.0 	|   2	 | F2C_Req 	| --------		 | RD 		| 02400900	| -------- 
27880.0 	|   1	 | RingReqIn | 00001001		 | RD 		| 01400900	| -------- 
27880.0 	|   2	 | F2C_Rsp 	| --------		 | RD_RSP 		| 02400900	| 00000006 
27920.0 	|   1	 | F2C_Req 	| --------		 | RD 		| 01400900	| -------- 
27920.0 	|   2	 | RingRspOut| 00000100		 | RD_RSP 		| 02400900	| 00000006 
27960.0 	|   3	 | RingRspOut| 00000100		 | RD_RSP 		| 02400900	| 00000006 
27980.0 	|   1	 | F2C_Rsp 	| --------		 | RD_RSP 		| 01400900	| 0000000c 
28000.0 	|   1	 | RingRspIn | 00000100		 | RD_RSP 		| 02400900	| 00000006 
28020.0 	|   1	 | RingRspOut| 00001001		 | RD_RSP 		| 01400900	| 0000000c 
28020.0 	|   2	 | RingRspIn | 00001001		 | RD_RSP 		| 01400900	| 0000000c 
28040.0 	|   1	 | C2F_Rsp 	| 00000100		 | RD_RSP 		| --------	| 00000006 
28060.0 	|   2	 | C2F_Rsp 	| 00001001		 | RD_RSP 		| --------	| 0000000c 
28540.0 	|   1	 | C2F_Req 	 | 00000100		 | RD 		| 02400904	| -------- 
28560.0 	|   2	 | C2F_Req 	 | 00001001		 | RD 		| 01400904	| -------- 
28580.0 	|   2	 | RingReqIn | 00000100		 | RD 		| 02400904	| -------- 
28600.0 	|   3	 | RingReqIn | 00001001		 | RD 		| 01400904	| -------- 
28620.0 	|   2	 | F2C_Req 	| --------		 | RD 		| 02400904	| -------- 
28680.0 	|   1	 | RingReqIn | 00001001		 | RD 		| 01400904	| -------- 
28680.0 	|   2	 | F2C_Rsp 	| --------		 | RD_RSP 		| 02400904	| 00000001 
28720.0 	|   1	 | F2C_Req 	| --------		 | RD 		| 01400904	| -------- 
28720.0 	|   2	 | RingRspOut| 00000100		 | RD_RSP 		| 02400904	| 00000001 
28760.0 	|   3	 | RingRspOut| 00000100		 | RD_RSP 		| 02400904	| 00000001 
28780.0 	|   1	 | F2C_Rsp 	| --------		 | RD_RSP 		| 01400904	| 00000002 
28800.0 	|   1	 | RingRspIn | 00000100		 | RD_RSP 		| 02400904	| 00000001 
28820.0 	|   1	 | RingRspOut| 00001001		 | RD_RSP 		| 01400904	| 00000002 
28820.0 	|   2	 | RingRspIn | 00001001		 | RD_RSP 		| 01400904	| 00000002 
28840.0 	|   1	 | C2F_Rsp 	| 00000100		 | RD_RSP 		| --------	| 00000001 
28860.0 	|   2	 | C2F_Rsp 	| 00001001		 | RD_RSP 		| --------	| 00000002 
30460.0 	|   1	 | C2F_Req 	 | 00000100		 | RD 		| 02400900	| -------- 
30480.0 	|   2	 | C2F_Req 	 | 00001001		 | RD 		| 01400900	| -------- 
30500.0 	|   2	 | RingReqIn | 00000100		 | RD 		| 02400900	| -------- 
30520.0 	|   3	 | RingReqIn | 00001001		 | RD 		| 01400900	| -------- 
30540.0 	|   2	 | F2C_Req 	| --------		 | RD 		| 02400900	| -------- 
30600.0 	|   1	 | RingReqIn | 00001001		 | RD 		| 01400900	| -------- 
30600.0 	|   2	 | F2C_Rsp 	| --------		 | RD_RSP 		| 02400900	| 00000006 
30640.0 	|   1	 | F2C_Req 	| --------		 | RD 		| 01400900	| -------- 
30640.0 	|   2	 | RingRspOut| 00000100		 | RD_RSP 		| 02400900	| 00000006 
30680.0 	|   3	 | RingRspOut| 00000100		 | RD_RSP 		| 02400900	| 00000006 
30700.0 	|   1	 | F2C_Rsp 	| --------		 | RD_RSP 		| 01400900	| 0000000c 
30720.0 	|   1	 | RingRspIn | 00000100		 | RD_RSP 		| 02400900	| 00000006 
30740.0 	|   1	 | RingRspOut| 00001001		 | RD_RSP 		| 01400900	| 0000000c 
30740.0 	|   2	 | RingRspIn | 00001001		 | RD_RSP 		| 01400900	| 0000000c 
30760.0 	|   1	 | C2F_Rsp 	| 00000100		 | RD_RSP 		| --------	| 00000006 
30780.0 	|   2	 | C2F_Rsp 	| 00001001		 | RD_RSP 		| --------	| 0000000c 
31020.0 	|   1	 | C2F_Req 	 | 00000100		 | RD 		| 02400904	| -------- 
31040.0 	|   2	 | C2F_Req 	 | 00001001		 | RD 		| 01400904	| -------- 
31060.0 	|   2	 | RingReqIn | 00000100		 | RD 		| 02400904	| -------- 
31080.0 	|   3	 | RingReqIn | 00001001		 | RD 		| 01400904	| -------- 
31100.0 	|   2	 | F2C_Req 	| --------		 | RD 		| 02400904	| -------- 
31160.0 	|   1	 | RingReqIn | 00001001		 | RD 		| 01400904	| -------- 
31160.0 	|   2	 | F2C_Rsp 	| --------		 | RD_RSP 		| 02400904	| 00000001 
31200.0 	|   1	 | F2C_Req 	| --------		 | RD 		| 01400904	| -------- 
31200.0 	|   2	 | RingRspOut| 00000100		 | RD_RSP 		| 02400904	| 00000001 
31240.0 	|   3	 | RingRspOut| 00000100		 | RD_RSP 		| 02400904	| 00000001 
31260.0 	|   1	 | F2C_Rsp 	| --------		 | RD_RSP 		| 01400904	| 00000002 
31280.0 	|   1	 | RingRspIn | 00000100		 | RD_RSP 		| 02400904	| 00000001 
31300.0 	|   1	 | RingRspOut| 00001001		 | RD_RSP 		| 01400904	| 00000002 
31300.0 	|   2	 | RingRspIn | 00001001		 | RD_RSP 		| 01400904	| 00000002 
31320.0 	|   1	 | C2F_Rsp 	| 00000100		 | RD_RSP 		| --------	| 00000001 
31340.0 	|   2	 | C2F_Rsp 	| 00001001		 | RD_RSP 		| --------	| 00000002 
31500.0 	|   1	 | C2F_Req 	 | 00000100		 | WR 		| 02400900	| 00000001 
31520.0 	|   2	 | C2F_Req 	 | 00001001		 | WR 		| 01400900	| 00000002 
31540.0 	|   2	 | RingReqIn | 00000100		 | WR 		| 02400900	| 00000001 
31560.0 	|   3	 | RingReqIn | 00001001		 | WR 		| 01400900	| 00000002 
31580.0 	|   2	 | F2C_Req 	| --------		 | WR 		| 02400900	| 00000001 
31640.0 	|   1	 | RingReqIn | 00001001		 | WR 		| 01400900	| 00000002 
31680.0 	|   1	 | F2C_Req 	| --------		 | WR 		| 01400900	| 00000002 
31740.0 	|   1	 | C2F_Req 	 | 00000100		 | WR 		| 02400904	| 00000006 
31760.0 	|   2	 | C2F_Req 	 | 00001001		 | WR 		| 01400904	| 0000000c 
31780.0 	|   2	 | RingReqIn | 00000100		 | WR 		| 02400904	| 00000006 
31800.0 	|   3	 | RingReqIn | 00001001		 | WR 		| 01400904	| 0000000c 
31820.0 	|   2	 | F2C_Req 	| --------		 | WR 		| 02400904	| 00000006 
31880.0 	|   1	 | RingReqIn | 00001001		 | WR 		| 01400904	| 0000000c 
31920.0 	|   1	 | F2C_Req 	| --------		 | WR 		| 01400904	| 0000000c 
33180.0 	|   1	 | C2F_Req 	 | 00000100		 | RD 		| 02400904	| -------- 
33200.0 	|   2	 | C2F_Req 	 | 00001001		 | RD 		| 01400904	| -------- 
33220.0 	|   2	 | RingReqIn | 00000100		 | RD 		| 02400904	| -------- 
33240.0 	|   3	 | RingReqIn | 00001001		 | RD 		| 01400904	| -------- 
33260.0 	|   2	 | F2C_Req 	| --------		 | RD 		| 02400904	| -------- 
33320.0 	|   1	 | RingReqIn | 00001001		 | RD 		| 01400904	| -------- 
33320.0 	|   2	 | F2C_Rsp 	| --------		 | RD_RSP 		| 02400904	| 00000006 
33360.0 	|   1	 | F2C_Req 	| --------		 | RD 		| 01400904	| -------- 
33360.0 	|   2	 | RingRspOut| 00000100		 | RD_RSP 		| 02400904	| 00000006 
33400.0 	|   3	 | RingRspOut| 00000100		 | RD_RSP 		| 02400904	| 00000006 
33420.0 	|   1	 | F2C_Rsp 	| --------		 | RD_RSP 		| 01400904	| 0000000c 
33440.0 	|   1	 | RingRspIn | 00000100		 | RD_RSP 		| 02400904	| 00000006 
33460.0 	|   1	 | RingRspOut| 00001001		 | RD_RSP 		| 01400904	| 0000000c 
33460.0 	|   2	 | RingRspIn | 00001001		 | RD_RSP 		| 01400904	| 0000000c 
33480.0 	|   1	 | C2F_Rsp 	| 00000100		 | RD_RSP 		| --------	| 00000006 
33500.0 	|   2	 | C2F_Rsp 	| 00001001		 | RD_RSP 		| --------	| 0000000c 
33980.0 	|   1	 | C2F_Req 	 | 00000100		 | RD 		| 02400908	| -------- 
34000.0 	|   2	 | C2F_Req 	 | 00001001		 | RD 		| 01400908	| -------- 
34020.0 	|   2	 | RingReqIn | 00000100		 | RD 		| 02400908	| -------- 
34040.0 	|   3	 | RingReqIn | 00001001		 | RD 		| 01400908	| -------- 
34060.0 	|   2	 | F2C_Req 	| --------		 | RD 		| 02400908	| -------- 
34120.0 	|   1	 | RingReqIn | 00001001		 | RD 		| 01400908	| -------- 
34120.0 	|   2	 | F2C_Rsp 	| --------		 | RD_RSP 		| 02400908	| 00000000 
34160.0 	|   1	 | F2C_Req 	| --------		 | RD 		| 01400908	| -------- 
34160.0 	|   2	 | RingRspOut| 00000100		 | RD_RSP 		| 02400908	| 00000000 
34200.0 	|   3	 | RingRspOut| 00000100		 | RD_RSP 		| 02400908	| 00000000 
34220.0 	|   1	 | F2C_Rsp 	| --------		 | RD_RSP 		| 01400908	| 00000000 
34240.0 	|   1	 | RingRspIn | 00000100		 | RD_RSP 		| 02400908	| 00000000 
34260.0 	|   1	 | RingRspOut| 00001001		 | RD_RSP 		| 01400908	| 00000000 
34260.0 	|   2	 | RingRspIn | 00001001		 | RD_RSP 		| 01400908	| 00000000 
34280.0 	|   1	 | C2F_Rsp 	| 00000100		 | RD_RSP 		| --------	| 00000000 
34300.0 	|   2	 | C2F_Rsp 	| 00001001		 | RD_RSP 		| --------	| 00000000 
35900.0 	|   1	 | C2F_Req 	 | 00000100		 | RD 		| 02400904	| -------- 
35920.0 	|   2	 | C2F_Req 	 | 00001001		 | RD 		| 01400904	| -------- 
35940.0 	|   2	 | RingReqIn | 00000100		 | RD 		| 02400904	| -------- 
35960.0 	|   3	 | RingReqIn | 00001001		 | RD 		| 01400904	| -------- 
35980.0 	|   2	 | F2C_Req 	| --------		 | RD 		| 02400904	| -------- 
36040.0 	|   1	 | RingReqIn | 00001001		 | RD 		| 01400904	| -------- 
36040.0 	|   2	 | F2C_Rsp 	| --------		 | RD_RSP 		| 02400904	| 00000006 
36080.0 	|   1	 | F2C_Req 	| --------		 | RD 		| 01400904	| -------- 
36080.0 	|   2	 | RingRspOut| 00000100		 | RD_RSP 		| 02400904	| 00000006 
36120.0 	|   3	 | RingRspOut| 00000100		 | RD_RSP 		| 02400904	| 00000006 
36140.0 	|   1	 | F2C_Rsp 	| --------		 | RD_RSP 		| 01400904	| 0000000c 
36160.0 	|   1	 | RingRspIn | 00000100		 | RD_RSP 		| 02400904	| 00000006 
36180.0 	|   1	 | RingRspOut| 00001001		 | RD_RSP 		| 01400904	| 0000000c 
36180.0 	|   2	 | RingRspIn | 00001001		 | RD_RSP 		| 01400904	| 0000000c 
36200.0 	|   1	 | C2F_Rsp 	| 00000100		 | RD_RSP 		| --------	| 00000006 
36220.0 	|   2	 | C2F_Rsp 	| 00001001		 | RD_RSP 		| --------	| 0000000c 
36460.0 	|   1	 | C2F_Req 	 | 00000100		 | RD 		| 02400908	| -------- 
36480.0 	|   2	 | C2F_Req 	 | 00001001		 | RD 		| 01400908	| -------- 
36500.0 	|   2	 | RingReqIn | 00000100		 | RD 		| 02400908	| -------- 
36520.0 	|   3	 | RingReqIn | 00001001		 | RD 		| 01400908	| -------- 
36540.0 	|   2	 | F2C_Req 	| --------		 | RD 		| 02400908	| -------- 
36600.0 	|   1	 | RingReqIn | 00001001		 | RD 		| 01400908	| -------- 
36600.0 	|   2	 | F2C_Rsp 	| --------		 | RD_RSP 		| 02400908	| 00000000 
36640.0 	|   1	 | F2C_Req 	| --------		 | RD 		| 01400908	| -------- 
36640.0 	|   2	 | RingRspOut| 00000100		 | RD_RSP 		| 02400908	| 00000000 
36680.0 	|   3	 | RingRspOut| 00000100		 | RD_RSP 		| 02400908	| 00000000 
36700.0 	|   1	 | F2C_Rsp 	| --------		 | RD_RSP 		| 01400908	| 00000000 
36720.0 	|   1	 | RingRspIn | 00000100		 | RD_RSP 		| 02400908	| 00000000 
36740.0 	|   1	 | RingRspOut| 00001001		 | RD_RSP 		| 01400908	| 00000000 
36740.0 	|   2	 | RingRspIn | 00001001		 | RD_RSP 		| 01400908	| 00000000 
36760.0 	|   1	 | C2F_Rsp 	| 00000100		 | RD_RSP 		| --------	| 00000000 
36780.0 	|   2	 | C2F_Rsp 	| 00001001		 | RD_RSP 		| --------	| 00000000 
36940.0 	|   1	 | C2F_Req 	 | 00000100		 | WR 		| 02400904	| 00000000 
36960.0 	|   2	 | C2F_Req 	 | 00001001		 | WR 		| 01400904	| 00000000 
36980.0 	|   2	 | RingReqIn | 00000100		 | WR 		| 02400904	| 00000000 
37000.0 	|   3	 | RingReqIn | 00001001		 | WR 		| 01400904	| 00000000 
37020.0 	|   2	 | F2C_Req 	| --------		 | WR 		| 02400904	| 00000000 
37080.0 	|   1	 | RingReqIn | 00001001		 | WR 		| 01400904	| 00000000 
37120.0 	|   1	 | F2C_Req 	| --------		 | WR 		| 01400904	| 00000000 
37180.0 	|   1	 | C2F_Req 	 | 00000100		 | WR 		| 02400908	| 00000006 
37200.0 	|   2	 | C2F_Req 	 | 00001001		 | WR 		| 01400908	| 0000000c 
37220.0 	|   2	 | RingReqIn | 00000100		 | WR 		| 02400908	| 00000006 
37240.0 	|   3	 | RingReqIn | 00001001		 | WR 		| 01400908	| 0000000c 
37260.0 	|   2	 | F2C_Req 	| --------		 | WR 		| 02400908	| 00000006 
37320.0 	|   1	 | RingReqIn | 00001001		 | WR 		| 01400908	| 0000000c 
37360.0 	|   1	 | F2C_Req 	| --------		 | WR 		| 01400908	| 0000000c 
38620.0 	|   1	 | C2F_Req 	 | 00000100		 | RD 		| 02400908	| -------- 
38640.0 	|   2	 | C2F_Req 	 | 00001001		 | RD 		| 01400908	| -------- 
38660.0 	|   2	 | RingReqIn | 00000100		 | RD 		| 02400908	| -------- 
38680.0 	|   3	 | RingReqIn | 00001001		 | RD 		| 01400908	| -------- 
38700.0 	|   2	 | F2C_Req 	| --------		 | RD 		| 02400908	| -------- 
38760.0 	|   1	 | RingReqIn | 00001001		 | RD 		| 01400908	| -------- 
38760.0 	|   2	 | F2C_Rsp 	| --------		 | RD_RSP 		| 02400908	| 00000006 
38800.0 	|   1	 | F2C_Req 	| --------		 | RD 		| 01400908	| -------- 
38800.0 	|   2	 | RingRspOut| 00000100		 | RD_RSP 		| 02400908	| 00000006 
38840.0 	|   3	 | RingRspOut| 00000100		 | RD_RSP 		| 02400908	| 00000006 
38860.0 	|   1	 | F2C_Rsp 	| --------		 | RD_RSP 		| 01400908	| 0000000c 
38880.0 	|   1	 | RingRspIn | 00000100		 | RD_RSP 		| 02400908	| 00000006 
38900.0 	|   1	 | RingRspOut| 00001001		 | RD_RSP 		| 01400908	| 0000000c 
38900.0 	|   2	 | RingRspIn | 00001001		 | RD_RSP 		| 01400908	| 0000000c 
38920.0 	|   1	 | C2F_Rsp 	| 00000100		 | RD_RSP 		| --------	| 00000006 
38940.0 	|   2	 | C2F_Rsp 	| 00001001		 | RD_RSP 		| --------	| 0000000c 
39420.0 	|   1	 | C2F_Req 	 | 00000100		 | RD 		| 0240090c	| -------- 
39440.0 	|   2	 | C2F_Req 	 | 00001001		 | RD 		| 0140090c	| -------- 
39460.0 	|   2	 | RingReqIn | 00000100		 | RD 		| 0240090c	| -------- 
39480.0 	|   3	 | RingReqIn | 00001001		 | RD 		| 0140090c	| -------- 
39500.0 	|   2	 | F2C_Req 	| --------		 | RD 		| 0240090c	| -------- 
39560.0 	|   1	 | RingReqIn | 00001001		 | RD 		| 0140090c	| -------- 
39560.0 	|   2	 | F2C_Rsp 	| --------		 | RD_RSP 		| 0240090c	| 00000003 
39600.0 	|   1	 | F2C_Req 	| --------		 | RD 		| 0140090c	| -------- 
39600.0 	|   2	 | RingRspOut| 00000100		 | RD_RSP 		| 0240090c	| 00000003 
39640.0 	|   3	 | RingRspOut| 00000100		 | RD_RSP 		| 0240090c	| 00000003 
39660.0 	|   1	 | F2C_Rsp 	| --------		 | RD_RSP 		| 0140090c	| 00000006 
39680.0 	|   1	 | RingRspIn | 00000100		 | RD_RSP 		| 0240090c	| 00000003 
39700.0 	|   1	 | RingRspOut| 00001001		 | RD_RSP 		| 0140090c	| 00000006 
39700.0 	|   2	 | RingRspIn | 00001001		 | RD_RSP 		| 0140090c	| 00000006 
39720.0 	|   1	 | C2F_Rsp 	| 00000100		 | RD_RSP 		| --------	| 00000003 
39740.0 	|   2	 | C2F_Rsp 	| 00001001		 | RD_RSP 		| --------	| 00000006 
41340.0 	|   1	 | C2F_Req 	 | 00000100		 | RD 		| 02400908	| -------- 
41360.0 	|   2	 | C2F_Req 	 | 00001001		 | RD 		| 01400908	| -------- 
41380.0 	|   2	 | RingReqIn | 00000100		 | RD 		| 02400908	| -------- 
41400.0 	|   3	 | RingReqIn | 00001001		 | RD 		| 01400908	| -------- 
41420.0 	|   2	 | F2C_Req 	| --------		 | RD 		| 02400908	| -------- 
41480.0 	|   1	 | RingReqIn | 00001001		 | RD 		| 01400908	| -------- 
41480.0 	|   2	 | F2C_Rsp 	| --------		 | RD_RSP 		| 02400908	| 00000006 
41520.0 	|   1	 | F2C_Req 	| --------		 | RD 		| 01400908	| -------- 
41520.0 	|   2	 | RingRspOut| 00000100		 | RD_RSP 		| 02400908	| 00000006 
41560.0 	|   3	 | RingRspOut| 00000100		 | RD_RSP 		| 02400908	| 00000006 
41580.0 	|   1	 | F2C_Rsp 	| --------		 | RD_RSP 		| 01400908	| 0000000c 
41600.0 	|   1	 | RingRspIn | 00000100		 | RD_RSP 		| 02400908	| 00000006 
41620.0 	|   1	 | RingRspOut| 00001001		 | RD_RSP 		| 01400908	| 0000000c 
41620.0 	|   2	 | RingRspIn | 00001001		 | RD_RSP 		| 01400908	| 0000000c 
41640.0 	|   1	 | C2F_Rsp 	| 00000100		 | RD_RSP 		| --------	| 00000006 
41660.0 	|   2	 | C2F_Rsp 	| 00001001		 | RD_RSP 		| --------	| 0000000c 
41900.0 	|   1	 | C2F_Req 	 | 00000100		 | RD 		| 0240090c	| -------- 
41920.0 	|   2	 | C2F_Req 	 | 00001001		 | RD 		| 0140090c	| -------- 
41940.0 	|   2	 | RingReqIn | 00000100		 | RD 		| 0240090c	| -------- 
41960.0 	|   3	 | RingReqIn | 00001001		 | RD 		| 0140090c	| -------- 
41980.0 	|   2	 | F2C_Req 	| --------		 | RD 		| 0240090c	| -------- 
42040.0 	|   1	 | RingReqIn | 00001001		 | RD 		| 0140090c	| -------- 
42040.0 	|   2	 | F2C_Rsp 	| --------		 | RD_RSP 		| 0240090c	| 00000003 
42080.0 	|   1	 | F2C_Req 	| --------		 | RD 		| 0140090c	| -------- 
42080.0 	|   2	 | RingRspOut| 00000100		 | RD_RSP 		| 0240090c	| 00000003 
42120.0 	|   3	 | RingRspOut| 00000100		 | RD_RSP 		| 0240090c	| 00000003 
42140.0 	|   1	 | F2C_Rsp 	| --------		 | RD_RSP 		| 0140090c	| 00000006 
42160.0 	|   1	 | RingRspIn | 00000100		 | RD_RSP 		| 0240090c	| 00000003 
42180.0 	|   1	 | RingRspOut| 00001001		 | RD_RSP 		| 0140090c	| 00000006 
42180.0 	|   2	 | RingRspIn | 00001001		 | RD_RSP 		| 0140090c	| 00000006 
42200.0 	|   1	 | C2F_Rsp 	| 00000100		 | RD_RSP 		| --------	| 00000003 
42220.0 	|   2	 | C2F_Rsp 	| 00001001		 | RD_RSP 		| --------	| 00000006 
42380.0 	|   1	 | C2F_Req 	 | 00000100		 | WR 		| 02400908	| 00000003 
42400.0 	|   2	 | C2F_Req 	 | 00001001		 | WR 		| 01400908	| 00000006 
42420.0 	|   2	 | RingReqIn | 00000100		 | WR 		| 02400908	| 00000003 
42440.0 	|   3	 | RingReqIn | 00001001		 | WR 		| 01400908	| 00000006 
42460.0 	|   2	 | F2C_Req 	| --------		 | WR 		| 02400908	| 00000003 
42520.0 	|   1	 | RingReqIn | 00001001		 | WR 		| 01400908	| 00000006 
42560.0 	|   1	 | F2C_Req 	| --------		 | WR 		| 01400908	| 00000006 
42620.0 	|   1	 | C2F_Req 	 | 00000100		 | WR 		| 0240090c	| 00000006 
42640.0 	|   2	 | C2F_Req 	 | 00001001		 | WR 		| 0140090c	| 0000000c 
42660.0 	|   2	 | RingReqIn | 00000100		 | WR 		| 0240090c	| 00000006 
42680.0 	|   3	 | RingReqIn | 00001001		 | WR 		| 0140090c	| 0000000c 
42700.0 	|   2	 | F2C_Req 	| --------		 | WR 		| 0240090c	| 00000006 
42760.0 	|   1	 | RingReqIn | 00001001		 | WR 		| 0140090c	| 0000000c 
42800.0 	|   1	 | F2C_Req 	| --------		 | WR 		| 0140090c	| 0000000c 
44060.0 	|   1	 | C2F_Req 	 | 00000100		 | RD 		| 0240090c	| -------- 
44080.0 	|   2	 | C2F_Req 	 | 00001001		 | RD 		| 0140090c	| -------- 
44100.0 	|   2	 | RingReqIn | 00000100		 | RD 		| 0240090c	| -------- 
44120.0 	|   3	 | RingReqIn | 00001001		 | RD 		| 0140090c	| -------- 
44140.0 	|   2	 | F2C_Req 	| --------		 | RD 		| 0240090c	| -------- 
44200.0 	|   1	 | RingReqIn | 00001001		 | RD 		| 0140090c	| -------- 
44200.0 	|   2	 | F2C_Rsp 	| --------		 | RD_RSP 		| 0240090c	| 00000006 
44240.0 	|   1	 | F2C_Req 	| --------		 | RD 		| 0140090c	| -------- 
44240.0 	|   2	 | RingRspOut| 00000100		 | RD_RSP 		| 0240090c	| 00000006 
44280.0 	|   3	 | RingRspOut| 00000100		 | RD_RSP 		| 0240090c	| 00000006 
44300.0 	|   1	 | F2C_Rsp 	| --------		 | RD_RSP 		| 0140090c	| 0000000c 
44320.0 	|   1	 | RingRspIn | 00000100		 | RD_RSP 		| 0240090c	| 00000006 
44340.0 	|   1	 | RingRspOut| 00001001		 | RD_RSP 		| 0140090c	| 0000000c 
44340.0 	|   2	 | RingRspIn | 00001001		 | RD_RSP 		| 0140090c	| 0000000c 
44360.0 	|   1	 | C2F_Rsp 	| 00000100		 | RD_RSP 		| --------	| 00000006 
44380.0 	|   2	 | C2F_Rsp 	| 00001001		 | RD_RSP 		| --------	| 0000000c 
44860.0 	|   1	 | C2F_Req 	 | 00000100		 | RD 		| 02400910	| -------- 
44880.0 	|   2	 | C2F_Req 	 | 00001001		 | RD 		| 01400910	| -------- 
44900.0 	|   2	 | RingReqIn | 00000100		 | RD 		| 02400910	| -------- 
44920.0 	|   3	 | RingReqIn | 00001001		 | RD 		| 01400910	| -------- 
44940.0 	|   2	 | F2C_Req 	| --------		 | RD 		| 02400910	| -------- 
45000.0 	|   1	 | RingReqIn | 00001001		 | RD 		| 01400910	| -------- 
45000.0 	|   2	 | F2C_Rsp 	| --------		 | RD_RSP 		| 02400910	| 00000005 
45040.0 	|   1	 | F2C_Req 	| --------		 | RD 		| 01400910	| -------- 
45040.0 	|   2	 | RingRspOut| 00000100		 | RD_RSP 		| 02400910	| 00000005 
45080.0 	|   3	 | RingRspOut| 00000100		 | RD_RSP 		| 02400910	| 00000005 
45100.0 	|   1	 | F2C_Rsp 	| --------		 | RD_RSP 		| 01400910	| 0000000a 
45120.0 	|   1	 | RingRspIn | 00000100		 | RD_RSP 		| 02400910	| 00000005 
45140.0 	|   1	 | RingRspOut| 00001001		 | RD_RSP 		| 01400910	| 0000000a 
45140.0 	|   2	 | RingRspIn | 00001001		 | RD_RSP 		| 01400910	| 0000000a 
45160.0 	|   1	 | C2F_Rsp 	| 00000100		 | RD_RSP 		| --------	| 00000005 
45180.0 	|   2	 | C2F_Rsp 	| 00001001		 | RD_RSP 		| --------	| 0000000a 
46780.0 	|   1	 | C2F_Req 	 | 00000100		 | RD 		| 0240090c	| -------- 
46800.0 	|   2	 | C2F_Req 	 | 00001001		 | RD 		| 0140090c	| -------- 
46820.0 	|   2	 | RingReqIn | 00000100		 | RD 		| 0240090c	| -------- 
46840.0 	|   3	 | RingReqIn | 00001001		 | RD 		| 0140090c	| -------- 
46860.0 	|   2	 | F2C_Req 	| --------		 | RD 		| 0240090c	| -------- 
46920.0 	|   1	 | RingReqIn | 00001001		 | RD 		| 0140090c	| -------- 
46920.0 	|   2	 | F2C_Rsp 	| --------		 | RD_RSP 		| 0240090c	| 00000006 
46960.0 	|   1	 | F2C_Req 	| --------		 | RD 		| 0140090c	| -------- 
46960.0 	|   2	 | RingRspOut| 00000100		 | RD_RSP 		| 0240090c	| 00000006 
47000.0 	|   3	 | RingRspOut| 00000100		 | RD_RSP 		| 0240090c	| 00000006 
47020.0 	|   1	 | F2C_Rsp 	| --------		 | RD_RSP 		| 0140090c	| 0000000c 
47040.0 	|   1	 | RingRspIn | 00000100		 | RD_RSP 		| 0240090c	| 00000006 
47060.0 	|   1	 | RingRspOut| 00001001		 | RD_RSP 		| 0140090c	| 0000000c 
47060.0 	|   2	 | RingRspIn | 00001001		 | RD_RSP 		| 0140090c	| 0000000c 
47080.0 	|   1	 | C2F_Rsp 	| 00000100		 | RD_RSP 		| --------	| 00000006 
47100.0 	|   2	 | C2F_Rsp 	| 00001001		 | RD_RSP 		| --------	| 0000000c 
47340.0 	|   1	 | C2F_Req 	 | 00000100		 | RD 		| 02400910	| -------- 
47360.0 	|   2	 | C2F_Req 	 | 00001001		 | RD 		| 01400910	| -------- 
47380.0 	|   2	 | RingReqIn | 00000100		 | RD 		| 02400910	| -------- 
47400.0 	|   3	 | RingReqIn | 00001001		 | RD 		| 01400910	| -------- 
47420.0 	|   2	 | F2C_Req 	| --------		 | RD 		| 02400910	| -------- 
47480.0 	|   1	 | RingReqIn | 00001001		 | RD 		| 01400910	| -------- 
47480.0 	|   2	 | F2C_Rsp 	| --------		 | RD_RSP 		| 02400910	| 00000005 
47520.0 	|   1	 | F2C_Req 	| --------		 | RD 		| 01400910	| -------- 
47520.0 	|   2	 | RingRspOut| 00000100		 | RD_RSP 		| 02400910	| 00000005 
47560.0 	|   3	 | RingRspOut| 00000100		 | RD_RSP 		| 02400910	| 00000005 
47580.0 	|   1	 | F2C_Rsp 	| --------		 | RD_RSP 		| 01400910	| 0000000a 
47600.0 	|   1	 | RingRspIn | 00000100		 | RD_RSP 		| 02400910	| 00000005 
47620.0 	|   1	 | RingRspOut| 00001001		 | RD_RSP 		| 01400910	| 0000000a 
47620.0 	|   2	 | RingRspIn | 00001001		 | RD_RSP 		| 01400910	| 0000000a 
47640.0 	|   1	 | C2F_Rsp 	| 00000100		 | RD_RSP 		| --------	| 00000005 
47660.0 	|   2	 | C2F_Rsp 	| 00001001		 | RD_RSP 		| --------	| 0000000a 
47820.0 	|   1	 | C2F_Req 	 | 00000100		 | WR 		| 0240090c	| 00000005 
47840.0 	|   2	 | C2F_Req 	 | 00001001		 | WR 		| 0140090c	| 0000000a 
47860.0 	|   2	 | RingReqIn | 00000100		 | WR 		| 0240090c	| 00000005 
47880.0 	|   3	 | RingReqIn | 00001001		 | WR 		| 0140090c	| 0000000a 
47900.0 	|   2	 | F2C_Req 	| --------		 | WR 		| 0240090c	| 00000005 
47960.0 	|   1	 | RingReqIn | 00001001		 | WR 		| 0140090c	| 0000000a 
48000.0 	|   1	 | F2C_Req 	| --------		 | WR 		| 0140090c	| 0000000a 
48060.0 	|   1	 | C2F_Req 	 | 00000100		 | WR 		| 02400910	| 00000006 
48080.0 	|   2	 | C2F_Req 	 | 00001001		 | WR 		| 01400910	| 0000000c 
48100.0 	|   2	 | RingReqIn | 00000100		 | WR 		| 02400910	| 00000006 
48120.0 	|   3	 | RingReqIn | 00001001		 | WR 		| 01400910	| 0000000c 
48140.0 	|   2	 | F2C_Req 	| --------		 | WR 		| 02400910	| 00000006 
48200.0 	|   1	 | RingReqIn | 00001001		 | WR 		| 01400910	| 0000000c 
48240.0 	|   1	 | F2C_Req 	| --------		 | WR 		| 01400910	| 0000000c 
49500.0 	|   1	 | C2F_Req 	 | 00000100		 | RD 		| 02400910	| -------- 
49520.0 	|   2	 | C2F_Req 	 | 00001001		 | RD 		| 01400910	| -------- 
49540.0 	|   2	 | RingReqIn | 00000100		 | RD 		| 02400910	| -------- 
49560.0 	|   3	 | RingReqIn | 00001001		 | RD 		| 01400910	| -------- 
49580.0 	|   2	 | F2C_Req 	| --------		 | RD 		| 02400910	| -------- 
49640.0 	|   1	 | RingReqIn | 00001001		 | RD 		| 01400910	| -------- 
49640.0 	|   2	 | F2C_Rsp 	| --------		 | RD_RSP 		| 02400910	| 00000006 
49680.0 	|   1	 | F2C_Req 	| --------		 | RD 		| 01400910	| -------- 
49680.0 	|   2	 | RingRspOut| 00000100		 | RD_RSP 		| 02400910	| 00000006 
49720.0 	|   3	 | RingRspOut| 00000100		 | RD_RSP 		| 02400910	| 00000006 
49740.0 	|   1	 | F2C_Rsp 	| --------		 | RD_RSP 		| 01400910	| 0000000c 
49760.0 	|   1	 | RingRspIn | 00000100		 | RD_RSP 		| 02400910	| 00000006 
49780.0 	|   1	 | RingRspOut| 00001001		 | RD_RSP 		| 01400910	| 0000000c 
49780.0 	|   2	 | RingRspIn | 00001001		 | RD_RSP 		| 01400910	| 0000000c 
49800.0 	|   1	 | C2F_Rsp 	| 00000100		 | RD_RSP 		| --------	| 00000006 
49820.0 	|   2	 | C2F_Rsp 	| 00001001		 | RD_RSP 		| --------	| 0000000c 
50300.0 	|   1	 | C2F_Req 	 | 00000100		 | RD 		| 02400914	| -------- 
50320.0 	|   2	 | C2F_Req 	 | 00001001		 | RD 		| 01400914	| -------- 
50340.0 	|   2	 | RingReqIn | 00000100		 | RD 		| 02400914	| -------- 
50360.0 	|   3	 | RingReqIn | 00001001		 | RD 		| 01400914	| -------- 
50380.0 	|   2	 | F2C_Req 	| --------		 | RD 		| 02400914	| -------- 
50440.0 	|   1	 | RingReqIn | 00001001		 | RD 		| 01400914	| -------- 
50440.0 	|   2	 | F2C_Rsp 	| --------		 | RD_RSP 		| 02400914	| 00000009 
50480.0 	|   1	 | F2C_Req 	| --------		 | RD 		| 01400914	| -------- 
50480.0 	|   2	 | RingRspOut| 00000100		 | RD_RSP 		| 02400914	| 00000009 
50520.0 	|   3	 | RingRspOut| 00000100		 | RD_RSP 		| 02400914	| 00000009 
50540.0 	|   1	 | F2C_Rsp 	| --------		 | RD_RSP 		| 01400914	| 00000012 
50560.0 	|   1	 | RingRspIn | 00000100		 | RD_RSP 		| 02400914	| 00000009 
50580.0 	|   1	 | RingRspOut| 00001001		 | RD_RSP 		| 01400914	| 00000012 
50580.0 	|   2	 | RingRspIn | 00001001		 | RD_RSP 		| 01400914	| 00000012 
50600.0 	|   1	 | C2F_Rsp 	| 00000100		 | RD_RSP 		| --------	| 00000009 
50620.0 	|   2	 | C2F_Rsp 	| 00001001		 | RD_RSP 		| --------	| 00000012 
51820.0 	|   1	 | C2F_Req 	 | 00000100		 | RD 		| 02400914	| -------- 
51840.0 	|   2	 | C2F_Req 	 | 00001001		 | RD 		| 01400914	| -------- 
51860.0 	|   2	 | RingReqIn | 00000100		 | RD 		| 02400914	| -------- 
51880.0 	|   3	 | RingReqIn | 00001001		 | RD 		| 01400914	| -------- 
51900.0 	|   2	 | F2C_Req 	| --------		 | RD 		| 02400914	| -------- 
51960.0 	|   1	 | RingReqIn | 00001001		 | RD 		| 01400914	| -------- 
51960.0 	|   2	 | F2C_Rsp 	| --------		 | RD_RSP 		| 02400914	| 00000009 
52000.0 	|   1	 | F2C_Req 	| --------		 | RD 		| 01400914	| -------- 
52000.0 	|   2	 | RingRspOut| 00000100		 | RD_RSP 		| 02400914	| 00000009 
52040.0 	|   3	 | RingRspOut| 00000100		 | RD_RSP 		| 02400914	| 00000009 
52060.0 	|   1	 | F2C_Rsp 	| --------		 | RD_RSP 		| 01400914	| 00000012 
52080.0 	|   1	 | RingRspIn | 00000100		 | RD_RSP 		| 02400914	| 00000009 
52100.0 	|   1	 | RingRspOut| 00001001		 | RD_RSP 		| 01400914	| 00000012 
52100.0 	|   2	 | RingRspIn | 00001001		 | RD_RSP 		| 01400914	| 00000012 
52120.0 	|   1	 | C2F_Rsp 	| 00000100		 | RD_RSP 		| --------	| 00000009 
52140.0 	|   2	 | C2F_Rsp 	| 00001001		 | RD_RSP 		| --------	| 00000012 
52620.0 	|   1	 | C2F_Req 	 | 00000100		 | RD 		| 02400918	| -------- 
52640.0 	|   2	 | C2F_Req 	 | 00001001		 | RD 		| 01400918	| -------- 
52660.0 	|   2	 | RingReqIn | 00000100		 | RD 		| 02400918	| -------- 
52680.0 	|   3	 | RingReqIn | 00001001		 | RD 		| 01400918	| -------- 
52700.0 	|   2	 | F2C_Req 	| --------		 | RD 		| 02400918	| -------- 
52760.0 	|   1	 | RingReqIn | 00001001		 | RD 		| 01400918	| -------- 
52760.0 	|   2	 | F2C_Rsp 	| --------		 | RD_RSP 		| 02400918	| 00000032 
52800.0 	|   1	 | F2C_Req 	| --------		 | RD 		| 01400918	| -------- 
52800.0 	|   2	 | RingRspOut| 00000100		 | RD_RSP 		| 02400918	| 00000032 
52840.0 	|   3	 | RingRspOut| 00000100		 | RD_RSP 		| 02400918	| 00000032 
52860.0 	|   1	 | F2C_Rsp 	| --------		 | RD_RSP 		| 01400918	| 00000064 
52880.0 	|   1	 | RingRspIn | 00000100		 | RD_RSP 		| 02400918	| 00000032 
52900.0 	|   1	 | RingRspOut| 00001001		 | RD_RSP 		| 01400918	| 00000064 
52900.0 	|   2	 | RingRspIn | 00001001		 | RD_RSP 		| 01400918	| 00000064 
52920.0 	|   1	 | C2F_Rsp 	| 00000100		 | RD_RSP 		| --------	| 00000032 
52940.0 	|   2	 | C2F_Rsp 	| 00001001		 | RD_RSP 		| --------	| 00000064 
54140.0 	|   1	 | C2F_Req 	 | 00000100		 | RD 		| 02400918	| -------- 
54160.0 	|   2	 | C2F_Req 	 | 00001001		 | RD 		| 01400918	| -------- 
54180.0 	|   2	 | RingReqIn | 00000100		 | RD 		| 02400918	| -------- 
54200.0 	|   3	 | RingReqIn | 00001001		 | RD 		| 01400918	| -------- 
54220.0 	|   2	 | F2C_Req 	| --------		 | RD 		| 02400918	| -------- 
54280.0 	|   1	 | RingReqIn | 00001001		 | RD 		| 01400918	| -------- 
54280.0 	|   2	 | F2C_Rsp 	| --------		 | RD_RSP 		| 02400918	| 00000032 
54320.0 	|   1	 | F2C_Req 	| --------		 | RD 		| 01400918	| -------- 
54320.0 	|   2	 | RingRspOut| 00000100		 | RD_RSP 		| 02400918	| 00000032 
54360.0 	|   3	 | RingRspOut| 00000100		 | RD_RSP 		| 02400918	| 00000032 
54380.0 	|   1	 | F2C_Rsp 	| --------		 | RD_RSP 		| 01400918	| 00000064 
54400.0 	|   1	 | RingRspIn | 00000100		 | RD_RSP 		| 02400918	| 00000032 
54420.0 	|   1	 | RingRspOut| 00001001		 | RD_RSP 		| 01400918	| 00000064 
54420.0 	|   2	 | RingRspIn | 00001001		 | RD_RSP 		| 01400918	| 00000064 
54440.0 	|   1	 | C2F_Rsp 	| 00000100		 | RD_RSP 		| --------	| 00000032 
54460.0 	|   2	 | C2F_Rsp 	| 00001001		 | RD_RSP 		| --------	| 00000064 
54940.0 	|   1	 | C2F_Req 	 | 00000100		 | RD 		| 0240091c	| -------- 
54960.0 	|   2	 | C2F_Req 	 | 00001001		 | RD 		| 0140091c	| -------- 
54980.0 	|   2	 | RingReqIn | 00000100		 | RD 		| 0240091c	| -------- 
55000.0 	|   3	 | RingReqIn | 00001001		 | RD 		| 0140091c	| -------- 
55020.0 	|   2	 | F2C_Req 	| --------		 | RD 		| 0240091c	| -------- 
55080.0 	|   1	 | RingReqIn | 00001001		 | RD 		| 0140091c	| -------- 
55080.0 	|   2	 | F2C_Rsp 	| --------		 | RD_RSP 		| 0240091c	| 00000002 
55120.0 	|   1	 | F2C_Req 	| --------		 | RD 		| 0140091c	| -------- 
55120.0 	|   2	 | RingRspOut| 00000100		 | RD_RSP 		| 0240091c	| 00000002 
55160.0 	|   3	 | RingRspOut| 00000100		 | RD_RSP 		| 0240091c	| 00000002 
55180.0 	|   1	 | F2C_Rsp 	| --------		 | RD_RSP 		| 0140091c	| 00000004 
55200.0 	|   1	 | RingRspIn | 00000100		 | RD_RSP 		| 0240091c	| 00000002 
55220.0 	|   1	 | RingRspOut| 00001001		 | RD_RSP 		| 0140091c	| 00000004 
55220.0 	|   2	 | RingRspIn | 00001001		 | RD_RSP 		| 0140091c	| 00000004 
55240.0 	|   1	 | C2F_Rsp 	| 00000100		 | RD_RSP 		| --------	| 00000002 
55260.0 	|   2	 | C2F_Rsp 	| 00001001		 | RD_RSP 		| --------	| 00000004 
56860.0 	|   1	 | C2F_Req 	 | 00000100		 | RD 		| 02400918	| -------- 
56880.0 	|   2	 | C2F_Req 	 | 00001001		 | RD 		| 01400918	| -------- 
56900.0 	|   2	 | RingReqIn | 00000100		 | RD 		| 02400918	| -------- 
56920.0 	|   3	 | RingReqIn | 00001001		 | RD 		| 01400918	| -------- 
56940.0 	|   2	 | F2C_Req 	| --------		 | RD 		| 02400918	| -------- 
57000.0 	|   1	 | RingReqIn | 00001001		 | RD 		| 01400918	| -------- 
57000.0 	|   2	 | F2C_Rsp 	| --------		 | RD_RSP 		| 02400918	| 00000032 
57040.0 	|   1	 | F2C_Req 	| --------		 | RD 		| 01400918	| -------- 
57040.0 	|   2	 | RingRspOut| 00000100		 | RD_RSP 		| 02400918	| 00000032 
57080.0 	|   3	 | RingRspOut| 00000100		 | RD_RSP 		| 02400918	| 00000032 
57100.0 	|   1	 | F2C_Rsp 	| --------		 | RD_RSP 		| 01400918	| 00000064 
57120.0 	|   1	 | RingRspIn | 00000100		 | RD_RSP 		| 02400918	| 00000032 
57140.0 	|   1	 | RingRspOut| 00001001		 | RD_RSP 		| 01400918	| 00000064 
57140.0 	|   2	 | RingRspIn | 00001001		 | RD_RSP 		| 01400918	| 00000064 
57160.0 	|   1	 | C2F_Rsp 	| 00000100		 | RD_RSP 		| --------	| 00000032 
57180.0 	|   2	 | C2F_Rsp 	| 00001001		 | RD_RSP 		| --------	| 00000064 
57420.0 	|   1	 | C2F_Req 	 | 00000100		 | RD 		| 0240091c	| -------- 
57440.0 	|   2	 | C2F_Req 	 | 00001001		 | RD 		| 0140091c	| -------- 
57460.0 	|   2	 | RingReqIn | 00000100		 | RD 		| 0240091c	| -------- 
57480.0 	|   3	 | RingReqIn | 00001001		 | RD 		| 0140091c	| -------- 
57500.0 	|   2	 | F2C_Req 	| --------		 | RD 		| 0240091c	| -------- 
57560.0 	|   1	 | RingReqIn | 00001001		 | RD 		| 0140091c	| -------- 
57560.0 	|   2	 | F2C_Rsp 	| --------		 | RD_RSP 		| 0240091c	| 00000002 
57600.0 	|   1	 | F2C_Req 	| --------		 | RD 		| 0140091c	| -------- 
57600.0 	|   2	 | RingRspOut| 00000100		 | RD_RSP 		| 0240091c	| 00000002 
57640.0 	|   3	 | RingRspOut| 00000100		 | RD_RSP 		| 0240091c	| 00000002 
57660.0 	|   1	 | F2C_Rsp 	| --------		 | RD_RSP 		| 0140091c	| 00000004 
57680.0 	|   1	 | RingRspIn | 00000100		 | RD_RSP 		| 0240091c	| 00000002 
57700.0 	|   1	 | RingRspOut| 00001001		 | RD_RSP 		| 0140091c	| 00000004 
57700.0 	|   2	 | RingRspIn | 00001001		 | RD_RSP 		| 0140091c	| 00000004 
57720.0 	|   1	 | C2F_Rsp 	| 00000100		 | RD_RSP 		| --------	| 00000002 
57740.0 	|   2	 | C2F_Rsp 	| 00001001		 | RD_RSP 		| --------	| 00000004 
57900.0 	|   1	 | C2F_Req 	 | 00000100		 | WR 		| 02400918	| 00000002 
57920.0 	|   2	 | C2F_Req 	 | 00001001		 | WR 		| 01400918	| 00000004 
57940.0 	|   2	 | RingReqIn | 00000100		 | WR 		| 02400918	| 00000002 
57960.0 	|   3	 | RingReqIn | 00001001		 | WR 		| 01400918	| 00000004 
57980.0 	|   2	 | F2C_Req 	| --------		 | WR 		| 02400918	| 00000002 
58040.0 	|   1	 | RingReqIn | 00001001		 | WR 		| 01400918	| 00000004 
58080.0 	|   1	 | F2C_Req 	| --------		 | WR 		| 01400918	| 00000004 
58140.0 	|   1	 | C2F_Req 	 | 00000100		 | WR 		| 0240091c	| 00000032 
58160.0 	|   2	 | C2F_Req 	 | 00001001		 | WR 		| 0140091c	| 00000064 
58180.0 	|   2	 | RingReqIn | 00000100		 | WR 		| 0240091c	| 00000032 
58200.0 	|   3	 | RingReqIn | 00001001		 | WR 		| 0140091c	| 00000064 
58220.0 	|   2	 | F2C_Req 	| --------		 | WR 		| 0240091c	| 00000032 
58280.0 	|   1	 | RingReqIn | 00001001		 | WR 		| 0140091c	| 00000064 
58320.0 	|   1	 | F2C_Req 	| --------		 | WR 		| 0140091c	| 00000064 
60780.0 	|   1	 | C2F_Req 	 | 00000100		 | RD 		| 02400900	| -------- 
60800.0 	|   2	 | C2F_Req 	 | 00001001		 | RD 		| 01400900	| -------- 
60820.0 	|   2	 | RingReqIn | 00000100		 | RD 		| 02400900	| -------- 
60840.0 	|   3	 | RingReqIn | 00001001		 | RD 		| 01400900	| -------- 
60860.0 	|   2	 | F2C_Req 	| --------		 | RD 		| 02400900	| -------- 
60920.0 	|   1	 | RingReqIn | 00001001		 | RD 		| 01400900	| -------- 
60920.0 	|   2	 | F2C_Rsp 	| --------		 | RD_RSP 		| 02400900	| 00000001 
60960.0 	|   1	 | F2C_Req 	| --------		 | RD 		| 01400900	| -------- 
60960.0 	|   2	 | RingRspOut| 00000100		 | RD_RSP 		| 02400900	| 00000001 
61000.0 	|   3	 | RingRspOut| 00000100		 | RD_RSP 		| 02400900	| 00000001 
61020.0 	|   1	 | F2C_Rsp 	| --------		 | RD_RSP 		| 01400900	| 00000002 
61040.0 	|   1	 | RingRspIn | 00000100		 | RD_RSP 		| 02400900	| 00000001 
61060.0 	|   1	 | RingRspOut| 00001001		 | RD_RSP 		| 01400900	| 00000002 
61060.0 	|   2	 | RingRspIn | 00001001		 | RD_RSP 		| 01400900	| 00000002 
61080.0 	|   1	 | C2F_Rsp 	| 00000100		 | RD_RSP 		| --------	| 00000001 
61100.0 	|   2	 | C2F_Rsp 	| 00001001		 | RD_RSP 		| --------	| 00000002 
61580.0 	|   1	 | C2F_Req 	 | 00000100		 | RD 		| 02400904	| -------- 
61600.0 	|   2	 | C2F_Req 	 | 00001001		 | RD 		| 01400904	| -------- 
61620.0 	|   2	 | RingReqIn | 00000100		 | RD 		| 02400904	| -------- 
61640.0 	|   3	 | RingReqIn | 00001001		 | RD 		| 01400904	| -------- 
61660.0 	|   2	 | F2C_Req 	| --------		 | RD 		| 02400904	| -------- 
61720.0 	|   1	 | RingReqIn | 00001001		 | RD 		| 01400904	| -------- 
61720.0 	|   2	 | F2C_Rsp 	| --------		 | RD_RSP 		| 02400904	| 00000000 
61760.0 	|   1	 | F2C_Req 	| --------		 | RD 		| 01400904	| -------- 
61760.0 	|   2	 | RingRspOut| 00000100		 | RD_RSP 		| 02400904	| 00000000 
61800.0 	|   3	 | RingRspOut| 00000100		 | RD_RSP 		| 02400904	| 00000000 
61820.0 	|   1	 | F2C_Rsp 	| --------		 | RD_RSP 		| 01400904	| 00000000 
61840.0 	|   1	 | RingRspIn | 00000100		 | RD_RSP 		| 02400904	| 00000000 
61860.0 	|   1	 | RingRspOut| 00001001		 | RD_RSP 		| 01400904	| 00000000 
61860.0 	|   2	 | RingRspIn | 00001001		 | RD_RSP 		| 01400904	| 00000000 
61880.0 	|   1	 | C2F_Rsp 	| 00000100		 | RD_RSP 		| --------	| 00000000 
61900.0 	|   2	 | C2F_Rsp 	| 00001001		 | RD_RSP 		| --------	| 00000000 
63500.0 	|   1	 | C2F_Req 	 | 00000100		 | RD 		| 02400900	| -------- 
63520.0 	|   2	 | C2F_Req 	 | 00001001		 | RD 		| 01400900	| -------- 
63540.0 	|   2	 | RingReqIn | 00000100		 | RD 		| 02400900	| -------- 
63560.0 	|   3	 | RingReqIn | 00001001		 | RD 		| 01400900	| -------- 
63580.0 	|   2	 | F2C_Req 	| --------		 | RD 		| 02400900	| -------- 
63640.0 	|   1	 | RingReqIn | 00001001		 | RD 		| 01400900	| -------- 
63640.0 	|   2	 | F2C_Rsp 	| --------		 | RD_RSP 		| 02400900	| 00000001 
63680.0 	|   1	 | F2C_Req 	| --------		 | RD 		| 01400900	| -------- 
63680.0 	|   2	 | RingRspOut| 00000100		 | RD_RSP 		| 02400900	| 00000001 
63720.0 	|   3	 | RingRspOut| 00000100		 | RD_RSP 		| 02400900	| 00000001 
63740.0 	|   1	 | F2C_Rsp 	| --------		 | RD_RSP 		| 01400900	| 00000002 
63760.0 	|   1	 | RingRspIn | 00000100		 | RD_RSP 		| 02400900	| 00000001 
63780.0 	|   1	 | RingRspOut| 00001001		 | RD_RSP 		| 01400900	| 00000002 
63780.0 	|   2	 | RingRspIn | 00001001		 | RD_RSP 		| 01400900	| 00000002 
63800.0 	|   1	 | C2F_Rsp 	| 00000100		 | RD_RSP 		| --------	| 00000001 
63820.0 	|   2	 | C2F_Rsp 	| 00001001		 | RD_RSP 		| --------	| 00000002 
64060.0 	|   1	 | C2F_Req 	 | 00000100		 | RD 		| 02400904	| -------- 
64080.0 	|   2	 | C2F_Req 	 | 00001001		 | RD 		| 01400904	| -------- 
64100.0 	|   2	 | RingReqIn | 00000100		 | RD 		| 02400904	| -------- 
64120.0 	|   3	 | RingReqIn | 00001001		 | RD 		| 01400904	| -------- 
64140.0 	|   2	 | F2C_Req 	| --------		 | RD 		| 02400904	| -------- 
64200.0 	|   1	 | RingReqIn | 00001001		 | RD 		| 01400904	| -------- 
64200.0 	|   2	 | F2C_Rsp 	| --------		 | RD_RSP 		| 02400904	| 00000000 
64240.0 	|   1	 | F2C_Req 	| --------		 | RD 		| 01400904	| -------- 
64240.0 	|   2	 | RingRspOut| 00000100		 | RD_RSP 		| 02400904	| 00000000 
64280.0 	|   3	 | RingRspOut| 00000100		 | RD_RSP 		| 02400904	| 00000000 
64300.0 	|   1	 | F2C_Rsp 	| --------		 | RD_RSP 		| 01400904	| 00000000 
64320.0 	|   1	 | RingRspIn | 00000100		 | RD_RSP 		| 02400904	| 00000000 
64340.0 	|   1	 | RingRspOut| 00001001		 | RD_RSP 		| 01400904	| 00000000 
64340.0 	|   2	 | RingRspIn | 00001001		 | RD_RSP 		| 01400904	| 00000000 
64360.0 	|   1	 | C2F_Rsp 	| 00000100		 | RD_RSP 		| --------	| 00000000 
64380.0 	|   2	 | C2F_Rsp 	| 00001001		 | RD_RSP 		| --------	| 00000000 
64540.0 	|   1	 | C2F_Req 	 | 00000100		 | WR 		| 02400900	| 00000000 
64560.0 	|   2	 | C2F_Req 	 | 00001001		 | WR 		| 01400900	| 00000000 
64580.0 	|   2	 | RingReqIn | 00000100		 | WR 		| 02400900	| 00000000 
64600.0 	|   3	 | RingReqIn | 00001001		 | WR 		| 01400900	| 00000000 
64620.0 	|   2	 | F2C_Req 	| --------		 | WR 		| 02400900	| 00000000 
64680.0 	|   1	 | RingReqIn | 00001001		 | WR 		| 01400900	| 00000000 
64720.0 	|   1	 | F2C_Req 	| --------		 | WR 		| 01400900	| 00000000 
64780.0 	|   1	 | C2F_Req 	 | 00000100		 | WR 		| 02400904	| 00000001 
64800.0 	|   2	 | C2F_Req 	 | 00001001		 | WR 		| 01400904	| 00000002 
64820.0 	|   2	 | RingReqIn | 00000100		 | WR 		| 02400904	| 00000001 
64840.0 	|   3	 | RingReqIn | 00001001		 | WR 		| 01400904	| 00000002 
64860.0 	|   2	 | F2C_Req 	| --------		 | WR 		| 02400904	| 00000001 
64920.0 	|   1	 | RingReqIn | 00001001		 | WR 		| 01400904	| 00000002 
64960.0 	|   1	 | F2C_Req 	| --------		 | WR 		| 01400904	| 00000002 
66220.0 	|   1	 | C2F_Req 	 | 00000100		 | RD 		| 02400904	| -------- 
66240.0 	|   2	 | C2F_Req 	 | 00001001		 | RD 		| 01400904	| -------- 
66260.0 	|   2	 | RingReqIn | 00000100		 | RD 		| 02400904	| -------- 
66280.0 	|   3	 | RingReqIn | 00001001		 | RD 		| 01400904	| -------- 
66300.0 	|   2	 | F2C_Req 	| --------		 | RD 		| 02400904	| -------- 
66360.0 	|   1	 | RingReqIn | 00001001		 | RD 		| 01400904	| -------- 
66360.0 	|   2	 | F2C_Rsp 	| --------		 | RD_RSP 		| 02400904	| 00000001 
66400.0 	|   1	 | F2C_Req 	| --------		 | RD 		| 01400904	| -------- 
66400.0 	|   2	 | RingRspOut| 00000100		 | RD_RSP 		| 02400904	| 00000001 
66440.0 	|   3	 | RingRspOut| 00000100		 | RD_RSP 		| 02400904	| 00000001 
66460.0 	|   1	 | F2C_Rsp 	| --------		 | RD_RSP 		| 01400904	| 00000002 
66480.0 	|   1	 | RingRspIn | 00000100		 | RD_RSP 		| 02400904	| 00000001 
66500.0 	|   1	 | RingRspOut| 00001001		 | RD_RSP 		| 01400904	| 00000002 
66500.0 	|   2	 | RingRspIn | 00001001		 | RD_RSP 		| 01400904	| 00000002 
66520.0 	|   1	 | C2F_Rsp 	| 00000100		 | RD_RSP 		| --------	| 00000001 
66540.0 	|   2	 | C2F_Rsp 	| 00001001		 | RD_RSP 		| --------	| 00000002 
67020.0 	|   1	 | C2F_Req 	 | 00000100		 | RD 		| 02400908	| -------- 
67040.0 	|   2	 | C2F_Req 	 | 00001001		 | RD 		| 01400908	| -------- 
67060.0 	|   2	 | RingReqIn | 00000100		 | RD 		| 02400908	| -------- 
67080.0 	|   3	 | RingReqIn | 00001001		 | RD 		| 01400908	| -------- 
67100.0 	|   2	 | F2C_Req 	| --------		 | RD 		| 02400908	| -------- 
67160.0 	|   1	 | RingReqIn | 00001001		 | RD 		| 01400908	| -------- 
67160.0 	|   2	 | F2C_Rsp 	| --------		 | RD_RSP 		| 02400908	| 00000003 
67200.0 	|   1	 | F2C_Req 	| --------		 | RD 		| 01400908	| -------- 
67200.0 	|   2	 | RingRspOut| 00000100		 | RD_RSP 		| 02400908	| 00000003 
67240.0 	|   3	 | RingRspOut| 00000100		 | RD_RSP 		| 02400908	| 00000003 
67260.0 	|   1	 | F2C_Rsp 	| --------		 | RD_RSP 		| 01400908	| 00000006 
67280.0 	|   1	 | RingRspIn | 00000100		 | RD_RSP 		| 02400908	| 00000003 
67300.0 	|   1	 | RingRspOut| 00001001		 | RD_RSP 		| 01400908	| 00000006 
67300.0 	|   2	 | RingRspIn | 00001001		 | RD_RSP 		| 01400908	| 00000006 
67320.0 	|   1	 | C2F_Rsp 	| 00000100		 | RD_RSP 		| --------	| 00000003 
67340.0 	|   2	 | C2F_Rsp 	| 00001001		 | RD_RSP 		| --------	| 00000006 
68540.0 	|   1	 | C2F_Req 	 | 00000100		 | RD 		| 02400908	| -------- 
68560.0 	|   2	 | C2F_Req 	 | 00001001		 | RD 		| 01400908	| -------- 
68580.0 	|   2	 | RingReqIn | 00000100		 | RD 		| 02400908	| -------- 
68600.0 	|   3	 | RingReqIn | 00001001		 | RD 		| 01400908	| -------- 
68620.0 	|   2	 | F2C_Req 	| --------		 | RD 		| 02400908	| -------- 
68680.0 	|   1	 | RingReqIn | 00001001		 | RD 		| 01400908	| -------- 
68680.0 	|   2	 | F2C_Rsp 	| --------		 | RD_RSP 		| 02400908	| 00000003 
68720.0 	|   1	 | F2C_Req 	| --------		 | RD 		| 01400908	| -------- 
68720.0 	|   2	 | RingRspOut| 00000100		 | RD_RSP 		| 02400908	| 00000003 
68760.0 	|   3	 | RingRspOut| 00000100		 | RD_RSP 		| 02400908	| 00000003 
68780.0 	|   1	 | F2C_Rsp 	| --------		 | RD_RSP 		| 01400908	| 00000006 
68800.0 	|   1	 | RingRspIn | 00000100		 | RD_RSP 		| 02400908	| 00000003 
68820.0 	|   1	 | RingRspOut| 00001001		 | RD_RSP 		| 01400908	| 00000006 
68820.0 	|   2	 | RingRspIn | 00001001		 | RD_RSP 		| 01400908	| 00000006 
68840.0 	|   1	 | C2F_Rsp 	| 00000100		 | RD_RSP 		| --------	| 00000003 
68860.0 	|   2	 | C2F_Rsp 	| 00001001		 | RD_RSP 		| --------	| 00000006 
69340.0 	|   1	 | C2F_Req 	 | 00000100		 | RD 		| 0240090c	| -------- 
69360.0 	|   2	 | C2F_Req 	 | 00001001		 | RD 		| 0140090c	| -------- 
69380.0 	|   2	 | RingReqIn | 00000100		 | RD 		| 0240090c	| -------- 
69400.0 	|   3	 | RingReqIn | 00001001		 | RD 		| 0140090c	| -------- 
69420.0 	|   2	 | F2C_Req 	| --------		 | RD 		| 0240090c	| -------- 
69480.0 	|   1	 | RingReqIn | 00001001		 | RD 		| 0140090c	| -------- 
69480.0 	|   2	 | F2C_Rsp 	| --------		 | RD_RSP 		| 0240090c	| 00000005 
69520.0 	|   1	 | F2C_Req 	| --------		 | RD 		| 0140090c	| -------- 
69520.0 	|   2	 | RingRspOut| 00000100		 | RD_RSP 		| 0240090c	| 00000005 
69560.0 	|   3	 | RingRspOut| 00000100		 | RD_RSP 		| 0240090c	| 00000005 
69580.0 	|   1	 | F2C_Rsp 	| --------		 | RD_RSP 		| 0140090c	| 0000000a 
69600.0 	|   1	 | RingRspIn | 00000100		 | RD_RSP 		| 0240090c	| 00000005 
69620.0 	|   1	 | RingRspOut| 00001001		 | RD_RSP 		| 0140090c	| 0000000a 
69620.0 	|   2	 | RingRspIn | 00001001		 | RD_RSP 		| 0140090c	| 0000000a 
69640.0 	|   1	 | C2F_Rsp 	| 00000100		 | RD_RSP 		| --------	| 00000005 
69660.0 	|   2	 | C2F_Rsp 	| 00001001		 | RD_RSP 		| --------	| 0000000a 
70860.0 	|   1	 | C2F_Req 	 | 00000100		 | RD 		| 0240090c	| -------- 
70880.0 	|   2	 | C2F_Req 	 | 00001001		 | RD 		| 0140090c	| -------- 
70900.0 	|   2	 | RingReqIn | 00000100		 | RD 		| 0240090c	| -------- 
70920.0 	|   3	 | RingReqIn | 00001001		 | RD 		| 0140090c	| -------- 
70940.0 	|   2	 | F2C_Req 	| --------		 | RD 		| 0240090c	| -------- 
71000.0 	|   1	 | RingReqIn | 00001001		 | RD 		| 0140090c	| -------- 
71000.0 	|   2	 | F2C_Rsp 	| --------		 | RD_RSP 		| 0240090c	| 00000005 
71040.0 	|   1	 | F2C_Req 	| --------		 | RD 		| 0140090c	| -------- 
71040.0 	|   2	 | RingRspOut| 00000100		 | RD_RSP 		| 0240090c	| 00000005 
71080.0 	|   3	 | RingRspOut| 00000100		 | RD_RSP 		| 0240090c	| 00000005 
71100.0 	|   1	 | F2C_Rsp 	| --------		 | RD_RSP 		| 0140090c	| 0000000a 
71120.0 	|   1	 | RingRspIn | 00000100		 | RD_RSP 		| 0240090c	| 00000005 
71140.0 	|   1	 | RingRspOut| 00001001		 | RD_RSP 		| 0140090c	| 0000000a 
71140.0 	|   2	 | RingRspIn | 00001001		 | RD_RSP 		| 0140090c	| 0000000a 
71160.0 	|   1	 | C2F_Rsp 	| 00000100		 | RD_RSP 		| --------	| 00000005 
71180.0 	|   2	 | C2F_Rsp 	| 00001001		 | RD_RSP 		| --------	| 0000000a 
71660.0 	|   1	 | C2F_Req 	 | 00000100		 | RD 		| 02400910	| -------- 
71680.0 	|   2	 | C2F_Req 	 | 00001001		 | RD 		| 01400910	| -------- 
71700.0 	|   2	 | RingReqIn | 00000100		 | RD 		| 02400910	| -------- 
71720.0 	|   3	 | RingReqIn | 00001001		 | RD 		| 01400910	| -------- 
71740.0 	|   2	 | F2C_Req 	| --------		 | RD 		| 02400910	| -------- 
71800.0 	|   1	 | RingReqIn | 00001001		 | RD 		| 01400910	| -------- 
71800.0 	|   2	 | F2C_Rsp 	| --------		 | RD_RSP 		| 02400910	| 00000006 
71840.0 	|   1	 | F2C_Req 	| --------		 | RD 		| 01400910	| -------- 
71840.0 	|   2	 | RingRspOut| 00000100		 | RD_RSP 		| 02400910	| 00000006 
71880.0 	|   3	 | RingRspOut| 00000100		 | RD_RSP 		| 02400910	| 00000006 
71900.0 	|   1	 | F2C_Rsp 	| --------		 | RD_RSP 		| 01400910	| 0000000c 
71920.0 	|   1	 | RingRspIn | 00000100		 | RD_RSP 		| 02400910	| 00000006 
71940.0 	|   1	 | RingRspOut| 00001001		 | RD_RSP 		| 01400910	| 0000000c 
71940.0 	|   2	 | RingRspIn | 00001001		 | RD_RSP 		| 01400910	| 0000000c 
71960.0 	|   1	 | C2F_Rsp 	| 00000100		 | RD_RSP 		| --------	| 00000006 
71980.0 	|   2	 | C2F_Rsp 	| 00001001		 | RD_RSP 		| --------	| 0000000c 
73180.0 	|   1	 | C2F_Req 	 | 00000100		 | RD 		| 02400910	| -------- 
73200.0 	|   2	 | C2F_Req 	 | 00001001		 | RD 		| 01400910	| -------- 
73220.0 	|   2	 | RingReqIn | 00000100		 | RD 		| 02400910	| -------- 
73240.0 	|   3	 | RingReqIn | 00001001		 | RD 		| 01400910	| -------- 
73260.0 	|   2	 | F2C_Req 	| --------		 | RD 		| 02400910	| -------- 
73320.0 	|   1	 | RingReqIn | 00001001		 | RD 		| 01400910	| -------- 
73320.0 	|   2	 | F2C_Rsp 	| --------		 | RD_RSP 		| 02400910	| 00000006 
73360.0 	|   1	 | F2C_Req 	| --------		 | RD 		| 01400910	| -------- 
73360.0 	|   2	 | RingRspOut| 00000100		 | RD_RSP 		| 02400910	| 00000006 
73400.0 	|   3	 | RingRspOut| 00000100		 | RD_RSP 		| 02400910	| 00000006 
73420.0 	|   1	 | F2C_Rsp 	| --------		 | RD_RSP 		| 01400910	| 0000000c 
73440.0 	|   1	 | RingRspIn | 00000100		 | RD_RSP 		| 02400910	| 00000006 
73460.0 	|   1	 | RingRspOut| 00001001		 | RD_RSP 		| 01400910	| 0000000c 
73460.0 	|   2	 | RingRspIn | 00001001		 | RD_RSP 		| 01400910	| 0000000c 
73480.0 	|   1	 | C2F_Rsp 	| 00000100		 | RD_RSP 		| --------	| 00000006 
73500.0 	|   2	 | C2F_Rsp 	| 00001001		 | RD_RSP 		| --------	| 0000000c 
73980.0 	|   1	 | C2F_Req 	 | 00000100		 | RD 		| 02400914	| -------- 
74000.0 	|   2	 | C2F_Req 	 | 00001001		 | RD 		| 01400914	| -------- 
74020.0 	|   2	 | RingReqIn | 00000100		 | RD 		| 02400914	| -------- 
74040.0 	|   3	 | RingReqIn | 00001001		 | RD 		| 01400914	| -------- 
74060.0 	|   2	 | F2C_Req 	| --------		 | RD 		| 02400914	| -------- 
74120.0 	|   1	 | RingReqIn | 00001001		 | RD 		| 01400914	| -------- 
74120.0 	|   2	 | F2C_Rsp 	| --------		 | RD_RSP 		| 02400914	| 00000009 
74160.0 	|   1	 | F2C_Req 	| --------		 | RD 		| 01400914	| -------- 
74160.0 	|   2	 | RingRspOut| 00000100		 | RD_RSP 		| 02400914	| 00000009 
74200.0 	|   3	 | RingRspOut| 00000100		 | RD_RSP 		| 02400914	| 00000009 
74220.0 	|   1	 | F2C_Rsp 	| --------		 | RD_RSP 		| 01400914	| 00000012 
74240.0 	|   1	 | RingRspIn | 00000100		 | RD_RSP 		| 02400914	| 00000009 
74260.0 	|   1	 | RingRspOut| 00001001		 | RD_RSP 		| 01400914	| 00000012 
74260.0 	|   2	 | RingRspIn | 00001001		 | RD_RSP 		| 01400914	| 00000012 
74280.0 	|   1	 | C2F_Rsp 	| 00000100		 | RD_RSP 		| --------	| 00000009 
74300.0 	|   2	 | C2F_Rsp 	| 00001001		 | RD_RSP 		| --------	| 00000012 
75500.0 	|   1	 | C2F_Req 	 | 00000100		 | RD 		| 02400914	| -------- 
75520.0 	|   2	 | C2F_Req 	 | 00001001		 | RD 		| 01400914	| -------- 
75540.0 	|   2	 | RingReqIn | 00000100		 | RD 		| 02400914	| -------- 
75560.0 	|   3	 | RingReqIn | 00001001		 | RD 		| 01400914	| -------- 
75580.0 	|   2	 | F2C_Req 	| --------		 | RD 		| 02400914	| -------- 
75640.0 	|   1	 | RingReqIn | 00001001		 | RD 		| 01400914	| -------- 
75640.0 	|   2	 | F2C_Rsp 	| --------		 | RD_RSP 		| 02400914	| 00000009 
75680.0 	|   1	 | F2C_Req 	| --------		 | RD 		| 01400914	| -------- 
75680.0 	|   2	 | RingRspOut| 00000100		 | RD_RSP 		| 02400914	| 00000009 
75720.0 	|   3	 | RingRspOut| 00000100		 | RD_RSP 		| 02400914	| 00000009 
75740.0 	|   1	 | F2C_Rsp 	| --------		 | RD_RSP 		| 01400914	| 00000012 
75760.0 	|   1	 | RingRspIn | 00000100		 | RD_RSP 		| 02400914	| 00000009 
75780.0 	|   1	 | RingRspOut| 00001001		 | RD_RSP 		| 01400914	| 00000012 
75780.0 	|   2	 | RingRspIn | 00001001		 | RD_RSP 		| 01400914	| 00000012 
75800.0 	|   1	 | C2F_Rsp 	| 00000100		 | RD_RSP 		| --------	| 00000009 
75820.0 	|   2	 | C2F_Rsp 	| 00001001		 | RD_RSP 		| --------	| 00000012 
76300.0 	|   1	 | C2F_Req 	 | 00000100		 | RD 		| 02400918	| -------- 
76320.0 	|   2	 | C2F_Req 	 | 00001001		 | RD 		| 01400918	| -------- 
76340.0 	|   2	 | RingReqIn | 00000100		 | RD 		| 02400918	| -------- 
76360.0 	|   3	 | RingReqIn | 00001001		 | RD 		| 01400918	| -------- 
76380.0 	|   2	 | F2C_Req 	| --------		 | RD 		| 02400918	| -------- 
76440.0 	|   1	 | RingReqIn | 00001001		 | RD 		| 01400918	| -------- 
76440.0 	|   2	 | F2C_Rsp 	| --------		 | RD_RSP 		| 02400918	| 00000002 
76480.0 	|   1	 | F2C_Req 	| --------		 | RD 		| 01400918	| -------- 
76480.0 	|   2	 | RingRspOut| 00000100		 | RD_RSP 		| 02400918	| 00000002 
76520.0 	|   3	 | RingRspOut| 00000100		 | RD_RSP 		| 02400918	| 00000002 
76540.0 	|   1	 | F2C_Rsp 	| --------		 | RD_RSP 		| 01400918	| 00000004 
76560.0 	|   1	 | RingRspIn | 00000100		 | RD_RSP 		| 02400918	| 00000002 
76580.0 	|   1	 | RingRspOut| 00001001		 | RD_RSP 		| 01400918	| 00000004 
76580.0 	|   2	 | RingRspIn | 00001001		 | RD_RSP 		| 01400918	| 00000004 
76600.0 	|   1	 | C2F_Rsp 	| 00000100		 | RD_RSP 		| --------	| 00000002 
76620.0 	|   2	 | C2F_Rsp 	| 00001001		 | RD_RSP 		| --------	| 00000004 
78220.0 	|   1	 | C2F_Req 	 | 00000100		 | RD 		| 02400914	| -------- 
78240.0 	|   2	 | C2F_Req 	 | 00001001		 | RD 		| 01400914	| -------- 
78260.0 	|   2	 | RingReqIn | 00000100		 | RD 		| 02400914	| -------- 
78280.0 	|   3	 | RingReqIn | 00001001		 | RD 		| 01400914	| -------- 
78300.0 	|   2	 | F2C_Req 	| --------		 | RD 		| 02400914	| -------- 
78360.0 	|   1	 | RingReqIn | 00001001		 | RD 		| 01400914	| -------- 
78360.0 	|   2	 | F2C_Rsp 	| --------		 | RD_RSP 		| 02400914	| 00000009 
78400.0 	|   1	 | F2C_Req 	| --------		 | RD 		| 01400914	| -------- 
78400.0 	|   2	 | RingRspOut| 00000100		 | RD_RSP 		| 02400914	| 00000009 
78440.0 	|   3	 | RingRspOut| 00000100		 | RD_RSP 		| 02400914	| 00000009 
78460.0 	|   1	 | F2C_Rsp 	| --------		 | RD_RSP 		| 01400914	| 00000012 
78480.0 	|   1	 | RingRspIn | 00000100		 | RD_RSP 		| 02400914	| 00000009 
78500.0 	|   1	 | RingRspOut| 00001001		 | RD_RSP 		| 01400914	| 00000012 
78500.0 	|   2	 | RingRspIn | 00001001		 | RD_RSP 		| 01400914	| 00000012 
78520.0 	|   1	 | C2F_Rsp 	| 00000100		 | RD_RSP 		| --------	| 00000009 
78540.0 	|   2	 | C2F_Rsp 	| 00001001		 | RD_RSP 		| --------	| 00000012 
78780.0 	|   1	 | C2F_Req 	 | 00000100		 | RD 		| 02400918	| -------- 
78800.0 	|   2	 | C2F_Req 	 | 00001001		 | RD 		| 01400918	| -------- 
78820.0 	|   2	 | RingReqIn | 00000100		 | RD 		| 02400918	| -------- 
78840.0 	|   3	 | RingReqIn | 00001001		 | RD 		| 01400918	| -------- 
78860.0 	|   2	 | F2C_Req 	| --------		 | RD 		| 02400918	| -------- 
78920.0 	|   1	 | RingReqIn | 00001001		 | RD 		| 01400918	| -------- 
78920.0 	|   2	 | F2C_Rsp 	| --------		 | RD_RSP 		| 02400918	| 00000002 
78960.0 	|   1	 | F2C_Req 	| --------		 | RD 		| 01400918	| -------- 
78960.0 	|   2	 | RingRspOut| 00000100		 | RD_RSP 		| 02400918	| 00000002 
79000.0 	|   3	 | RingRspOut| 00000100		 | RD_RSP 		| 02400918	| 00000002 
79020.0 	|   1	 | F2C_Rsp 	| --------		 | RD_RSP 		| 01400918	| 00000004 
79040.0 	|   1	 | RingRspIn | 00000100		 | RD_RSP 		| 02400918	| 00000002 
79060.0 	|   1	 | RingRspOut| 00001001		 | RD_RSP 		| 01400918	| 00000004 
79060.0 	|   2	 | RingRspIn | 00001001		 | RD_RSP 		| 01400918	| 00000004 
79080.0 	|   1	 | C2F_Rsp 	| 00000100		 | RD_RSP 		| --------	| 00000002 
79100.0 	|   2	 | C2F_Rsp 	| 00001001		 | RD_RSP 		| --------	| 00000004 
79260.0 	|   1	 | C2F_Req 	 | 00000100		 | WR 		| 02400914	| 00000002 
79280.0 	|   2	 | C2F_Req 	 | 00001001		 | WR 		| 01400914	| 00000004 
79300.0 	|   2	 | RingReqIn | 00000100		 | WR 		| 02400914	| 00000002 
79320.0 	|   3	 | RingReqIn | 00001001		 | WR 		| 01400914	| 00000004 
79340.0 	|   2	 | F2C_Req 	| --------		 | WR 		| 02400914	| 00000002 
79400.0 	|   1	 | RingReqIn | 00001001		 | WR 		| 01400914	| 00000004 
79440.0 	|   1	 | F2C_Req 	| --------		 | WR 		| 01400914	| 00000004 
79500.0 	|   1	 | C2F_Req 	 | 00000100		 | WR 		| 02400918	| 00000009 
79520.0 	|   2	 | C2F_Req 	 | 00001001		 | WR 		| 01400918	| 00000012 
79540.0 	|   2	 | RingReqIn | 00000100		 | WR 		| 02400918	| 00000009 
79560.0 	|   3	 | RingReqIn | 00001001		 | WR 		| 01400918	| 00000012 
79580.0 	|   2	 | F2C_Req 	| --------		 | WR 		| 02400918	| 00000009 
79640.0 	|   1	 | RingReqIn | 00001001		 | WR 		| 01400918	| 00000012 
79680.0 	|   1	 | F2C_Req 	| --------		 | WR 		| 01400918	| 00000012 
82140.0 	|   1	 | C2F_Req 	 | 00000100		 | RD 		| 02400900	| -------- 
82160.0 	|   2	 | C2F_Req 	 | 00001001		 | RD 		| 01400900	| -------- 
82180.0 	|   2	 | RingReqIn | 00000100		 | RD 		| 02400900	| -------- 
82200.0 	|   3	 | RingReqIn | 00001001		 | RD 		| 01400900	| -------- 
82220.0 	|   2	 | F2C_Req 	| --------		 | RD 		| 02400900	| -------- 
82280.0 	|   1	 | RingReqIn | 00001001		 | RD 		| 01400900	| -------- 
82280.0 	|   2	 | F2C_Rsp 	| --------		 | RD_RSP 		| 02400900	| 00000000 
82320.0 	|   1	 | F2C_Req 	| --------		 | RD 		| 01400900	| -------- 
82320.0 	|   2	 | RingRspOut| 00000100		 | RD_RSP 		| 02400900	| 00000000 
82360.0 	|   3	 | RingRspOut| 00000100		 | RD_RSP 		| 02400900	| 00000000 
82380.0 	|   1	 | F2C_Rsp 	| --------		 | RD_RSP 		| 01400900	| 00000000 
82400.0 	|   1	 | RingRspIn | 00000100		 | RD_RSP 		| 02400900	| 00000000 
82420.0 	|   1	 | RingRspOut| 00001001		 | RD_RSP 		| 01400900	| 00000000 
82420.0 	|   2	 | RingRspIn | 00001001		 | RD_RSP 		| 01400900	| 00000000 
82440.0 	|   1	 | C2F_Rsp 	| 00000100		 | RD_RSP 		| --------	| 00000000 
82460.0 	|   2	 | C2F_Rsp 	| 00001001		 | RD_RSP 		| --------	| 00000000 
82940.0 	|   1	 | C2F_Req 	 | 00000100		 | RD 		| 02400904	| -------- 
82960.0 	|   2	 | C2F_Req 	 | 00001001		 | RD 		| 01400904	| -------- 
82980.0 	|   2	 | RingReqIn | 00000100		 | RD 		| 02400904	| -------- 
83000.0 	|   3	 | RingReqIn | 00001001		 | RD 		| 01400904	| -------- 
83020.0 	|   2	 | F2C_Req 	| --------		 | RD 		| 02400904	| -------- 
83080.0 	|   1	 | RingReqIn | 00001001		 | RD 		| 01400904	| -------- 
83080.0 	|   2	 | F2C_Rsp 	| --------		 | RD_RSP 		| 02400904	| 00000001 
83120.0 	|   1	 | F2C_Req 	| --------		 | RD 		| 01400904	| -------- 
83120.0 	|   2	 | RingRspOut| 00000100		 | RD_RSP 		| 02400904	| 00000001 
83160.0 	|   3	 | RingRspOut| 00000100		 | RD_RSP 		| 02400904	| 00000001 
83180.0 	|   1	 | F2C_Rsp 	| --------		 | RD_RSP 		| 01400904	| 00000002 
83200.0 	|   1	 | RingRspIn | 00000100		 | RD_RSP 		| 02400904	| 00000001 
83220.0 	|   1	 | RingRspOut| 00001001		 | RD_RSP 		| 01400904	| 00000002 
83220.0 	|   2	 | RingRspIn | 00001001		 | RD_RSP 		| 01400904	| 00000002 
83240.0 	|   1	 | C2F_Rsp 	| 00000100		 | RD_RSP 		| --------	| 00000001 
83260.0 	|   2	 | C2F_Rsp 	| 00001001		 | RD_RSP 		| --------	| 00000002 
84460.0 	|   1	 | C2F_Req 	 | 00000100		 | RD 		| 02400904	| -------- 
84480.0 	|   2	 | C2F_Req 	 | 00001001		 | RD 		| 01400904	| -------- 
84500.0 	|   2	 | RingReqIn | 00000100		 | RD 		| 02400904	| -------- 
84520.0 	|   3	 | RingReqIn | 00001001		 | RD 		| 01400904	| -------- 
84540.0 	|   2	 | F2C_Req 	| --------		 | RD 		| 02400904	| -------- 
84600.0 	|   1	 | RingReqIn | 00001001		 | RD 		| 01400904	| -------- 
84600.0 	|   2	 | F2C_Rsp 	| --------		 | RD_RSP 		| 02400904	| 00000001 
84640.0 	|   1	 | F2C_Req 	| --------		 | RD 		| 01400904	| -------- 
84640.0 	|   2	 | RingRspOut| 00000100		 | RD_RSP 		| 02400904	| 00000001 
84680.0 	|   3	 | RingRspOut| 00000100		 | RD_RSP 		| 02400904	| 00000001 
84700.0 	|   1	 | F2C_Rsp 	| --------		 | RD_RSP 		| 01400904	| 00000002 
84720.0 	|   1	 | RingRspIn | 00000100		 | RD_RSP 		| 02400904	| 00000001 
84740.0 	|   1	 | RingRspOut| 00001001		 | RD_RSP 		| 01400904	| 00000002 
84740.0 	|   2	 | RingRspIn | 00001001		 | RD_RSP 		| 01400904	| 00000002 
84760.0 	|   1	 | C2F_Rsp 	| 00000100		 | RD_RSP 		| --------	| 00000001 
84780.0 	|   2	 | C2F_Rsp 	| 00001001		 | RD_RSP 		| --------	| 00000002 
85260.0 	|   1	 | C2F_Req 	 | 00000100		 | RD 		| 02400908	| -------- 
85280.0 	|   2	 | C2F_Req 	 | 00001001		 | RD 		| 01400908	| -------- 
85300.0 	|   2	 | RingReqIn | 00000100		 | RD 		| 02400908	| -------- 
85320.0 	|   3	 | RingReqIn | 00001001		 | RD 		| 01400908	| -------- 
85340.0 	|   2	 | F2C_Req 	| --------		 | RD 		| 02400908	| -------- 
85400.0 	|   1	 | RingReqIn | 00001001		 | RD 		| 01400908	| -------- 
85400.0 	|   2	 | F2C_Rsp 	| --------		 | RD_RSP 		| 02400908	| 00000003 
85440.0 	|   1	 | F2C_Req 	| --------		 | RD 		| 01400908	| -------- 
85440.0 	|   2	 | RingRspOut| 00000100		 | RD_RSP 		| 02400908	| 00000003 
85480.0 	|   3	 | RingRspOut| 00000100		 | RD_RSP 		| 02400908	| 00000003 
85500.0 	|   1	 | F2C_Rsp 	| --------		 | RD_RSP 		| 01400908	| 00000006 
85520.0 	|   1	 | RingRspIn | 00000100		 | RD_RSP 		| 02400908	| 00000003 
85540.0 	|   1	 | RingRspOut| 00001001		 | RD_RSP 		| 01400908	| 00000006 
85540.0 	|   2	 | RingRspIn | 00001001		 | RD_RSP 		| 01400908	| 00000006 
85560.0 	|   1	 | C2F_Rsp 	| 00000100		 | RD_RSP 		| --------	| 00000003 
85580.0 	|   2	 | C2F_Rsp 	| 00001001		 | RD_RSP 		| --------	| 00000006 
86780.0 	|   1	 | C2F_Req 	 | 00000100		 | RD 		| 02400908	| -------- 
86800.0 	|   2	 | C2F_Req 	 | 00001001		 | RD 		| 01400908	| -------- 
86820.0 	|   2	 | RingReqIn | 00000100		 | RD 		| 02400908	| -------- 
86840.0 	|   3	 | RingReqIn | 00001001		 | RD 		| 01400908	| -------- 
86860.0 	|   2	 | F2C_Req 	| --------		 | RD 		| 02400908	| -------- 
86920.0 	|   1	 | RingReqIn | 00001001		 | RD 		| 01400908	| -------- 
86920.0 	|   2	 | F2C_Rsp 	| --------		 | RD_RSP 		| 02400908	| 00000003 
86960.0 	|   1	 | F2C_Req 	| --------		 | RD 		| 01400908	| -------- 
86960.0 	|   2	 | RingRspOut| 00000100		 | RD_RSP 		| 02400908	| 00000003 
87000.0 	|   3	 | RingRspOut| 00000100		 | RD_RSP 		| 02400908	| 00000003 
87020.0 	|   1	 | F2C_Rsp 	| --------		 | RD_RSP 		| 01400908	| 00000006 
87040.0 	|   1	 | RingRspIn | 00000100		 | RD_RSP 		| 02400908	| 00000003 
87060.0 	|   1	 | RingRspOut| 00001001		 | RD_RSP 		| 01400908	| 00000006 
87060.0 	|   2	 | RingRspIn | 00001001		 | RD_RSP 		| 01400908	| 00000006 
87080.0 	|   1	 | C2F_Rsp 	| 00000100		 | RD_RSP 		| --------	| 00000003 
87100.0 	|   2	 | C2F_Rsp 	| 00001001		 | RD_RSP 		| --------	| 00000006 
87580.0 	|   1	 | C2F_Req 	 | 00000100		 | RD 		| 0240090c	| -------- 
87600.0 	|   2	 | C2F_Req 	 | 00001001		 | RD 		| 0140090c	| -------- 
87620.0 	|   2	 | RingReqIn | 00000100		 | RD 		| 0240090c	| -------- 
87640.0 	|   3	 | RingReqIn | 00001001		 | RD 		| 0140090c	| -------- 
87660.0 	|   2	 | F2C_Req 	| --------		 | RD 		| 0240090c	| -------- 
87720.0 	|   1	 | RingReqIn | 00001001		 | RD 		| 0140090c	| -------- 
87720.0 	|   2	 | F2C_Rsp 	| --------		 | RD_RSP 		| 0240090c	| 00000005 
87760.0 	|   1	 | F2C_Req 	| --------		 | RD 		| 0140090c	| -------- 
87760.0 	|   2	 | RingRspOut| 00000100		 | RD_RSP 		| 0240090c	| 00000005 
87800.0 	|   3	 | RingRspOut| 00000100		 | RD_RSP 		| 0240090c	| 00000005 
87820.0 	|   1	 | F2C_Rsp 	| --------		 | RD_RSP 		| 0140090c	| 0000000a 
87840.0 	|   1	 | RingRspIn | 00000100		 | RD_RSP 		| 0240090c	| 00000005 
87860.0 	|   1	 | RingRspOut| 00001001		 | RD_RSP 		| 0140090c	| 0000000a 
87860.0 	|   2	 | RingRspIn | 00001001		 | RD_RSP 		| 0140090c	| 0000000a 
87880.0 	|   1	 | C2F_Rsp 	| 00000100		 | RD_RSP 		| --------	| 00000005 
87900.0 	|   2	 | C2F_Rsp 	| 00001001		 | RD_RSP 		| --------	| 0000000a 
89100.0 	|   1	 | C2F_Req 	 | 00000100		 | RD 		| 0240090c	| -------- 
89120.0 	|   2	 | C2F_Req 	 | 00001001		 | RD 		| 0140090c	| -------- 
89140.0 	|   2	 | RingReqIn | 00000100		 | RD 		| 0240090c	| -------- 
89160.0 	|   3	 | RingReqIn | 00001001		 | RD 		| 0140090c	| -------- 
89180.0 	|   2	 | F2C_Req 	| --------		 | RD 		| 0240090c	| -------- 
89240.0 	|   1	 | RingReqIn | 00001001		 | RD 		| 0140090c	| -------- 
89240.0 	|   2	 | F2C_Rsp 	| --------		 | RD_RSP 		| 0240090c	| 00000005 
89280.0 	|   1	 | F2C_Req 	| --------		 | RD 		| 0140090c	| -------- 
89280.0 	|   2	 | RingRspOut| 00000100		 | RD_RSP 		| 0240090c	| 00000005 
89320.0 	|   3	 | RingRspOut| 00000100		 | RD_RSP 		| 0240090c	| 00000005 
89340.0 	|   1	 | F2C_Rsp 	| --------		 | RD_RSP 		| 0140090c	| 0000000a 
89360.0 	|   1	 | RingRspIn | 00000100		 | RD_RSP 		| 0240090c	| 00000005 
89380.0 	|   1	 | RingRspOut| 00001001		 | RD_RSP 		| 0140090c	| 0000000a 
89380.0 	|   2	 | RingRspIn | 00001001		 | RD_RSP 		| 0140090c	| 0000000a 
89400.0 	|   1	 | C2F_Rsp 	| 00000100		 | RD_RSP 		| --------	| 00000005 
89420.0 	|   2	 | C2F_Rsp 	| 00001001		 | RD_RSP 		| --------	| 0000000a 
89900.0 	|   1	 | C2F_Req 	 | 00000100		 | RD 		| 02400910	| -------- 
89920.0 	|   2	 | C2F_Req 	 | 00001001		 | RD 		| 01400910	| -------- 
89940.0 	|   2	 | RingReqIn | 00000100		 | RD 		| 02400910	| -------- 
89960.0 	|   3	 | RingReqIn | 00001001		 | RD 		| 01400910	| -------- 
89980.0 	|   2	 | F2C_Req 	| --------		 | RD 		| 02400910	| -------- 
90040.0 	|   1	 | RingReqIn | 00001001		 | RD 		| 01400910	| -------- 
90040.0 	|   2	 | F2C_Rsp 	| --------		 | RD_RSP 		| 02400910	| 00000006 
90080.0 	|   1	 | F2C_Req 	| --------		 | RD 		| 01400910	| -------- 
90080.0 	|   2	 | RingRspOut| 00000100		 | RD_RSP 		| 02400910	| 00000006 
90120.0 	|   3	 | RingRspOut| 00000100		 | RD_RSP 		| 02400910	| 00000006 
90140.0 	|   1	 | F2C_Rsp 	| --------		 | RD_RSP 		| 01400910	| 0000000c 
90160.0 	|   1	 | RingRspIn | 00000100		 | RD_RSP 		| 02400910	| 00000006 
90180.0 	|   1	 | RingRspOut| 00001001		 | RD_RSP 		| 01400910	| 0000000c 
90180.0 	|   2	 | RingRspIn | 00001001		 | RD_RSP 		| 01400910	| 0000000c 
90200.0 	|   1	 | C2F_Rsp 	| 00000100		 | RD_RSP 		| --------	| 00000006 
90220.0 	|   2	 | C2F_Rsp 	| 00001001		 | RD_RSP 		| --------	| 0000000c 
91420.0 	|   1	 | C2F_Req 	 | 00000100		 | RD 		| 02400910	| -------- 
91440.0 	|   2	 | C2F_Req 	 | 00001001		 | RD 		| 01400910	| -------- 
91460.0 	|   2	 | RingReqIn | 00000100		 | RD 		| 02400910	| -------- 
91480.0 	|   3	 | RingReqIn | 00001001		 | RD 		| 01400910	| -------- 
91500.0 	|   2	 | F2C_Req 	| --------		 | RD 		| 02400910	| -------- 
91560.0 	|   1	 | RingReqIn | 00001001		 | RD 		| 01400910	| -------- 
91560.0 	|   2	 | F2C_Rsp 	| --------		 | RD_RSP 		| 02400910	| 00000006 
91600.0 	|   1	 | F2C_Req 	| --------		 | RD 		| 01400910	| -------- 
91600.0 	|   2	 | RingRspOut| 00000100		 | RD_RSP 		| 02400910	| 00000006 
91640.0 	|   3	 | RingRspOut| 00000100		 | RD_RSP 		| 02400910	| 00000006 
91660.0 	|   1	 | F2C_Rsp 	| --------		 | RD_RSP 		| 01400910	| 0000000c 
91680.0 	|   1	 | RingRspIn | 00000100		 | RD_RSP 		| 02400910	| 00000006 
91700.0 	|   1	 | RingRspOut| 00001001		 | RD_RSP 		| 01400910	| 0000000c 
91700.0 	|   2	 | RingRspIn | 00001001		 | RD_RSP 		| 01400910	| 0000000c 
91720.0 	|   1	 | C2F_Rsp 	| 00000100		 | RD_RSP 		| --------	| 00000006 
91740.0 	|   2	 | C2F_Rsp 	| 00001001		 | RD_RSP 		| --------	| 0000000c 
92220.0 	|   1	 | C2F_Req 	 | 00000100		 | RD 		| 02400914	| -------- 
92240.0 	|   2	 | C2F_Req 	 | 00001001		 | RD 		| 01400914	| -------- 
92260.0 	|   2	 | RingReqIn | 00000100		 | RD 		| 02400914	| -------- 
92280.0 	|   3	 | RingReqIn | 00001001		 | RD 		| 01400914	| -------- 
92300.0 	|   2	 | F2C_Req 	| --------		 | RD 		| 02400914	| -------- 
92360.0 	|   1	 | RingReqIn | 00001001		 | RD 		| 01400914	| -------- 
92360.0 	|   2	 | F2C_Rsp 	| --------		 | RD_RSP 		| 02400914	| 00000002 
92400.0 	|   1	 | F2C_Req 	| --------		 | RD 		| 01400914	| -------- 
92400.0 	|   2	 | RingRspOut| 00000100		 | RD_RSP 		| 02400914	| 00000002 
92440.0 	|   3	 | RingRspOut| 00000100		 | RD_RSP 		| 02400914	| 00000002 
92460.0 	|   1	 | F2C_Rsp 	| --------		 | RD_RSP 		| 01400914	| 00000004 
92480.0 	|   1	 | RingRspIn | 00000100		 | RD_RSP 		| 02400914	| 00000002 
92500.0 	|   1	 | RingRspOut| 00001001		 | RD_RSP 		| 01400914	| 00000004 
92500.0 	|   2	 | RingRspIn | 00001001		 | RD_RSP 		| 01400914	| 00000004 
92520.0 	|   1	 | C2F_Rsp 	| 00000100		 | RD_RSP 		| --------	| 00000002 
92540.0 	|   2	 | C2F_Rsp 	| 00001001		 | RD_RSP 		| --------	| 00000004 
94140.0 	|   1	 | C2F_Req 	 | 00000100		 | RD 		| 02400910	| -------- 
94160.0 	|   2	 | C2F_Req 	 | 00001001		 | RD 		| 01400910	| -------- 
94180.0 	|   2	 | RingReqIn | 00000100		 | RD 		| 02400910	| -------- 
94200.0 	|   3	 | RingReqIn | 00001001		 | RD 		| 01400910	| -------- 
94220.0 	|   2	 | F2C_Req 	| --------		 | RD 		| 02400910	| -------- 
94280.0 	|   1	 | RingReqIn | 00001001		 | RD 		| 01400910	| -------- 
94280.0 	|   2	 | F2C_Rsp 	| --------		 | RD_RSP 		| 02400910	| 00000006 
94320.0 	|   1	 | F2C_Req 	| --------		 | RD 		| 01400910	| -------- 
94320.0 	|   2	 | RingRspOut| 00000100		 | RD_RSP 		| 02400910	| 00000006 
94360.0 	|   3	 | RingRspOut| 00000100		 | RD_RSP 		| 02400910	| 00000006 
94380.0 	|   1	 | F2C_Rsp 	| --------		 | RD_RSP 		| 01400910	| 0000000c 
94400.0 	|   1	 | RingRspIn | 00000100		 | RD_RSP 		| 02400910	| 00000006 
94420.0 	|   1	 | RingRspOut| 00001001		 | RD_RSP 		| 01400910	| 0000000c 
94420.0 	|   2	 | RingRspIn | 00001001		 | RD_RSP 		| 01400910	| 0000000c 
94440.0 	|   1	 | C2F_Rsp 	| 00000100		 | RD_RSP 		| --------	| 00000006 
94460.0 	|   2	 | C2F_Rsp 	| 00001001		 | RD_RSP 		| --------	| 0000000c 
94700.0 	|   1	 | C2F_Req 	 | 00000100		 | RD 		| 02400914	| -------- 
94720.0 	|   2	 | C2F_Req 	 | 00001001		 | RD 		| 01400914	| -------- 
94740.0 	|   2	 | RingReqIn | 00000100		 | RD 		| 02400914	| -------- 
94760.0 	|   3	 | RingReqIn | 00001001		 | RD 		| 01400914	| -------- 
94780.0 	|   2	 | F2C_Req 	| --------		 | RD 		| 02400914	| -------- 
94840.0 	|   1	 | RingReqIn | 00001001		 | RD 		| 01400914	| -------- 
94840.0 	|   2	 | F2C_Rsp 	| --------		 | RD_RSP 		| 02400914	| 00000002 
94880.0 	|   1	 | F2C_Req 	| --------		 | RD 		| 01400914	| -------- 
94880.0 	|   2	 | RingRspOut| 00000100		 | RD_RSP 		| 02400914	| 00000002 
94920.0 	|   3	 | RingRspOut| 00000100		 | RD_RSP 		| 02400914	| 00000002 
94940.0 	|   1	 | F2C_Rsp 	| --------		 | RD_RSP 		| 01400914	| 00000004 
94960.0 	|   1	 | RingRspIn | 00000100		 | RD_RSP 		| 02400914	| 00000002 
94980.0 	|   1	 | RingRspOut| 00001001		 | RD_RSP 		| 01400914	| 00000004 
94980.0 	|   2	 | RingRspIn | 00001001		 | RD_RSP 		| 01400914	| 00000004 
95000.0 	|   1	 | C2F_Rsp 	| 00000100		 | RD_RSP 		| --------	| 00000002 
95020.0 	|   2	 | C2F_Rsp 	| 00001001		 | RD_RSP 		| --------	| 00000004 
95180.0 	|   1	 | C2F_Req 	 | 00000100		 | WR 		| 02400910	| 00000002 
95200.0 	|   2	 | C2F_Req 	 | 00001001		 | WR 		| 01400910	| 00000004 
95220.0 	|   2	 | RingReqIn | 00000100		 | WR 		| 02400910	| 00000002 
95240.0 	|   3	 | RingReqIn | 00001001		 | WR 		| 01400910	| 00000004 
95260.0 	|   2	 | F2C_Req 	| --------		 | WR 		| 02400910	| 00000002 
95320.0 	|   1	 | RingReqIn | 00001001		 | WR 		| 01400910	| 00000004 
95360.0 	|   1	 | F2C_Req 	| --------		 | WR 		| 01400910	| 00000004 
95420.0 	|   1	 | C2F_Req 	 | 00000100		 | WR 		| 02400914	| 00000006 
95440.0 	|   2	 | C2F_Req 	 | 00001001		 | WR 		| 01400914	| 0000000c 
95460.0 	|   2	 | RingReqIn | 00000100		 | WR 		| 02400914	| 00000006 
95480.0 	|   3	 | RingReqIn | 00001001		 | WR 		| 01400914	| 0000000c 
95500.0 	|   2	 | F2C_Req 	| --------		 | WR 		| 02400914	| 00000006 
95560.0 	|   1	 | RingReqIn | 00001001		 | WR 		| 01400914	| 0000000c 
95600.0 	|   1	 | F2C_Req 	| --------		 | WR 		| 01400914	| 0000000c 
98060.0 	|   1	 | C2F_Req 	 | 00000100		 | RD 		| 02400900	| -------- 
98080.0 	|   2	 | C2F_Req 	 | 00001001		 | RD 		| 01400900	| -------- 
98100.0 	|   2	 | RingReqIn | 00000100		 | RD 		| 02400900	| -------- 
98120.0 	|   3	 | RingReqIn | 00001001		 | RD 		| 01400900	| -------- 
98140.0 	|   2	 | F2C_Req 	| --------		 | RD 		| 02400900	| -------- 
98200.0 	|   1	 | RingReqIn | 00001001		 | RD 		| 01400900	| -------- 
98200.0 	|   2	 | F2C_Rsp 	| --------		 | RD_RSP 		| 02400900	| 00000000 
98240.0 	|   1	 | F2C_Req 	| --------		 | RD 		| 01400900	| -------- 
98240.0 	|   2	 | RingRspOut| 00000100		 | RD_RSP 		| 02400900	| 00000000 
98280.0 	|   3	 | RingRspOut| 00000100		 | RD_RSP 		| 02400900	| 00000000 
98300.0 	|   1	 | F2C_Rsp 	| --------		 | RD_RSP 		| 01400900	| 00000000 
98320.0 	|   1	 | RingRspIn | 00000100		 | RD_RSP 		| 02400900	| 00000000 
98340.0 	|   1	 | RingRspOut| 00001001		 | RD_RSP 		| 01400900	| 00000000 
98340.0 	|   2	 | RingRspIn | 00001001		 | RD_RSP 		| 01400900	| 00000000 
98360.0 	|   1	 | C2F_Rsp 	| 00000100		 | RD_RSP 		| --------	| 00000000 
98380.0 	|   2	 | C2F_Rsp 	| 00001001		 | RD_RSP 		| --------	| 00000000 
98860.0 	|   1	 | C2F_Req 	 | 00000100		 | RD 		| 02400904	| -------- 
98880.0 	|   2	 | C2F_Req 	 | 00001001		 | RD 		| 01400904	| -------- 
98900.0 	|   2	 | RingReqIn | 00000100		 | RD 		| 02400904	| -------- 
98920.0 	|   3	 | RingReqIn | 00001001		 | RD 		| 01400904	| -------- 
98940.0 	|   2	 | F2C_Req 	| --------		 | RD 		| 02400904	| -------- 
99000.0 	|   1	 | RingReqIn | 00001001		 | RD 		| 01400904	| -------- 
99000.0 	|   2	 | F2C_Rsp 	| --------		 | RD_RSP 		| 02400904	| 00000001 
99040.0 	|   1	 | F2C_Req 	| --------		 | RD 		| 01400904	| -------- 
99040.0 	|   2	 | RingRspOut| 00000100		 | RD_RSP 		| 02400904	| 00000001 
99080.0 	|   3	 | RingRspOut| 00000100		 | RD_RSP 		| 02400904	| 00000001 
99100.0 	|   1	 | F2C_Rsp 	| --------		 | RD_RSP 		| 01400904	| 00000002 
99120.0 	|   1	 | RingRspIn | 00000100		 | RD_RSP 		| 02400904	| 00000001 
99140.0 	|   1	 | RingRspOut| 00001001		 | RD_RSP 		| 01400904	| 00000002 
99140.0 	|   2	 | RingRspIn | 00001001		 | RD_RSP 		| 01400904	| 00000002 
99160.0 	|   1	 | C2F_Rsp 	| 00000100		 | RD_RSP 		| --------	| 00000001 
99180.0 	|   2	 | C2F_Rsp 	| 00001001		 | RD_RSP 		| --------	| 00000002 
100380.0 	|   1	 | C2F_Req 	 | 00000100		 | RD 		| 02400904	| -------- 
100400.0 	|   2	 | C2F_Req 	 | 00001001		 | RD 		| 01400904	| -------- 
100420.0 	|   2	 | RingReqIn | 00000100		 | RD 		| 02400904	| -------- 
100440.0 	|   3	 | RingReqIn | 00001001		 | RD 		| 01400904	| -------- 
100460.0 	|   2	 | F2C_Req 	| --------		 | RD 		| 02400904	| -------- 
100520.0 	|   1	 | RingReqIn | 00001001		 | RD 		| 01400904	| -------- 
100520.0 	|   2	 | F2C_Rsp 	| --------		 | RD_RSP 		| 02400904	| 00000001 
100560.0 	|   1	 | F2C_Req 	| --------		 | RD 		| 01400904	| -------- 
100560.0 	|   2	 | RingRspOut| 00000100		 | RD_RSP 		| 02400904	| 00000001 
100600.0 	|   3	 | RingRspOut| 00000100		 | RD_RSP 		| 02400904	| 00000001 
100620.0 	|   1	 | F2C_Rsp 	| --------		 | RD_RSP 		| 01400904	| 00000002 
100640.0 	|   1	 | RingRspIn | 00000100		 | RD_RSP 		| 02400904	| 00000001 
100660.0 	|   1	 | RingRspOut| 00001001		 | RD_RSP 		| 01400904	| 00000002 
100660.0 	|   2	 | RingRspIn | 00001001		 | RD_RSP 		| 01400904	| 00000002 
100680.0 	|   1	 | C2F_Rsp 	| 00000100		 | RD_RSP 		| --------	| 00000001 
100700.0 	|   2	 | C2F_Rsp 	| 00001001		 | RD_RSP 		| --------	| 00000002 
101180.0 	|   1	 | C2F_Req 	 | 00000100		 | RD 		| 02400908	| -------- 
101200.0 	|   2	 | C2F_Req 	 | 00001001		 | RD 		| 01400908	| -------- 
101220.0 	|   2	 | RingReqIn | 00000100		 | RD 		| 02400908	| -------- 
101240.0 	|   3	 | RingReqIn | 00001001		 | RD 		| 01400908	| -------- 
101260.0 	|   2	 | F2C_Req 	| --------		 | RD 		| 02400908	| -------- 
101320.0 	|   1	 | RingReqIn | 00001001		 | RD 		| 01400908	| -------- 
101320.0 	|   2	 | F2C_Rsp 	| --------		 | RD_RSP 		| 02400908	| 00000003 
101360.0 	|   1	 | F2C_Req 	| --------		 | RD 		| 01400908	| -------- 
101360.0 	|   2	 | RingRspOut| 00000100		 | RD_RSP 		| 02400908	| 00000003 
101400.0 	|   3	 | RingRspOut| 00000100		 | RD_RSP 		| 02400908	| 00000003 
101420.0 	|   1	 | F2C_Rsp 	| --------		 | RD_RSP 		| 01400908	| 00000006 
101440.0 	|   1	 | RingRspIn | 00000100		 | RD_RSP 		| 02400908	| 00000003 
101460.0 	|   1	 | RingRspOut| 00001001		 | RD_RSP 		| 01400908	| 00000006 
101460.0 	|   2	 | RingRspIn | 00001001		 | RD_RSP 		| 01400908	| 00000006 
101480.0 	|   1	 | C2F_Rsp 	| 00000100		 | RD_RSP 		| --------	| 00000003 
101500.0 	|   2	 | C2F_Rsp 	| 00001001		 | RD_RSP 		| --------	| 00000006 
102700.0 	|   1	 | C2F_Req 	 | 00000100		 | RD 		| 02400908	| -------- 
102720.0 	|   2	 | C2F_Req 	 | 00001001		 | RD 		| 01400908	| -------- 
102740.0 	|   2	 | RingReqIn | 00000100		 | RD 		| 02400908	| -------- 
102760.0 	|   3	 | RingReqIn | 00001001		 | RD 		| 01400908	| -------- 
102780.0 	|   2	 | F2C_Req 	| --------		 | RD 		| 02400908	| -------- 
102840.0 	|   1	 | RingReqIn | 00001001		 | RD 		| 01400908	| -------- 
102840.0 	|   2	 | F2C_Rsp 	| --------		 | RD_RSP 		| 02400908	| 00000003 
102880.0 	|   1	 | F2C_Req 	| --------		 | RD 		| 01400908	| -------- 
102880.0 	|   2	 | RingRspOut| 00000100		 | RD_RSP 		| 02400908	| 00000003 
102920.0 	|   3	 | RingRspOut| 00000100		 | RD_RSP 		| 02400908	| 00000003 
102940.0 	|   1	 | F2C_Rsp 	| --------		 | RD_RSP 		| 01400908	| 00000006 
102960.0 	|   1	 | RingRspIn | 00000100		 | RD_RSP 		| 02400908	| 00000003 
102980.0 	|   1	 | RingRspOut| 00001001		 | RD_RSP 		| 01400908	| 00000006 
102980.0 	|   2	 | RingRspIn | 00001001		 | RD_RSP 		| 01400908	| 00000006 
103000.0 	|   1	 | C2F_Rsp 	| 00000100		 | RD_RSP 		| --------	| 00000003 
103020.0 	|   2	 | C2F_Rsp 	| 00001001		 | RD_RSP 		| --------	| 00000006 
103500.0 	|   1	 | C2F_Req 	 | 00000100		 | RD 		| 0240090c	| -------- 
103520.0 	|   2	 | C2F_Req 	 | 00001001		 | RD 		| 0140090c	| -------- 
103540.0 	|   2	 | RingReqIn | 00000100		 | RD 		| 0240090c	| -------- 
103560.0 	|   3	 | RingReqIn | 00001001		 | RD 		| 0140090c	| -------- 
103580.0 	|   2	 | F2C_Req 	| --------		 | RD 		| 0240090c	| -------- 
103640.0 	|   1	 | RingReqIn | 00001001		 | RD 		| 0140090c	| -------- 
103640.0 	|   2	 | F2C_Rsp 	| --------		 | RD_RSP 		| 0240090c	| 00000005 
103680.0 	|   1	 | F2C_Req 	| --------		 | RD 		| 0140090c	| -------- 
103680.0 	|   2	 | RingRspOut| 00000100		 | RD_RSP 		| 0240090c	| 00000005 
103720.0 	|   3	 | RingRspOut| 00000100		 | RD_RSP 		| 0240090c	| 00000005 
103740.0 	|   1	 | F2C_Rsp 	| --------		 | RD_RSP 		| 0140090c	| 0000000a 
103760.0 	|   1	 | RingRspIn | 00000100		 | RD_RSP 		| 0240090c	| 00000005 
103780.0 	|   1	 | RingRspOut| 00001001		 | RD_RSP 		| 0140090c	| 0000000a 
103780.0 	|   2	 | RingRspIn | 00001001		 | RD_RSP 		| 0140090c	| 0000000a 
103800.0 	|   1	 | C2F_Rsp 	| 00000100		 | RD_RSP 		| --------	| 00000005 
103820.0 	|   2	 | C2F_Rsp 	| 00001001		 | RD_RSP 		| --------	| 0000000a 
105020.0 	|   1	 | C2F_Req 	 | 00000100		 | RD 		| 0240090c	| -------- 
105040.0 	|   2	 | C2F_Req 	 | 00001001		 | RD 		| 0140090c	| -------- 
105060.0 	|   2	 | RingReqIn | 00000100		 | RD 		| 0240090c	| -------- 
105080.0 	|   3	 | RingReqIn | 00001001		 | RD 		| 0140090c	| -------- 
105100.0 	|   2	 | F2C_Req 	| --------		 | RD 		| 0240090c	| -------- 
105160.0 	|   1	 | RingReqIn | 00001001		 | RD 		| 0140090c	| -------- 
105160.0 	|   2	 | F2C_Rsp 	| --------		 | RD_RSP 		| 0240090c	| 00000005 
105200.0 	|   1	 | F2C_Req 	| --------		 | RD 		| 0140090c	| -------- 
105200.0 	|   2	 | RingRspOut| 00000100		 | RD_RSP 		| 0240090c	| 00000005 
105240.0 	|   3	 | RingRspOut| 00000100		 | RD_RSP 		| 0240090c	| 00000005 
105260.0 	|   1	 | F2C_Rsp 	| --------		 | RD_RSP 		| 0140090c	| 0000000a 
105280.0 	|   1	 | RingRspIn | 00000100		 | RD_RSP 		| 0240090c	| 00000005 
105300.0 	|   1	 | RingRspOut| 00001001		 | RD_RSP 		| 0140090c	| 0000000a 
105300.0 	|   2	 | RingRspIn | 00001001		 | RD_RSP 		| 0140090c	| 0000000a 
105320.0 	|   1	 | C2F_Rsp 	| 00000100		 | RD_RSP 		| --------	| 00000005 
105340.0 	|   2	 | C2F_Rsp 	| 00001001		 | RD_RSP 		| --------	| 0000000a 
105820.0 	|   1	 | C2F_Req 	 | 00000100		 | RD 		| 02400910	| -------- 
105840.0 	|   2	 | C2F_Req 	 | 00001001		 | RD 		| 01400910	| -------- 
105860.0 	|   2	 | RingReqIn | 00000100		 | RD 		| 02400910	| -------- 
105880.0 	|   3	 | RingReqIn | 00001001		 | RD 		| 01400910	| -------- 
105900.0 	|   2	 | F2C_Req 	| --------		 | RD 		| 02400910	| -------- 
105960.0 	|   1	 | RingReqIn | 00001001		 | RD 		| 01400910	| -------- 
105960.0 	|   2	 | F2C_Rsp 	| --------		 | RD_RSP 		| 02400910	| 00000002 
106000.0 	|   1	 | F2C_Req 	| --------		 | RD 		| 01400910	| -------- 
106000.0 	|   2	 | RingRspOut| 00000100		 | RD_RSP 		| 02400910	| 00000002 
106040.0 	|   3	 | RingRspOut| 00000100		 | RD_RSP 		| 02400910	| 00000002 
106060.0 	|   1	 | F2C_Rsp 	| --------		 | RD_RSP 		| 01400910	| 00000004 
106080.0 	|   1	 | RingRspIn | 00000100		 | RD_RSP 		| 02400910	| 00000002 
106100.0 	|   1	 | RingRspOut| 00001001		 | RD_RSP 		| 01400910	| 00000004 
106100.0 	|   2	 | RingRspIn | 00001001		 | RD_RSP 		| 01400910	| 00000004 
106120.0 	|   1	 | C2F_Rsp 	| 00000100		 | RD_RSP 		| --------	| 00000002 
106140.0 	|   2	 | C2F_Rsp 	| 00001001		 | RD_RSP 		| --------	| 00000004 
107740.0 	|   1	 | C2F_Req 	 | 00000100		 | RD 		| 0240090c	| -------- 
107760.0 	|   2	 | C2F_Req 	 | 00001001		 | RD 		| 0140090c	| -------- 
107780.0 	|   2	 | RingReqIn | 00000100		 | RD 		| 0240090c	| -------- 
107800.0 	|   3	 | RingReqIn | 00001001		 | RD 		| 0140090c	| -------- 
107820.0 	|   2	 | F2C_Req 	| --------		 | RD 		| 0240090c	| -------- 
107880.0 	|   1	 | RingReqIn | 00001001		 | RD 		| 0140090c	| -------- 
107880.0 	|   2	 | F2C_Rsp 	| --------		 | RD_RSP 		| 0240090c	| 00000005 
107920.0 	|   1	 | F2C_Req 	| --------		 | RD 		| 0140090c	| -------- 
107920.0 	|   2	 | RingRspOut| 00000100		 | RD_RSP 		| 0240090c	| 00000005 
107960.0 	|   3	 | RingRspOut| 00000100		 | RD_RSP 		| 0240090c	| 00000005 
107980.0 	|   1	 | F2C_Rsp 	| --------		 | RD_RSP 		| 0140090c	| 0000000a 
108000.0 	|   1	 | RingRspIn | 00000100		 | RD_RSP 		| 0240090c	| 00000005 
108020.0 	|   1	 | RingRspOut| 00001001		 | RD_RSP 		| 0140090c	| 0000000a 
108020.0 	|   2	 | RingRspIn | 00001001		 | RD_RSP 		| 0140090c	| 0000000a 
108040.0 	|   1	 | C2F_Rsp 	| 00000100		 | RD_RSP 		| --------	| 00000005 
108060.0 	|   2	 | C2F_Rsp 	| 00001001		 | RD_RSP 		| --------	| 0000000a 
108300.0 	|   1	 | C2F_Req 	 | 00000100		 | RD 		| 02400910	| -------- 
108320.0 	|   2	 | C2F_Req 	 | 00001001		 | RD 		| 01400910	| -------- 
108340.0 	|   2	 | RingReqIn | 00000100		 | RD 		| 02400910	| -------- 
108360.0 	|   3	 | RingReqIn | 00001001		 | RD 		| 01400910	| -------- 
108380.0 	|   2	 | F2C_Req 	| --------		 | RD 		| 02400910	| -------- 
108440.0 	|   1	 | RingReqIn | 00001001		 | RD 		| 01400910	| -------- 
108440.0 	|   2	 | F2C_Rsp 	| --------		 | RD_RSP 		| 02400910	| 00000002 
108480.0 	|   1	 | F2C_Req 	| --------		 | RD 		| 01400910	| -------- 
108480.0 	|   2	 | RingRspOut| 00000100		 | RD_RSP 		| 02400910	| 00000002 
108520.0 	|   3	 | RingRspOut| 00000100		 | RD_RSP 		| 02400910	| 00000002 
108540.0 	|   1	 | F2C_Rsp 	| --------		 | RD_RSP 		| 01400910	| 00000004 
108560.0 	|   1	 | RingRspIn | 00000100		 | RD_RSP 		| 02400910	| 00000002 
108580.0 	|   1	 | RingRspOut| 00001001		 | RD_RSP 		| 01400910	| 00000004 
108580.0 	|   2	 | RingRspIn | 00001001		 | RD_RSP 		| 01400910	| 00000004 
108600.0 	|   1	 | C2F_Rsp 	| 00000100		 | RD_RSP 		| --------	| 00000002 
108620.0 	|   2	 | C2F_Rsp 	| 00001001		 | RD_RSP 		| --------	| 00000004 
108780.0 	|   1	 | C2F_Req 	 | 00000100		 | WR 		| 0240090c	| 00000002 
108800.0 	|   2	 | C2F_Req 	 | 00001001		 | WR 		| 0140090c	| 00000004 
108820.0 	|   2	 | RingReqIn | 00000100		 | WR 		| 0240090c	| 00000002 
108840.0 	|   3	 | RingReqIn | 00001001		 | WR 		| 0140090c	| 00000004 
108860.0 	|   2	 | F2C_Req 	| --------		 | WR 		| 0240090c	| 00000002 
108920.0 	|   1	 | RingReqIn | 00001001		 | WR 		| 0140090c	| 00000004 
108960.0 	|   1	 | F2C_Req 	| --------		 | WR 		| 0140090c	| 00000004 
109020.0 	|   1	 | C2F_Req 	 | 00000100		 | WR 		| 02400910	| 00000005 
109040.0 	|   2	 | C2F_Req 	 | 00001001		 | WR 		| 01400910	| 0000000a 
109060.0 	|   2	 | RingReqIn | 00000100		 | WR 		| 02400910	| 00000005 
109080.0 	|   3	 | RingReqIn | 00001001		 | WR 		| 01400910	| 0000000a 
109100.0 	|   2	 | F2C_Req 	| --------		 | WR 		| 02400910	| 00000005 
109160.0 	|   1	 | RingReqIn | 00001001		 | WR 		| 01400910	| 0000000a 
109200.0 	|   1	 | F2C_Req 	| --------		 | WR 		| 01400910	| 0000000a 
111660.0 	|   1	 | C2F_Req 	 | 00000100		 | RD 		| 02400900	| -------- 
111680.0 	|   2	 | C2F_Req 	 | 00001001		 | RD 		| 01400900	| -------- 
111700.0 	|   2	 | RingReqIn | 00000100		 | RD 		| 02400900	| -------- 
111720.0 	|   3	 | RingReqIn | 00001001		 | RD 		| 01400900	| -------- 
111740.0 	|   2	 | F2C_Req 	| --------		 | RD 		| 02400900	| -------- 
111800.0 	|   1	 | RingReqIn | 00001001		 | RD 		| 01400900	| -------- 
111800.0 	|   2	 | F2C_Rsp 	| --------		 | RD_RSP 		| 02400900	| 00000000 
111840.0 	|   1	 | F2C_Req 	| --------		 | RD 		| 01400900	| -------- 
111840.0 	|   2	 | RingRspOut| 00000100		 | RD_RSP 		| 02400900	| 00000000 
111880.0 	|   3	 | RingRspOut| 00000100		 | RD_RSP 		| 02400900	| 00000000 
111900.0 	|   1	 | F2C_Rsp 	| --------		 | RD_RSP 		| 01400900	| 00000000 
111920.0 	|   1	 | RingRspIn | 00000100		 | RD_RSP 		| 02400900	| 00000000 
111940.0 	|   1	 | RingRspOut| 00001001		 | RD_RSP 		| 01400900	| 00000000 
111940.0 	|   2	 | RingRspIn | 00001001		 | RD_RSP 		| 01400900	| 00000000 
111960.0 	|   1	 | C2F_Rsp 	| 00000100		 | RD_RSP 		| --------	| 00000000 
111980.0 	|   2	 | C2F_Rsp 	| 00001001		 | RD_RSP 		| --------	| 00000000 
112460.0 	|   1	 | C2F_Req 	 | 00000100		 | RD 		| 02400904	| -------- 
112480.0 	|   2	 | C2F_Req 	 | 00001001		 | RD 		| 01400904	| -------- 
112500.0 	|   2	 | RingReqIn | 00000100		 | RD 		| 02400904	| -------- 
112520.0 	|   3	 | RingReqIn | 00001001		 | RD 		| 01400904	| -------- 
112540.0 	|   2	 | F2C_Req 	| --------		 | RD 		| 02400904	| -------- 
112600.0 	|   1	 | RingReqIn | 00001001		 | RD 		| 01400904	| -------- 
112600.0 	|   2	 | F2C_Rsp 	| --------		 | RD_RSP 		| 02400904	| 00000001 
112640.0 	|   1	 | F2C_Req 	| --------		 | RD 		| 01400904	| -------- 
112640.0 	|   2	 | RingRspOut| 00000100		 | RD_RSP 		| 02400904	| 00000001 
112680.0 	|   3	 | RingRspOut| 00000100		 | RD_RSP 		| 02400904	| 00000001 
112700.0 	|   1	 | F2C_Rsp 	| --------		 | RD_RSP 		| 01400904	| 00000002 
112720.0 	|   1	 | RingRspIn | 00000100		 | RD_RSP 		| 02400904	| 00000001 
112740.0 	|   1	 | RingRspOut| 00001001		 | RD_RSP 		| 01400904	| 00000002 
112740.0 	|   2	 | RingRspIn | 00001001		 | RD_RSP 		| 01400904	| 00000002 
112760.0 	|   1	 | C2F_Rsp 	| 00000100		 | RD_RSP 		| --------	| 00000001 
112780.0 	|   2	 | C2F_Rsp 	| 00001001		 | RD_RSP 		| --------	| 00000002 
113980.0 	|   1	 | C2F_Req 	 | 00000100		 | RD 		| 02400904	| -------- 
114000.0 	|   2	 | C2F_Req 	 | 00001001		 | RD 		| 01400904	| -------- 
114020.0 	|   2	 | RingReqIn | 00000100		 | RD 		| 02400904	| -------- 
114040.0 	|   3	 | RingReqIn | 00001001		 | RD 		| 01400904	| -------- 
114060.0 	|   2	 | F2C_Req 	| --------		 | RD 		| 02400904	| -------- 
114120.0 	|   1	 | RingReqIn | 00001001		 | RD 		| 01400904	| -------- 
114120.0 	|   2	 | F2C_Rsp 	| --------		 | RD_RSP 		| 02400904	| 00000001 
114160.0 	|   1	 | F2C_Req 	| --------		 | RD 		| 01400904	| -------- 
114160.0 	|   2	 | RingRspOut| 00000100		 | RD_RSP 		| 02400904	| 00000001 
114200.0 	|   3	 | RingRspOut| 00000100		 | RD_RSP 		| 02400904	| 00000001 
114220.0 	|   1	 | F2C_Rsp 	| --------		 | RD_RSP 		| 01400904	| 00000002 
114240.0 	|   1	 | RingRspIn | 00000100		 | RD_RSP 		| 02400904	| 00000001 
114260.0 	|   1	 | RingRspOut| 00001001		 | RD_RSP 		| 01400904	| 00000002 
114260.0 	|   2	 | RingRspIn | 00001001		 | RD_RSP 		| 01400904	| 00000002 
114280.0 	|   1	 | C2F_Rsp 	| 00000100		 | RD_RSP 		| --------	| 00000001 
114300.0 	|   2	 | C2F_Rsp 	| 00001001		 | RD_RSP 		| --------	| 00000002 
114780.0 	|   1	 | C2F_Req 	 | 00000100		 | RD 		| 02400908	| -------- 
114800.0 	|   2	 | C2F_Req 	 | 00001001		 | RD 		| 01400908	| -------- 
114820.0 	|   2	 | RingReqIn | 00000100		 | RD 		| 02400908	| -------- 
114840.0 	|   3	 | RingReqIn | 00001001		 | RD 		| 01400908	| -------- 
114860.0 	|   2	 | F2C_Req 	| --------		 | RD 		| 02400908	| -------- 
114920.0 	|   1	 | RingReqIn | 00001001		 | RD 		| 01400908	| -------- 
114920.0 	|   2	 | F2C_Rsp 	| --------		 | RD_RSP 		| 02400908	| 00000003 
114960.0 	|   1	 | F2C_Req 	| --------		 | RD 		| 01400908	| -------- 
114960.0 	|   2	 | RingRspOut| 00000100		 | RD_RSP 		| 02400908	| 00000003 
115000.0 	|   3	 | RingRspOut| 00000100		 | RD_RSP 		| 02400908	| 00000003 
115020.0 	|   1	 | F2C_Rsp 	| --------		 | RD_RSP 		| 01400908	| 00000006 
115040.0 	|   1	 | RingRspIn | 00000100		 | RD_RSP 		| 02400908	| 00000003 
115060.0 	|   1	 | RingRspOut| 00001001		 | RD_RSP 		| 01400908	| 00000006 
115060.0 	|   2	 | RingRspIn | 00001001		 | RD_RSP 		| 01400908	| 00000006 
115080.0 	|   1	 | C2F_Rsp 	| 00000100		 | RD_RSP 		| --------	| 00000003 
115100.0 	|   2	 | C2F_Rsp 	| 00001001		 | RD_RSP 		| --------	| 00000006 
116300.0 	|   1	 | C2F_Req 	 | 00000100		 | RD 		| 02400908	| -------- 
116320.0 	|   2	 | C2F_Req 	 | 00001001		 | RD 		| 01400908	| -------- 
116340.0 	|   2	 | RingReqIn | 00000100		 | RD 		| 02400908	| -------- 
116360.0 	|   3	 | RingReqIn | 00001001		 | RD 		| 01400908	| -------- 
116380.0 	|   2	 | F2C_Req 	| --------		 | RD 		| 02400908	| -------- 
116440.0 	|   1	 | RingReqIn | 00001001		 | RD 		| 01400908	| -------- 
116440.0 	|   2	 | F2C_Rsp 	| --------		 | RD_RSP 		| 02400908	| 00000003 
116480.0 	|   1	 | F2C_Req 	| --------		 | RD 		| 01400908	| -------- 
116480.0 	|   2	 | RingRspOut| 00000100		 | RD_RSP 		| 02400908	| 00000003 
116520.0 	|   3	 | RingRspOut| 00000100		 | RD_RSP 		| 02400908	| 00000003 
116540.0 	|   1	 | F2C_Rsp 	| --------		 | RD_RSP 		| 01400908	| 00000006 
116560.0 	|   1	 | RingRspIn | 00000100		 | RD_RSP 		| 02400908	| 00000003 
116580.0 	|   1	 | RingRspOut| 00001001		 | RD_RSP 		| 01400908	| 00000006 
116580.0 	|   2	 | RingRspIn | 00001001		 | RD_RSP 		| 01400908	| 00000006 
116600.0 	|   1	 | C2F_Rsp 	| 00000100		 | RD_RSP 		| --------	| 00000003 
116620.0 	|   2	 | C2F_Rsp 	| 00001001		 | RD_RSP 		| --------	| 00000006 
117100.0 	|   1	 | C2F_Req 	 | 00000100		 | RD 		| 0240090c	| -------- 
117120.0 	|   2	 | C2F_Req 	 | 00001001		 | RD 		| 0140090c	| -------- 
117140.0 	|   2	 | RingReqIn | 00000100		 | RD 		| 0240090c	| -------- 
117160.0 	|   3	 | RingReqIn | 00001001		 | RD 		| 0140090c	| -------- 
117180.0 	|   2	 | F2C_Req 	| --------		 | RD 		| 0240090c	| -------- 
117240.0 	|   1	 | RingReqIn | 00001001		 | RD 		| 0140090c	| -------- 
117240.0 	|   2	 | F2C_Rsp 	| --------		 | RD_RSP 		| 0240090c	| 00000002 
117280.0 	|   1	 | F2C_Req 	| --------		 | RD 		| 0140090c	| -------- 
117280.0 	|   2	 | RingRspOut| 00000100		 | RD_RSP 		| 0240090c	| 00000002 
117320.0 	|   3	 | RingRspOut| 00000100		 | RD_RSP 		| 0240090c	| 00000002 
117340.0 	|   1	 | F2C_Rsp 	| --------		 | RD_RSP 		| 0140090c	| 00000004 
117360.0 	|   1	 | RingRspIn | 00000100		 | RD_RSP 		| 0240090c	| 00000002 
117380.0 	|   1	 | RingRspOut| 00001001		 | RD_RSP 		| 0140090c	| 00000004 
117380.0 	|   2	 | RingRspIn | 00001001		 | RD_RSP 		| 0140090c	| 00000004 
117400.0 	|   1	 | C2F_Rsp 	| 00000100		 | RD_RSP 		| --------	| 00000002 
117420.0 	|   2	 | C2F_Rsp 	| 00001001		 | RD_RSP 		| --------	| 00000004 
119020.0 	|   1	 | C2F_Req 	 | 00000100		 | RD 		| 02400908	| -------- 
119040.0 	|   2	 | C2F_Req 	 | 00001001		 | RD 		| 01400908	| -------- 
119060.0 	|   2	 | RingReqIn | 00000100		 | RD 		| 02400908	| -------- 
119080.0 	|   3	 | RingReqIn | 00001001		 | RD 		| 01400908	| -------- 
119100.0 	|   2	 | F2C_Req 	| --------		 | RD 		| 02400908	| -------- 
119160.0 	|   1	 | RingReqIn | 00001001		 | RD 		| 01400908	| -------- 
119160.0 	|   2	 | F2C_Rsp 	| --------		 | RD_RSP 		| 02400908	| 00000003 
119200.0 	|   1	 | F2C_Req 	| --------		 | RD 		| 01400908	| -------- 
119200.0 	|   2	 | RingRspOut| 00000100		 | RD_RSP 		| 02400908	| 00000003 
119240.0 	|   3	 | RingRspOut| 00000100		 | RD_RSP 		| 02400908	| 00000003 
119260.0 	|   1	 | F2C_Rsp 	| --------		 | RD_RSP 		| 01400908	| 00000006 
119280.0 	|   1	 | RingRspIn | 00000100		 | RD_RSP 		| 02400908	| 00000003 
119300.0 	|   1	 | RingRspOut| 00001001		 | RD_RSP 		| 01400908	| 00000006 
119300.0 	|   2	 | RingRspIn | 00001001		 | RD_RSP 		| 01400908	| 00000006 
119320.0 	|   1	 | C2F_Rsp 	| 00000100		 | RD_RSP 		| --------	| 00000003 
119340.0 	|   2	 | C2F_Rsp 	| 00001001		 | RD_RSP 		| --------	| 00000006 
119580.0 	|   1	 | C2F_Req 	 | 00000100		 | RD 		| 0240090c	| -------- 
119600.0 	|   2	 | C2F_Req 	 | 00001001		 | RD 		| 0140090c	| -------- 
119620.0 	|   2	 | RingReqIn | 00000100		 | RD 		| 0240090c	| -------- 
119640.0 	|   3	 | RingReqIn | 00001001		 | RD 		| 0140090c	| -------- 
119660.0 	|   2	 | F2C_Req 	| --------		 | RD 		| 0240090c	| -------- 
119720.0 	|   1	 | RingReqIn | 00001001		 | RD 		| 0140090c	| -------- 
119720.0 	|   2	 | F2C_Rsp 	| --------		 | RD_RSP 		| 0240090c	| 00000002 
119760.0 	|   1	 | F2C_Req 	| --------		 | RD 		| 0140090c	| -------- 
119760.0 	|   2	 | RingRspOut| 00000100		 | RD_RSP 		| 0240090c	| 00000002 
119800.0 	|   3	 | RingRspOut| 00000100		 | RD_RSP 		| 0240090c	| 00000002 
119820.0 	|   1	 | F2C_Rsp 	| --------		 | RD_RSP 		| 0140090c	| 00000004 
119840.0 	|   1	 | RingRspIn | 00000100		 | RD_RSP 		| 0240090c	| 00000002 
119860.0 	|   1	 | RingRspOut| 00001001		 | RD_RSP 		| 0140090c	| 00000004 
119860.0 	|   2	 | RingRspIn | 00001001		 | RD_RSP 		| 0140090c	| 00000004 
119880.0 	|   1	 | C2F_Rsp 	| 00000100		 | RD_RSP 		| --------	| 00000002 
119900.0 	|   2	 | C2F_Rsp 	| 00001001		 | RD_RSP 		| --------	| 00000004 
120060.0 	|   1	 | C2F_Req 	 | 00000100		 | WR 		| 02400908	| 00000002 
120080.0 	|   2	 | C2F_Req 	 | 00001001		 | WR 		| 01400908	| 00000004 
120100.0 	|   2	 | RingReqIn | 00000100		 | WR 		| 02400908	| 00000002 
120120.0 	|   3	 | RingReqIn | 00001001		 | WR 		| 01400908	| 00000004 
120140.0 	|   2	 | F2C_Req 	| --------		 | WR 		| 02400908	| 00000002 
120200.0 	|   1	 | RingReqIn | 00001001		 | WR 		| 01400908	| 00000004 
120240.0 	|   1	 | F2C_Req 	| --------		 | WR 		| 01400908	| 00000004 
120300.0 	|   1	 | C2F_Req 	 | 00000100		 | WR 		| 0240090c	| 00000003 
120320.0 	|   2	 | C2F_Req 	 | 00001001		 | WR 		| 0140090c	| 00000006 
120340.0 	|   2	 | RingReqIn | 00000100		 | WR 		| 0240090c	| 00000003 
120360.0 	|   3	 | RingReqIn | 00001001		 | WR 		| 0140090c	| 00000006 
120380.0 	|   2	 | F2C_Req 	| --------		 | WR 		| 0240090c	| 00000003 
120440.0 	|   1	 | RingReqIn | 00001001		 | WR 		| 0140090c	| 00000006 
120480.0 	|   1	 | F2C_Req 	| --------		 | WR 		| 0140090c	| 00000006 
122940.0 	|   1	 | C2F_Req 	 | 00000100		 | RD 		| 02400900	| -------- 
122960.0 	|   2	 | C2F_Req 	 | 00001001		 | RD 		| 01400900	| -------- 
122980.0 	|   2	 | RingReqIn | 00000100		 | RD 		| 02400900	| -------- 
123000.0 	|   3	 | RingReqIn | 00001001		 | RD 		| 01400900	| -------- 
123020.0 	|   2	 | F2C_Req 	| --------		 | RD 		| 02400900	| -------- 
123080.0 	|   1	 | RingReqIn | 00001001		 | RD 		| 01400900	| -------- 
123080.0 	|   2	 | F2C_Rsp 	| --------		 | RD_RSP 		| 02400900	| 00000000 
123120.0 	|   1	 | F2C_Req 	| --------		 | RD 		| 01400900	| -------- 
123120.0 	|   2	 | RingRspOut| 00000100		 | RD_RSP 		| 02400900	| 00000000 
123160.0 	|   3	 | RingRspOut| 00000100		 | RD_RSP 		| 02400900	| 00000000 
123180.0 	|   1	 | F2C_Rsp 	| --------		 | RD_RSP 		| 01400900	| 00000000 
123200.0 	|   1	 | RingRspIn | 00000100		 | RD_RSP 		| 02400900	| 00000000 
123220.0 	|   1	 | RingRspOut| 00001001		 | RD_RSP 		| 01400900	| 00000000 
123220.0 	|   2	 | RingRspIn | 00001001		 | RD_RSP 		| 01400900	| 00000000 
123240.0 	|   1	 | C2F_Rsp 	| 00000100		 | RD_RSP 		| --------	| 00000000 
123260.0 	|   2	 | C2F_Rsp 	| 00001001		 | RD_RSP 		| --------	| 00000000 
123740.0 	|   1	 | C2F_Req 	 | 00000100		 | RD 		| 02400904	| -------- 
123760.0 	|   2	 | C2F_Req 	 | 00001001		 | RD 		| 01400904	| -------- 
123780.0 	|   2	 | RingReqIn | 00000100		 | RD 		| 02400904	| -------- 
123800.0 	|   3	 | RingReqIn | 00001001		 | RD 		| 01400904	| -------- 
123820.0 	|   2	 | F2C_Req 	| --------		 | RD 		| 02400904	| -------- 
123880.0 	|   1	 | RingReqIn | 00001001		 | RD 		| 01400904	| -------- 
123880.0 	|   2	 | F2C_Rsp 	| --------		 | RD_RSP 		| 02400904	| 00000001 
123920.0 	|   1	 | F2C_Req 	| --------		 | RD 		| 01400904	| -------- 
123920.0 	|   2	 | RingRspOut| 00000100		 | RD_RSP 		| 02400904	| 00000001 
123960.0 	|   3	 | RingRspOut| 00000100		 | RD_RSP 		| 02400904	| 00000001 
123980.0 	|   1	 | F2C_Rsp 	| --------		 | RD_RSP 		| 01400904	| 00000002 
124000.0 	|   1	 | RingRspIn | 00000100		 | RD_RSP 		| 02400904	| 00000001 
124020.0 	|   1	 | RingRspOut| 00001001		 | RD_RSP 		| 01400904	| 00000002 
124020.0 	|   2	 | RingRspIn | 00001001		 | RD_RSP 		| 01400904	| 00000002 
124040.0 	|   1	 | C2F_Rsp 	| 00000100		 | RD_RSP 		| --------	| 00000001 
124060.0 	|   2	 | C2F_Rsp 	| 00001001		 | RD_RSP 		| --------	| 00000002 
125260.0 	|   1	 | C2F_Req 	 | 00000100		 | RD 		| 02400904	| -------- 
125280.0 	|   2	 | C2F_Req 	 | 00001001		 | RD 		| 01400904	| -------- 
125300.0 	|   2	 | RingReqIn | 00000100		 | RD 		| 02400904	| -------- 
125320.0 	|   3	 | RingReqIn | 00001001		 | RD 		| 01400904	| -------- 
125340.0 	|   2	 | F2C_Req 	| --------		 | RD 		| 02400904	| -------- 
125400.0 	|   1	 | RingReqIn | 00001001		 | RD 		| 01400904	| -------- 
125400.0 	|   2	 | F2C_Rsp 	| --------		 | RD_RSP 		| 02400904	| 00000001 
125440.0 	|   1	 | F2C_Req 	| --------		 | RD 		| 01400904	| -------- 
125440.0 	|   2	 | RingRspOut| 00000100		 | RD_RSP 		| 02400904	| 00000001 
125480.0 	|   3	 | RingRspOut| 00000100		 | RD_RSP 		| 02400904	| 00000001 
125500.0 	|   1	 | F2C_Rsp 	| --------		 | RD_RSP 		| 01400904	| 00000002 
125520.0 	|   1	 | RingRspIn | 00000100		 | RD_RSP 		| 02400904	| 00000001 
125540.0 	|   1	 | RingRspOut| 00001001		 | RD_RSP 		| 01400904	| 00000002 
125540.0 	|   2	 | RingRspIn | 00001001		 | RD_RSP 		| 01400904	| 00000002 
125560.0 	|   1	 | C2F_Rsp 	| 00000100		 | RD_RSP 		| --------	| 00000001 
125580.0 	|   2	 | C2F_Rsp 	| 00001001		 | RD_RSP 		| --------	| 00000002 
126060.0 	|   1	 | C2F_Req 	 | 00000100		 | RD 		| 02400908	| -------- 
126080.0 	|   2	 | C2F_Req 	 | 00001001		 | RD 		| 01400908	| -------- 
126100.0 	|   2	 | RingReqIn | 00000100		 | RD 		| 02400908	| -------- 
126120.0 	|   3	 | RingReqIn | 00001001		 | RD 		| 01400908	| -------- 
126140.0 	|   2	 | F2C_Req 	| --------		 | RD 		| 02400908	| -------- 
126200.0 	|   1	 | RingReqIn | 00001001		 | RD 		| 01400908	| -------- 
126200.0 	|   2	 | F2C_Rsp 	| --------		 | RD_RSP 		| 02400908	| 00000002 
126240.0 	|   1	 | F2C_Req 	| --------		 | RD 		| 01400908	| -------- 
126240.0 	|   2	 | RingRspOut| 00000100		 | RD_RSP 		| 02400908	| 00000002 
126280.0 	|   3	 | RingRspOut| 00000100		 | RD_RSP 		| 02400908	| 00000002 
126300.0 	|   1	 | F2C_Rsp 	| --------		 | RD_RSP 		| 01400908	| 00000004 
126320.0 	|   1	 | RingRspIn | 00000100		 | RD_RSP 		| 02400908	| 00000002 
126340.0 	|   1	 | RingRspOut| 00001001		 | RD_RSP 		| 01400908	| 00000004 
126340.0 	|   2	 | RingRspIn | 00001001		 | RD_RSP 		| 01400908	| 00000004 
126360.0 	|   1	 | C2F_Rsp 	| 00000100		 | RD_RSP 		| --------	| 00000002 
126380.0 	|   2	 | C2F_Rsp 	| 00001001		 | RD_RSP 		| --------	| 00000004 
128780.0 	|   1	 | C2F_Req 	 | 00000100		 | RD 		| 02400900	| -------- 
128800.0 	|   2	 | C2F_Req 	 | 00001001		 | RD 		| 01400900	| -------- 
128820.0 	|   2	 | RingReqIn | 00000100		 | RD 		| 02400900	| -------- 
128840.0 	|   3	 | RingReqIn | 00001001		 | RD 		| 01400900	| -------- 
128860.0 	|   2	 | F2C_Req 	| --------		 | RD 		| 02400900	| -------- 
128920.0 	|   1	 | RingReqIn | 00001001		 | RD 		| 01400900	| -------- 
128920.0 	|   2	 | F2C_Rsp 	| --------		 | RD_RSP 		| 02400900	| 00000000 
128960.0 	|   1	 | F2C_Req 	| --------		 | RD 		| 01400900	| -------- 
128960.0 	|   2	 | RingRspOut| 00000100		 | RD_RSP 		| 02400900	| 00000000 
129000.0 	|   3	 | RingRspOut| 00000100		 | RD_RSP 		| 02400900	| 00000000 
129020.0 	|   1	 | F2C_Rsp 	| --------		 | RD_RSP 		| 01400900	| 00000000 
129040.0 	|   1	 | RingRspIn | 00000100		 | RD_RSP 		| 02400900	| 00000000 
129060.0 	|   1	 | RingRspOut| 00001001		 | RD_RSP 		| 01400900	| 00000000 
129060.0 	|   2	 | RingRspIn | 00001001		 | RD_RSP 		| 01400900	| 00000000 
129080.0 	|   1	 | C2F_Rsp 	| 00000100		 | RD_RSP 		| --------	| 00000000 
129100.0 	|   2	 | C2F_Rsp 	| 00001001		 | RD_RSP 		| --------	| 00000000 
129580.0 	|   1	 | C2F_Req 	 | 00000100		 | RD 		| 02400904	| -------- 
129600.0 	|   2	 | C2F_Req 	 | 00001001		 | RD 		| 01400904	| -------- 
129620.0 	|   2	 | RingReqIn | 00000100		 | RD 		| 02400904	| -------- 
129640.0 	|   3	 | RingReqIn | 00001001		 | RD 		| 01400904	| -------- 
129660.0 	|   2	 | F2C_Req 	| --------		 | RD 		| 02400904	| -------- 
129720.0 	|   1	 | RingReqIn | 00001001		 | RD 		| 01400904	| -------- 
129720.0 	|   2	 | F2C_Rsp 	| --------		 | RD_RSP 		| 02400904	| 00000001 
129760.0 	|   1	 | F2C_Req 	| --------		 | RD 		| 01400904	| -------- 
129760.0 	|   2	 | RingRspOut| 00000100		 | RD_RSP 		| 02400904	| 00000001 
129800.0 	|   3	 | RingRspOut| 00000100		 | RD_RSP 		| 02400904	| 00000001 
129820.0 	|   1	 | F2C_Rsp 	| --------		 | RD_RSP 		| 01400904	| 00000002 
129840.0 	|   1	 | RingRspIn | 00000100		 | RD_RSP 		| 02400904	| 00000001 
129860.0 	|   1	 | RingRspOut| 00001001		 | RD_RSP 		| 01400904	| 00000002 
129860.0 	|   2	 | RingRspIn | 00001001		 | RD_RSP 		| 01400904	| 00000002 
129880.0 	|   1	 | C2F_Rsp 	| 00000100		 | RD_RSP 		| --------	| 00000001 
129900.0 	|   2	 | C2F_Rsp 	| 00001001		 | RD_RSP 		| --------	| 00000002 
