------------------------------------------------------------------------------------
Time	| Tile ID		| Channel	| Requestor 	| OpCode 	| Address 	| Data	|
------------------------------------------------------------------------------------
6940.0 	|   1	 | C2F_Req 	 | 00000100		 | WR 		| 02c00200	| 00000003 
6980.0 	|   2	 | RingReqIn | 00000100		 | WR 		| 02c00200	| 00000003 
7020.0 	|   2	 | F2C_Req 	| --------		 | WR 		| 02c00200	| 00000003 
8300.0 	|   1	 | C2F_Req 	 | 00000100		 | WR 		| 02c00204	| 00000002 
8340.0 	|   2	 | RingReqIn | 00000100		 | WR 		| 02c00204	| 00000002 
8380.0 	|   2	 | F2C_Req 	| --------		 | WR 		| 02c00204	| 00000002 
9660.0 	|   1	 | C2F_Req 	 | 00000100		 | WR 		| 02c00208	| 00000001 
9700.0 	|   2	 | RingReqIn | 00000100		 | WR 		| 02c00208	| 00000001 
9740.0 	|   2	 | F2C_Req 	| --------		 | WR 		| 02c00208	| 00000001 
11020.0 	|   1	 | C2F_Req 	 | 00000100		 | WR 		| 02c0020c	| 00000004 
11060.0 	|   2	 | RingReqIn | 00000100		 | WR 		| 02c0020c	| 00000004 
11100.0 	|   2	 | F2C_Req 	| --------		 | WR 		| 02c0020c	| 00000004 
13820.0 	|   1	 | C2F_Req 	 | 00000100		 | RD 		| 02c00200	| -------- 
13860.0 	|   2	 | RingReqIn | 00000100		 | RD 		| 02c00200	| -------- 
13900.0 	|   2	 | F2C_Req 	| --------		 | RD 		| 02c00200	| -------- 
13960.0 	|   2	 | F2C_Rsp 	| --------		 | RD_RSP 		| 02c00200	| 00000003 
14000.0 	|   2	 | RingRspOut| 00000100		 | RD_RSP 		| 02c00200	| 00000003 
14040.0 	|   3	 | RingRspOut| 00000100		 | RD_RSP 		| 02c00200	| 00000003 
14080.0 	|   1	 | RingRspIn | 00000100		 | RD_RSP 		| 02c00200	| 00000003 
14120.0 	|   1	 | C2F_Rsp 	| 00000100		 | RD_RSP 		| --------	| 00000003 
14620.0 	|   1	 | C2F_Req 	 | 00000100		 | RD 		| 02c00204	| -------- 
14660.0 	|   2	 | RingReqIn | 00000100		 | RD 		| 02c00204	| -------- 
14700.0 	|   2	 | F2C_Req 	| --------		 | RD 		| 02c00204	| -------- 
14760.0 	|   2	 | F2C_Rsp 	| --------		 | RD_RSP 		| 02c00204	| 00000002 
14800.0 	|   2	 | RingRspOut| 00000100		 | RD_RSP 		| 02c00204	| 00000002 
14840.0 	|   3	 | RingRspOut| 00000100		 | RD_RSP 		| 02c00204	| 00000002 
14880.0 	|   1	 | RingRspIn | 00000100		 | RD_RSP 		| 02c00204	| 00000002 
14920.0 	|   1	 | C2F_Rsp 	| 00000100		 | RD_RSP 		| --------	| 00000002 
16540.0 	|   1	 | C2F_Req 	 | 00000100		 | RD 		| 02c00200	| -------- 
16580.0 	|   2	 | RingReqIn | 00000100		 | RD 		| 02c00200	| -------- 
16620.0 	|   2	 | F2C_Req 	| --------		 | RD 		| 02c00200	| -------- 
16680.0 	|   2	 | F2C_Rsp 	| --------		 | RD_RSP 		| 02c00200	| 00000003 
16720.0 	|   2	 | RingRspOut| 00000100		 | RD_RSP 		| 02c00200	| 00000003 
16760.0 	|   3	 | RingRspOut| 00000100		 | RD_RSP 		| 02c00200	| 00000003 
16800.0 	|   1	 | RingRspIn | 00000100		 | RD_RSP 		| 02c00200	| 00000003 
16840.0 	|   1	 | C2F_Rsp 	| 00000100		 | RD_RSP 		| --------	| 00000003 
17100.0 	|   1	 | C2F_Req 	 | 00000100		 | RD 		| 02c00204	| -------- 
17140.0 	|   2	 | RingReqIn | 00000100		 | RD 		| 02c00204	| -------- 
17180.0 	|   2	 | F2C_Req 	| --------		 | RD 		| 02c00204	| -------- 
17240.0 	|   2	 | F2C_Rsp 	| --------		 | RD_RSP 		| 02c00204	| 00000002 
17280.0 	|   2	 | RingRspOut| 00000100		 | RD_RSP 		| 02c00204	| 00000002 
17320.0 	|   3	 | RingRspOut| 00000100		 | RD_RSP 		| 02c00204	| 00000002 
17360.0 	|   1	 | RingRspIn | 00000100		 | RD_RSP 		| 02c00204	| 00000002 
17400.0 	|   1	 | C2F_Rsp 	| 00000100		 | RD_RSP 		| --------	| 00000002 
17580.0 	|   1	 | C2F_Req 	 | 00000100		 | WR 		| 02c00200	| 00000002 
17620.0 	|   2	 | RingReqIn | 00000100		 | WR 		| 02c00200	| 00000002 
17660.0 	|   2	 | F2C_Req 	| --------		 | WR 		| 02c00200	| 00000002 
17820.0 	|   1	 | C2F_Req 	 | 00000100		 | WR 		| 02c00204	| 00000003 
17860.0 	|   2	 | RingReqIn | 00000100		 | WR 		| 02c00204	| 00000003 
17900.0 	|   2	 | F2C_Req 	| --------		 | WR 		| 02c00204	| 00000003 
19260.0 	|   1	 | C2F_Req 	 | 00000100		 | RD 		| 02c00204	| -------- 
19300.0 	|   2	 | RingReqIn | 00000100		 | RD 		| 02c00204	| -------- 
19340.0 	|   2	 | F2C_Req 	| --------		 | RD 		| 02c00204	| -------- 
19400.0 	|   2	 | F2C_Rsp 	| --------		 | RD_RSP 		| 02c00204	| 00000003 
19440.0 	|   2	 | RingRspOut| 00000100		 | RD_RSP 		| 02c00204	| 00000003 
19480.0 	|   3	 | RingRspOut| 00000100		 | RD_RSP 		| 02c00204	| 00000003 
19520.0 	|   1	 | RingRspIn | 00000100		 | RD_RSP 		| 02c00204	| 00000003 
19560.0 	|   1	 | C2F_Rsp 	| 00000100		 | RD_RSP 		| --------	| 00000003 
20060.0 	|   1	 | C2F_Req 	 | 00000100		 | RD 		| 02c00208	| -------- 
20100.0 	|   2	 | RingReqIn | 00000100		 | RD 		| 02c00208	| -------- 
20140.0 	|   2	 | F2C_Req 	| --------		 | RD 		| 02c00208	| -------- 
20200.0 	|   2	 | F2C_Rsp 	| --------		 | RD_RSP 		| 02c00208	| 00000001 
20240.0 	|   2	 | RingRspOut| 00000100		 | RD_RSP 		| 02c00208	| 00000001 
20280.0 	|   3	 | RingRspOut| 00000100		 | RD_RSP 		| 02c00208	| 00000001 
20320.0 	|   1	 | RingRspIn | 00000100		 | RD_RSP 		| 02c00208	| 00000001 
20360.0 	|   1	 | C2F_Rsp 	| 00000100		 | RD_RSP 		| --------	| 00000001 
21980.0 	|   1	 | C2F_Req 	 | 00000100		 | RD 		| 02c00204	| -------- 
22020.0 	|   2	 | RingReqIn | 00000100		 | RD 		| 02c00204	| -------- 
22060.0 	|   2	 | F2C_Req 	| --------		 | RD 		| 02c00204	| -------- 
22120.0 	|   2	 | F2C_Rsp 	| --------		 | RD_RSP 		| 02c00204	| 00000003 
22160.0 	|   2	 | RingRspOut| 00000100		 | RD_RSP 		| 02c00204	| 00000003 
22200.0 	|   3	 | RingRspOut| 00000100		 | RD_RSP 		| 02c00204	| 00000003 
22240.0 	|   1	 | RingRspIn | 00000100		 | RD_RSP 		| 02c00204	| 00000003 
22280.0 	|   1	 | C2F_Rsp 	| 00000100		 | RD_RSP 		| --------	| 00000003 
22540.0 	|   1	 | C2F_Req 	 | 00000100		 | RD 		| 02c00208	| -------- 
22580.0 	|   2	 | RingReqIn | 00000100		 | RD 		| 02c00208	| -------- 
22620.0 	|   2	 | F2C_Req 	| --------		 | RD 		| 02c00208	| -------- 
22680.0 	|   2	 | F2C_Rsp 	| --------		 | RD_RSP 		| 02c00208	| 00000001 
22720.0 	|   2	 | RingRspOut| 00000100		 | RD_RSP 		| 02c00208	| 00000001 
22760.0 	|   3	 | RingRspOut| 00000100		 | RD_RSP 		| 02c00208	| 00000001 
22800.0 	|   1	 | RingRspIn | 00000100		 | RD_RSP 		| 02c00208	| 00000001 
22840.0 	|   1	 | C2F_Rsp 	| 00000100		 | RD_RSP 		| --------	| 00000001 
23020.0 	|   1	 | C2F_Req 	 | 00000100		 | WR 		| 02c00204	| 00000001 
23060.0 	|   2	 | RingReqIn | 00000100		 | WR 		| 02c00204	| 00000001 
23100.0 	|   2	 | F2C_Req 	| --------		 | WR 		| 02c00204	| 00000001 
23260.0 	|   1	 | C2F_Req 	 | 00000100		 | WR 		| 02c00208	| 00000003 
23300.0 	|   2	 | RingReqIn | 00000100		 | WR 		| 02c00208	| 00000003 
23340.0 	|   2	 | F2C_Req 	| --------		 | WR 		| 02c00208	| 00000003 
24700.0 	|   1	 | C2F_Req 	 | 00000100		 | RD 		| 02c00208	| -------- 
24740.0 	|   2	 | RingReqIn | 00000100		 | RD 		| 02c00208	| -------- 
24780.0 	|   2	 | F2C_Req 	| --------		 | RD 		| 02c00208	| -------- 
24840.0 	|   2	 | F2C_Rsp 	| --------		 | RD_RSP 		| 02c00208	| 00000003 
24880.0 	|   2	 | RingRspOut| 00000100		 | RD_RSP 		| 02c00208	| 00000003 
24920.0 	|   3	 | RingRspOut| 00000100		 | RD_RSP 		| 02c00208	| 00000003 
24960.0 	|   1	 | RingRspIn | 00000100		 | RD_RSP 		| 02c00208	| 00000003 
25000.0 	|   1	 | C2F_Rsp 	| 00000100		 | RD_RSP 		| --------	| 00000003 
25500.0 	|   1	 | C2F_Req 	 | 00000100		 | RD 		| 02c0020c	| -------- 
25540.0 	|   2	 | RingReqIn | 00000100		 | RD 		| 02c0020c	| -------- 
25580.0 	|   2	 | F2C_Req 	| --------		 | RD 		| 02c0020c	| -------- 
25640.0 	|   2	 | F2C_Rsp 	| --------		 | RD_RSP 		| 02c0020c	| 00000004 
25680.0 	|   2	 | RingRspOut| 00000100		 | RD_RSP 		| 02c0020c	| 00000004 
25720.0 	|   3	 | RingRspOut| 00000100		 | RD_RSP 		| 02c0020c	| 00000004 
25760.0 	|   1	 | RingRspIn | 00000100		 | RD_RSP 		| 02c0020c	| 00000004 
25800.0 	|   1	 | C2F_Rsp 	| 00000100		 | RD_RSP 		| --------	| 00000004 
28220.0 	|   1	 | C2F_Req 	 | 00000100		 | RD 		| 02c00200	| -------- 
28260.0 	|   2	 | RingReqIn | 00000100		 | RD 		| 02c00200	| -------- 
28300.0 	|   2	 | F2C_Req 	| --------		 | RD 		| 02c00200	| -------- 
28360.0 	|   2	 | F2C_Rsp 	| --------		 | RD_RSP 		| 02c00200	| 00000002 
28400.0 	|   2	 | RingRspOut| 00000100		 | RD_RSP 		| 02c00200	| 00000002 
28440.0 	|   3	 | RingRspOut| 00000100		 | RD_RSP 		| 02c00200	| 00000002 
28480.0 	|   1	 | RingRspIn | 00000100		 | RD_RSP 		| 02c00200	| 00000002 
28520.0 	|   1	 | C2F_Rsp 	| 00000100		 | RD_RSP 		| --------	| 00000002 
29020.0 	|   1	 | C2F_Req 	 | 00000100		 | RD 		| 02c00204	| -------- 
29060.0 	|   2	 | RingReqIn | 00000100		 | RD 		| 02c00204	| -------- 
29100.0 	|   2	 | F2C_Req 	| --------		 | RD 		| 02c00204	| -------- 
29160.0 	|   2	 | F2C_Rsp 	| --------		 | RD_RSP 		| 02c00204	| 00000001 
29200.0 	|   2	 | RingRspOut| 00000100		 | RD_RSP 		| 02c00204	| 00000001 
29240.0 	|   3	 | RingRspOut| 00000100		 | RD_RSP 		| 02c00204	| 00000001 
29280.0 	|   1	 | RingRspIn | 00000100		 | RD_RSP 		| 02c00204	| 00000001 
29320.0 	|   1	 | C2F_Rsp 	| 00000100		 | RD_RSP 		| --------	| 00000001 
30940.0 	|   1	 | C2F_Req 	 | 00000100		 | RD 		| 02c00200	| -------- 
30980.0 	|   2	 | RingReqIn | 00000100		 | RD 		| 02c00200	| -------- 
31020.0 	|   2	 | F2C_Req 	| --------		 | RD 		| 02c00200	| -------- 
31080.0 	|   2	 | F2C_Rsp 	| --------		 | RD_RSP 		| 02c00200	| 00000002 
31120.0 	|   2	 | RingRspOut| 00000100		 | RD_RSP 		| 02c00200	| 00000002 
31160.0 	|   3	 | RingRspOut| 00000100		 | RD_RSP 		| 02c00200	| 00000002 
31200.0 	|   1	 | RingRspIn | 00000100		 | RD_RSP 		| 02c00200	| 00000002 
31240.0 	|   1	 | C2F_Rsp 	| 00000100		 | RD_RSP 		| --------	| 00000002 
31500.0 	|   1	 | C2F_Req 	 | 00000100		 | RD 		| 02c00204	| -------- 
31540.0 	|   2	 | RingReqIn | 00000100		 | RD 		| 02c00204	| -------- 
31580.0 	|   2	 | F2C_Req 	| --------		 | RD 		| 02c00204	| -------- 
31640.0 	|   2	 | F2C_Rsp 	| --------		 | RD_RSP 		| 02c00204	| 00000001 
31680.0 	|   2	 | RingRspOut| 00000100		 | RD_RSP 		| 02c00204	| 00000001 
31720.0 	|   3	 | RingRspOut| 00000100		 | RD_RSP 		| 02c00204	| 00000001 
31760.0 	|   1	 | RingRspIn | 00000100		 | RD_RSP 		| 02c00204	| 00000001 
31800.0 	|   1	 | C2F_Rsp 	| 00000100		 | RD_RSP 		| --------	| 00000001 
31980.0 	|   1	 | C2F_Req 	 | 00000100		 | WR 		| 02c00200	| 00000001 
32020.0 	|   2	 | RingReqIn | 00000100		 | WR 		| 02c00200	| 00000001 
32060.0 	|   2	 | F2C_Req 	| --------		 | WR 		| 02c00200	| 00000001 
32220.0 	|   1	 | C2F_Req 	 | 00000100		 | WR 		| 02c00204	| 00000002 
32260.0 	|   2	 | RingReqIn | 00000100		 | WR 		| 02c00204	| 00000002 
32300.0 	|   2	 | F2C_Req 	| --------		 | WR 		| 02c00204	| 00000002 
33660.0 	|   1	 | C2F_Req 	 | 00000100		 | RD 		| 02c00204	| -------- 
33700.0 	|   2	 | RingReqIn | 00000100		 | RD 		| 02c00204	| -------- 
33740.0 	|   2	 | F2C_Req 	| --------		 | RD 		| 02c00204	| -------- 
33800.0 	|   2	 | F2C_Rsp 	| --------		 | RD_RSP 		| 02c00204	| 00000002 
33840.0 	|   2	 | RingRspOut| 00000100		 | RD_RSP 		| 02c00204	| 00000002 
33880.0 	|   3	 | RingRspOut| 00000100		 | RD_RSP 		| 02c00204	| 00000002 
33920.0 	|   1	 | RingRspIn | 00000100		 | RD_RSP 		| 02c00204	| 00000002 
33960.0 	|   1	 | C2F_Rsp 	| 00000100		 | RD_RSP 		| --------	| 00000002 
34460.0 	|   1	 | C2F_Req 	 | 00000100		 | RD 		| 02c00208	| -------- 
34500.0 	|   2	 | RingReqIn | 00000100		 | RD 		| 02c00208	| -------- 
34540.0 	|   2	 | F2C_Req 	| --------		 | RD 		| 02c00208	| -------- 
34600.0 	|   2	 | F2C_Rsp 	| --------		 | RD_RSP 		| 02c00208	| 00000003 
34640.0 	|   2	 | RingRspOut| 00000100		 | RD_RSP 		| 02c00208	| 00000003 
34680.0 	|   3	 | RingRspOut| 00000100		 | RD_RSP 		| 02c00208	| 00000003 
34720.0 	|   1	 | RingRspIn | 00000100		 | RD_RSP 		| 02c00208	| 00000003 
34760.0 	|   1	 | C2F_Rsp 	| 00000100		 | RD_RSP 		| --------	| 00000003 
37180.0 	|   1	 | C2F_Req 	 | 00000100		 | RD 		| 02c00200	| -------- 
37220.0 	|   2	 | RingReqIn | 00000100		 | RD 		| 02c00200	| -------- 
37260.0 	|   2	 | F2C_Req 	| --------		 | RD 		| 02c00200	| -------- 
37320.0 	|   2	 | F2C_Rsp 	| --------		 | RD_RSP 		| 02c00200	| 00000001 
37360.0 	|   2	 | RingRspOut| 00000100		 | RD_RSP 		| 02c00200	| 00000001 
37400.0 	|   3	 | RingRspOut| 00000100		 | RD_RSP 		| 02c00200	| 00000001 
37440.0 	|   1	 | RingRspIn | 00000100		 | RD_RSP 		| 02c00200	| 00000001 
37480.0 	|   1	 | C2F_Rsp 	| 00000100		 | RD_RSP 		| --------	| 00000001 
37980.0 	|   1	 | C2F_Req 	 | 00000100		 | RD 		| 02c00204	| -------- 
38020.0 	|   2	 | RingReqIn | 00000100		 | RD 		| 02c00204	| -------- 
38060.0 	|   2	 | F2C_Req 	| --------		 | RD 		| 02c00204	| -------- 
38120.0 	|   2	 | F2C_Rsp 	| --------		 | RD_RSP 		| 02c00204	| 00000002 
38160.0 	|   2	 | RingRspOut| 00000100		 | RD_RSP 		| 02c00204	| 00000002 
38200.0 	|   3	 | RingRspOut| 00000100		 | RD_RSP 		| 02c00204	| 00000002 
38240.0 	|   1	 | RingRspIn | 00000100		 | RD_RSP 		| 02c00204	| 00000002 
38280.0 	|   1	 | C2F_Rsp 	| 00000100		 | RD_RSP 		| --------	| 00000002 
41420.0 	|   1	 | C2F_Req 	 | 00000100		 | RD 		| 02400f00	| -------- 
41460.0 	|   2	 | RingReqIn | 00000100		 | RD 		| 02400f00	| -------- 
41500.0 	|   2	 | F2C_Req 	| --------		 | RD 		| 02400f00	| -------- 
41560.0 	|   2	 | F2C_Rsp 	| --------		 | RD_RSP 		| 02400f00	| xxxxxxxx 
41600.0 	|   2	 | RingRspOut| 00000100		 | RD_RSP 		| 02400f00	| xxxxxxxx 
41640.0 	|   3	 | RingRspOut| 00000100		 | RD_RSP 		| 02400f00	| xxxxxxxx 
41680.0 	|   1	 | RingRspIn | 00000100		 | RD_RSP 		| 02400f00	| xxxxxxxx 
41720.0 	|   1	 | C2F_Rsp 	| 00000100		 | RD_RSP 		| --------	| xxxxxxxx 
43180.0 	|   1	 | C2F_Req 	 | 00000100		 | RD 		| 02400f04	| -------- 
43220.0 	|   2	 | RingReqIn | 00000100		 | RD 		| 02400f04	| -------- 
43260.0 	|   2	 | F2C_Req 	| --------		 | RD 		| 02400f04	| -------- 
43320.0 	|   2	 | F2C_Rsp 	| --------		 | RD_RSP 		| 02400f04	| xxxxxxxx 
43360.0 	|   2	 | RingRspOut| 00000100		 | RD_RSP 		| 02400f04	| xxxxxxxx 
43400.0 	|   3	 | RingRspOut| 00000100		 | RD_RSP 		| 02400f04	| xxxxxxxx 
43440.0 	|   1	 | RingRspIn | 00000100		 | RD_RSP 		| 02400f04	| xxxxxxxx 
43480.0 	|   1	 | C2F_Rsp 	| 00000100		 | RD_RSP 		| --------	| xxxxxxxx 
44940.0 	|   1	 | C2F_Req 	 | 00000100		 | RD 		| 02400f08	| -------- 
44980.0 	|   2	 | RingReqIn | 00000100		 | RD 		| 02400f08	| -------- 
45020.0 	|   2	 | F2C_Req 	| --------		 | RD 		| 02400f08	| -------- 
45080.0 	|   2	 | F2C_Rsp 	| --------		 | RD_RSP 		| 02400f08	| xxxxxxxx 
45120.0 	|   2	 | RingRspOut| 00000100		 | RD_RSP 		| 02400f08	| xxxxxxxx 
45160.0 	|   3	 | RingRspOut| 00000100		 | RD_RSP 		| 02400f08	| xxxxxxxx 
45200.0 	|   1	 | RingRspIn | 00000100		 | RD_RSP 		| 02400f08	| xxxxxxxx 
45240.0 	|   1	 | C2F_Rsp 	| 00000100		 | RD_RSP 		| --------	| xxxxxxxx 
46700.0 	|   1	 | C2F_Req 	 | 00000100		 | RD 		| 02400f0c	| -------- 
46740.0 	|   2	 | RingReqIn | 00000100		 | RD 		| 02400f0c	| -------- 
46780.0 	|   2	 | F2C_Req 	| --------		 | RD 		| 02400f0c	| -------- 
46840.0 	|   2	 | F2C_Rsp 	| --------		 | RD_RSP 		| 02400f0c	| xxxxxxxx 
46880.0 	|   2	 | RingRspOut| 00000100		 | RD_RSP 		| 02400f0c	| xxxxxxxx 
46920.0 	|   3	 | RingRspOut| 00000100		 | RD_RSP 		| 02400f0c	| xxxxxxxx 
46960.0 	|   1	 | RingRspIn | 00000100		 | RD_RSP 		| 02400f0c	| xxxxxxxx 
47000.0 	|   1	 | C2F_Rsp 	| 00000100		 | RD_RSP 		| --------	| xxxxxxxx 
