------------------------------------------------------------------------------------
Time	| Tile ID		| Channel	| Requestor 	| OpCode 	| Address 	| Data	|
------------------------------------------------------------------------------------
6140.0 	|   1	 | C2F_Req 	 | 00000100		 | WR 		| 02400900	| 00000050 
6180.0 	|   2	 | RingReqIn | 00000100		 | WR 		| 02400900	| 00000050 
6220.0 	|   2	 | F2C_Req 	| --------		 | WR 		| 02400900	| 00000050 
6460.0 	|   1	 | C2F_Req 	 | 00000100		 | WR 		| 02400904	| 00000060 
6500.0 	|   2	 | RingReqIn | 00000100		 | WR 		| 02400904	| 00000060 
6540.0 	|   2	 | C2F_Req 	 | 00001000		 | WR 		| 01400900	| 00000010 
6540.0 	|   2	 | F2C_Req 	| --------		 | WR 		| 02400904	| 00000060 
6580.0 	|   3	 | RingReqIn | 00001000		 | WR 		| 01400900	| 00000010 
6660.0 	|   1	 | RingReqIn | 00001000		 | WR 		| 01400900	| 00000010 
6700.0 	|   1	 | F2C_Req 	| --------		 | WR 		| 01400900	| 00000010 
6860.0 	|   2	 | C2F_Req 	 | 00001000		 | WR 		| 01400904	| 00000020 
6900.0 	|   3	 | RingReqIn | 00001000		 | WR 		| 01400904	| 00000020 
6980.0 	|   1	 | RingReqIn | 00001000		 | WR 		| 01400904	| 00000020 
7020.0 	|   1	 | F2C_Req 	| --------		 | WR 		| 01400904	| 00000020 
9820.0 	|   1	 | C2F_Req 	 | 00000100		 | RD 		| 02400900	| -------- 
9860.0 	|   2	 | RingReqIn | 00000100		 | RD 		| 02400900	| -------- 
9900.0 	|   2	 | F2C_Req 	| --------		 | RD 		| 02400900	| -------- 
9960.0 	|   2	 | F2C_Rsp 	| --------		 | RD_RSP 		| 02400900	| 00000050 
10000.0 	|   2	 | RingRspOut| 00000100		 | RD_RSP 		| 02400900	| 00000050 
10040.0 	|   3	 | RingRspOut| 00000100		 | RD_RSP 		| 02400900	| 00000050 
10080.0 	|   1	 | RingRspIn | 00000100		 | RD_RSP 		| 02400900	| 00000050 
10120.0 	|   1	 | C2F_Rsp 	| 00000100		 | RD_RSP 		| --------	| 00000050 
10220.0 	|   2	 | C2F_Req 	 | 00001000		 | RD 		| 01400900	| -------- 
10260.0 	|   3	 | RingReqIn | 00001000		 | RD 		| 01400900	| -------- 
10340.0 	|   1	 | RingReqIn | 00001000		 | RD 		| 01400900	| -------- 
10380.0 	|   1	 | F2C_Req 	| --------		 | RD 		| 01400900	| -------- 
10440.0 	|   1	 | F2C_Rsp 	| --------		 | RD_RSP 		| 01400900	| 00000010 
10480.0 	|   1	 | RingRspOut| 00001000		 | RD_RSP 		| 01400900	| 00000010 
10480.0 	|   2	 | RingRspIn | 00001000		 | RD_RSP 		| 01400900	| 00000010 
10520.0 	|   2	 | C2F_Rsp 	| 00001000		 | RD_RSP 		| --------	| 00000010 
10620.0 	|   1	 | C2F_Req 	 | 00000100		 | RD 		| 02400904	| -------- 
10660.0 	|   2	 | RingReqIn | 00000100		 | RD 		| 02400904	| -------- 
10700.0 	|   2	 | F2C_Req 	| --------		 | RD 		| 02400904	| -------- 
10760.0 	|   2	 | F2C_Rsp 	| --------		 | RD_RSP 		| 02400904	| 00000060 
10800.0 	|   2	 | RingRspOut| 00000100		 | RD_RSP 		| 02400904	| 00000060 
10840.0 	|   3	 | RingRspOut| 00000100		 | RD_RSP 		| 02400904	| 00000060 
10880.0 	|   1	 | RingRspIn | 00000100		 | RD_RSP 		| 02400904	| 00000060 
10920.0 	|   1	 | C2F_Rsp 	| 00000100		 | RD_RSP 		| --------	| 00000060 
11020.0 	|   2	 | C2F_Req 	 | 00001000		 | RD 		| 01400904	| -------- 
11060.0 	|   3	 | RingReqIn | 00001000		 | RD 		| 01400904	| -------- 
11140.0 	|   1	 | RingReqIn | 00001000		 | RD 		| 01400904	| -------- 
11180.0 	|   1	 | F2C_Req 	| --------		 | RD 		| 01400904	| -------- 
11240.0 	|   1	 | F2C_Rsp 	| --------		 | RD_RSP 		| 01400904	| 00000020 
11280.0 	|   1	 | RingRspOut| 00001000		 | RD_RSP 		| 01400904	| 00000020 
11280.0 	|   2	 | RingRspIn | 00001000		 | RD_RSP 		| 01400904	| 00000020 
11320.0 	|   2	 | C2F_Rsp 	| 00001000		 | RD_RSP 		| --------	| 00000020 
11420.0 	|   1	 | C2F_Req 	 | 00000100		 | RD 		| 02400908	| -------- 
11460.0 	|   2	 | RingReqIn | 00000100		 | RD 		| 02400908	| -------- 
11500.0 	|   2	 | F2C_Req 	| --------		 | RD 		| 02400908	| -------- 
11560.0 	|   2	 | F2C_Rsp 	| --------		 | RD_RSP 		| 02400908	| 00000070 
11600.0 	|   2	 | RingRspOut| 00000100		 | RD_RSP 		| 02400908	| 00000070 
11640.0 	|   3	 | RingRspOut| 00000100		 | RD_RSP 		| 02400908	| 00000070 
11680.0 	|   1	 | RingRspIn | 00000100		 | RD_RSP 		| 02400908	| 00000070 
11720.0 	|   1	 | C2F_Rsp 	| 00000100		 | RD_RSP 		| --------	| 00000070 
11820.0 	|   2	 | C2F_Req 	 | 00001000		 | RD 		| 01400908	| -------- 
11860.0 	|   3	 | RingReqIn | 00001000		 | RD 		| 01400908	| -------- 
11940.0 	|   1	 | RingReqIn | 00001000		 | RD 		| 01400908	| -------- 
11980.0 	|   1	 | F2C_Req 	| --------		 | RD 		| 01400908	| -------- 
12040.0 	|   1	 | F2C_Rsp 	| --------		 | RD_RSP 		| 01400908	| 00000030 
12080.0 	|   1	 | RingRspOut| 00001000		 | RD_RSP 		| 01400908	| 00000030 
12080.0 	|   2	 | RingRspIn | 00001000		 | RD_RSP 		| 01400908	| 00000030 
12120.0 	|   2	 | C2F_Rsp 	| 00001000		 | RD_RSP 		| --------	| 00000030 
12220.0 	|   1	 | C2F_Req 	 | 00000100		 | RD 		| 0240090c	| -------- 
12260.0 	|   2	 | RingReqIn | 00000100		 | RD 		| 0240090c	| -------- 
12300.0 	|   2	 | F2C_Req 	| --------		 | RD 		| 0240090c	| -------- 
12360.0 	|   2	 | F2C_Rsp 	| --------		 | RD_RSP 		| 0240090c	| 00000080 
12400.0 	|   2	 | RingRspOut| 00000100		 | RD_RSP 		| 0240090c	| 00000080 
12440.0 	|   3	 | RingRspOut| 00000100		 | RD_RSP 		| 0240090c	| 00000080 
12480.0 	|   1	 | RingRspIn | 00000100		 | RD_RSP 		| 0240090c	| 00000080 
12520.0 	|   1	 | C2F_Rsp 	| 00000100		 | RD_RSP 		| --------	| 00000080 
12620.0 	|   2	 | C2F_Req 	 | 00001000		 | RD 		| 0140090c	| -------- 
12660.0 	|   3	 | RingReqIn | 00001000		 | RD 		| 0140090c	| -------- 
12740.0 	|   1	 | RingReqIn | 00001000		 | RD 		| 0140090c	| -------- 
12780.0 	|   1	 | F2C_Req 	| --------		 | RD 		| 0140090c	| -------- 
12840.0 	|   1	 | F2C_Rsp 	| --------		 | RD_RSP 		| 0140090c	| 00000040 
12880.0 	|   1	 | RingRspOut| 00001000		 | RD_RSP 		| 0140090c	| 00000040 
12880.0 	|   2	 | RingRspIn | 00001000		 | RD_RSP 		| 0140090c	| 00000040 
12920.0 	|   2	 | C2F_Rsp 	| 00001000		 | RD_RSP 		| --------	| 00000040 
34380.0 	|   1	 | C2F_Req 	 | 00000100		 | WR 		| 03400c80	| 1a1c1800 
34420.0 	|   2	 | RingReqIn | 00000100		 | WR 		| 03400c80	| 1a1c1800 
34460.0 	|   3	 | RingReqIn | 00000100		 | WR 		| 03400c80	| 1a1c1800 
35100.0 	|   1	 | C2F_Req 	 | 00000100		 | WR 		| 03400dc0	| 007e1818 
35140.0 	|   2	 | RingReqIn | 00000100		 | WR 		| 03400dc0	| 007e1818 
35180.0 	|   3	 | RingReqIn | 00000100		 | WR 		| 03400dc0	| 007e1818 
37340.0 	|   2	 | C2F_Req 	 | 00001000		 | WR 		| 03401900	| 42423c00 
37380.0 	|   3	 | RingReqIn | 00001000		 | WR 		| 03401900	| 42423c00 
38060.0 	|   2	 | C2F_Req 	 | 00001000		 | WR 		| 03401a40	| 003c423c 
38100.0 	|   3	 | RingReqIn | 00001000		 | WR 		| 03401a40	| 003c423c 
40300.0 	|   1	 | C2F_Req 	 | 00000100		 | WR 		| 03400c84	| 02423c00 
40340.0 	|   2	 | RingReqIn | 00000100		 | WR 		| 03400c84	| 02423c00 
40380.0 	|   3	 | RingReqIn | 00000100		 | WR 		| 03400c84	| 02423c00 
41020.0 	|   1	 | C2F_Req 	 | 00000100		 | WR 		| 03400dc4	| 003c423e 
41060.0 	|   2	 | RingReqIn | 00000100		 | WR 		| 03400dc4	| 003c423e 
41100.0 	|   3	 | RingReqIn | 00000100		 | WR 		| 03400dc4	| 003c423e 
43260.0 	|   2	 | C2F_Req 	 | 00001000		 | WR 		| 03401904	| 52623c00 
43300.0 	|   3	 | RingReqIn | 00001000		 | WR 		| 03401904	| 52623c00 
43980.0 	|   2	 | C2F_Req 	 | 00001000		 | WR 		| 03401a44	| 003c464a 
44020.0 	|   3	 | RingReqIn | 00001000		 | WR 		| 03401a44	| 003c464a 
49900.0 	|   1	 | C2F_Req 	 | 00000100		 | WR 		| 03400c88	| 00000000 
49940.0 	|   2	 | RingReqIn | 00000100		 | WR 		| 03400c88	| 00000000 
49980.0 	|   3	 | RingReqIn | 00000100		 | WR 		| 03400c88	| 00000000 
50620.0 	|   1	 | C2F_Req 	 | 00000100		 | WR 		| 03400dc8	| 00000000 
50660.0 	|   2	 | RingReqIn | 00000100		 | WR 		| 03400dc8	| 00000000 
50700.0 	|   3	 | RingReqIn | 00000100		 | WR 		| 03400dc8	| 00000000 
52860.0 	|   2	 | C2F_Req 	 | 00001000		 | WR 		| 03401908	| 00000000 
52900.0 	|   3	 | RingReqIn | 00001000		 | WR 		| 03401908	| 00000000 
53580.0 	|   2	 | C2F_Req 	 | 00001000		 | WR 		| 03401a48	| 00000000 
53620.0 	|   3	 | RingReqIn | 00001000		 | WR 		| 03401a48	| 00000000 
74940.0 	|   1	 | C2F_Req 	 | 00000100		 | WR 		| 03400c8c	| 40423c00 
74980.0 	|   2	 | RingReqIn | 00000100		 | WR 		| 03400c8c	| 40423c00 
75020.0 	|   3	 | RingReqIn | 00000100		 | WR 		| 03400c8c	| 40423c00 
75660.0 	|   1	 | C2F_Req 	 | 00000100		 | WR 		| 03400dcc	| 003c4238 
75700.0 	|   2	 | RingReqIn | 00000100		 | WR 		| 03400dcc	| 003c4238 
75740.0 	|   3	 | RingReqIn | 00000100		 | WR 		| 03400dcc	| 003c4238 
80460.0 	|   2	 | C2F_Req 	 | 00001000		 | WR 		| 0340190c	| 42423c00 
80500.0 	|   3	 | RingReqIn | 00001000		 | WR 		| 0340190c	| 42423c00 
80860.0 	|   1	 | C2F_Req 	 | 00000100		 | WR 		| 03400c90	| 40423c00 
80900.0 	|   2	 | RingReqIn | 00000100		 | WR 		| 03400c90	| 40423c00 
80940.0 	|   3	 | RingReqIn | 00000100		 | WR 		| 03400c90	| 40423c00 
81180.0 	|   2	 | C2F_Req 	 | 00001000		 | WR 		| 03401a4c	| 003e407c 
81220.0 	|   3	 | RingReqIn | 00001000		 | WR 		| 03401a4c	| 003e407c 
81580.0 	|   1	 | C2F_Req 	 | 00000100		 | WR 		| 03400dd0	| 007e023c 
81620.0 	|   2	 | RingReqIn | 00000100		 | WR 		| 03400dd0	| 007e023c 
81660.0 	|   3	 | RingReqIn | 00000100		 | WR 		| 03400dd0	| 007e023c 
86380.0 	|   2	 | C2F_Req 	 | 00001000		 | WR 		| 03401910	| 02423c00 
86420.0 	|   3	 | RingReqIn | 00001000		 | WR 		| 03401910	| 02423c00 
87100.0 	|   2	 | C2F_Req 	 | 00001000		 | WR 		| 03401a50	| 003c423e 
87140.0 	|   3	 | RingReqIn | 00001000		 | WR 		| 03401a50	| 003c423e 
90460.0 	|   1	 | C2F_Req 	 | 00000100		 | WR 		| 03400c94	| 00000000 
90500.0 	|   2	 | RingReqIn | 00000100		 | WR 		| 03400c94	| 00000000 
90540.0 	|   3	 | RingReqIn | 00000100		 | WR 		| 03400c94	| 00000000 
91180.0 	|   1	 | C2F_Req 	 | 00000100		 | WR 		| 03400dd4	| 00000000 
91220.0 	|   2	 | RingReqIn | 00000100		 | WR 		| 03400dd4	| 00000000 
91260.0 	|   3	 | RingReqIn | 00000100		 | WR 		| 03400dd4	| 00000000 
95980.0 	|   2	 | C2F_Req 	 | 00001000		 | WR 		| 03401914	| 00000000 
96020.0 	|   3	 | RingReqIn | 00001000		 | WR 		| 03401914	| 00000000 
96700.0 	|   2	 | C2F_Req 	 | 00001000		 | WR 		| 03401a54	| 00000000 
96740.0 	|   3	 | RingReqIn | 00001000		 | WR 		| 03401a54	| 00000000 
116460.0 	|   1	 | C2F_Req 	 | 00000100		 | WR 		| 03400c98	| 24283000 
116500.0 	|   2	 | RingReqIn | 00000100		 | WR 		| 03400c98	| 24283000 
116540.0 	|   3	 | RingReqIn | 00000100		 | WR 		| 03400c98	| 24283000 
117180.0 	|   1	 | C2F_Req 	 | 00000100		 | WR 		| 03400dd8	| 0020207e 
117220.0 	|   2	 | RingReqIn | 00000100		 | WR 		| 03400dd8	| 0020207e 
117260.0 	|   3	 | RingReqIn | 00000100		 | WR 		| 03400dd8	| 0020207e 
122380.0 	|   1	 | C2F_Req 	 | 00000100		 | WR 		| 03400c9c	| 42423c00 
122420.0 	|   2	 | RingReqIn | 00000100		 | WR 		| 03400c9c	| 42423c00 
122460.0 	|   3	 | RingReqIn | 00000100		 | WR 		| 03400c9c	| 42423c00 
123100.0 	|   1	 | C2F_Req 	 | 00000100		 | WR 		| 03400ddc	| 003c423c 
123140.0 	|   2	 | RingReqIn | 00000100		 | WR 		| 03400ddc	| 003c423c 
123180.0 	|   3	 | RingReqIn | 00000100		 | WR 		| 03400ddc	| 003c423c 
129820.0 	|   2	 | C2F_Req 	 | 00001000		 | WR 		| 03401918	| 1a1c1800 
129860.0 	|   3	 | RingReqIn | 00001000		 | WR 		| 03401918	| 1a1c1800 
130540.0 	|   2	 | C2F_Req 	 | 00001000		 | WR 		| 03401a58	| 007e1818 
130580.0 	|   3	 | RingReqIn | 00001000		 | WR 		| 03401a58	| 007e1818 
131980.0 	|   1	 | C2F_Req 	 | 00000100		 | WR 		| 03400ca0	| 00000000 
132020.0 	|   2	 | RingReqIn | 00000100		 | WR 		| 03400ca0	| 00000000 
132060.0 	|   3	 | RingReqIn | 00000100		 | WR 		| 03400ca0	| 00000000 
132700.0 	|   1	 | C2F_Req 	 | 00000100		 | WR 		| 03400de0	| 00000000 
132740.0 	|   2	 | RingReqIn | 00000100		 | WR 		| 03400de0	| 00000000 
132780.0 	|   3	 | RingReqIn | 00000100		 | WR 		| 03400de0	| 00000000 
135740.0 	|   2	 | C2F_Req 	 | 00001000		 | WR 		| 0340191c	| 1a1c1800 
135780.0 	|   3	 | RingReqIn | 00001000		 | WR 		| 0340191c	| 1a1c1800 
136460.0 	|   2	 | C2F_Req 	 | 00001000		 | WR 		| 03401a5c	| 007e1818 
136500.0 	|   3	 | RingReqIn | 00001000		 | WR 		| 03401a5c	| 007e1818 
141660.0 	|   2	 | C2F_Req 	 | 00001000		 | WR 		| 03401920	| 40423c00 
141700.0 	|   3	 | RingReqIn | 00001000		 | WR 		| 03401920	| 40423c00 
142380.0 	|   2	 | C2F_Req 	 | 00001000		 | WR 		| 03401a60	| 007e023c 
142420.0 	|   3	 | RingReqIn | 00001000		 | WR 		| 03401a60	| 007e023c 
151260.0 	|   2	 | C2F_Req 	 | 00001000		 | WR 		| 03401924	| 00000000 
151300.0 	|   3	 | RingReqIn | 00001000		 | WR 		| 03401924	| 00000000 
151980.0 	|   2	 | C2F_Req 	 | 00001000		 | WR 		| 03401a64	| 00000000 
152020.0 	|   3	 | RingReqIn | 00001000		 | WR 		| 03401a64	| 00000000 
158300.0 	|   1	 | C2F_Req 	 | 00000100		 | WR 		| 03400ca4	| 02423c00 
158340.0 	|   2	 | RingReqIn | 00000100		 | WR 		| 03400ca4	| 02423c00 
158380.0 	|   3	 | RingReqIn | 00000100		 | WR 		| 03400ca4	| 02423c00 
159020.0 	|   1	 | C2F_Req 	 | 00000100		 | WR 		| 03400de4	| 003c423e 
159060.0 	|   2	 | RingReqIn | 00000100		 | WR 		| 03400de4	| 003c423e 
159100.0 	|   3	 | RingReqIn | 00000100		 | WR 		| 03400de4	| 003c423e 
164220.0 	|   1	 | C2F_Req 	 | 00000100		 | WR 		| 03400ca8	| 24283000 
164260.0 	|   2	 | RingReqIn | 00000100		 | WR 		| 03400ca8	| 24283000 
164300.0 	|   3	 | RingReqIn | 00000100		 | WR 		| 03400ca8	| 24283000 
164940.0 	|   1	 | C2F_Req 	 | 00000100		 | WR 		| 03400de8	| 0020207e 
164980.0 	|   2	 | RingReqIn | 00000100		 | WR 		| 03400de8	| 0020207e 
165020.0 	|   3	 | RingReqIn | 00000100		 | WR 		| 03400de8	| 0020207e 
173820.0 	|   1	 | C2F_Req 	 | 00000100		 | WR 		| 03400cac	| 00000000 
173860.0 	|   2	 | RingReqIn | 00000100		 | WR 		| 03400cac	| 00000000 
173900.0 	|   3	 | RingReqIn | 00000100		 | WR 		| 03400cac	| 00000000 
174540.0 	|   1	 | C2F_Req 	 | 00000100		 | WR 		| 03400dec	| 00000000 
174580.0 	|   2	 | RingReqIn | 00000100		 | WR 		| 03400dec	| 00000000 
174620.0 	|   3	 | RingReqIn | 00000100		 | WR 		| 03400dec	| 00000000 
184780.0 	|   2	 | C2F_Req 	 | 00001000		 | WR 		| 03401928	| 1a1c1800 
184820.0 	|   3	 | RingReqIn | 00001000		 | WR 		| 03401928	| 1a1c1800 
185500.0 	|   2	 | C2F_Req 	 | 00001000		 | WR 		| 03401a68	| 007e1818 
185540.0 	|   3	 | RingReqIn | 00001000		 | WR 		| 03401a68	| 007e1818 
190700.0 	|   2	 | C2F_Req 	 | 00001000		 | WR 		| 0340192c	| 40423c00 
190740.0 	|   3	 | RingReqIn | 00001000		 | WR 		| 0340192c	| 40423c00 
191420.0 	|   2	 | C2F_Req 	 | 00001000		 | WR 		| 03401a6c	| 007e023c 
191460.0 	|   3	 | RingReqIn | 00001000		 | WR 		| 03401a6c	| 007e023c 
196620.0 	|   2	 | C2F_Req 	 | 00001000		 | WR 		| 03401930	| 42423c00 
196660.0 	|   3	 | RingReqIn | 00001000		 | WR 		| 03401930	| 42423c00 
197340.0 	|   2	 | C2F_Req 	 | 00001000		 | WR 		| 03401a70	| 003c423c 
197380.0 	|   3	 | RingReqIn | 00001000		 | WR 		| 03401a70	| 003c423c 
199820.0 	|   1	 | C2F_Req 	 | 00000100		 | WR 		| 03400cb0	| 42423c00 
199860.0 	|   2	 | RingReqIn | 00000100		 | WR 		| 03400cb0	| 42423c00 
199900.0 	|   3	 | RingReqIn | 00000100		 | WR 		| 03400cb0	| 42423c00 
200540.0 	|   1	 | C2F_Req 	 | 00000100		 | WR 		| 03400df0	| 003c423c 
200580.0 	|   2	 | RingReqIn | 00000100		 | WR 		| 03400df0	| 003c423c 
200620.0 	|   3	 | RingReqIn | 00000100		 | WR 		| 03400df0	| 003c423c 
205740.0 	|   1	 | C2F_Req 	 | 00000100		 | WR 		| 03400cb4	| 52623c00 
205780.0 	|   2	 | RingReqIn | 00000100		 | WR 		| 03400cb4	| 52623c00 
205820.0 	|   3	 | RingReqIn | 00000100		 | WR 		| 03400cb4	| 52623c00 
206220.0 	|   2	 | C2F_Req 	 | 00001000		 | WR 		| 03401934	| 00000000 
206260.0 	|   3	 | RingReqIn | 00001000		 | WR 		| 03401934	| 00000000 
206460.0 	|   1	 | C2F_Req 	 | 00000100		 | WR 		| 03400df4	| 003c464a 
206500.0 	|   2	 | RingReqIn | 00000100		 | WR 		| 03400df4	| 003c464a 
206540.0 	|   3	 | RingReqIn | 00000100		 | WR 		| 03400df4	| 003c464a 
206940.0 	|   2	 | C2F_Req 	 | 00001000		 | WR 		| 03401a74	| 00000000 
206980.0 	|   3	 | RingReqIn | 00001000		 | WR 		| 03401a74	| 00000000 
215340.0 	|   1	 | C2F_Req 	 | 00000100		 | WR 		| 03400cb8	| 00000000 
215380.0 	|   2	 | RingReqIn | 00000100		 | WR 		| 03400cb8	| 00000000 
215420.0 	|   3	 | RingReqIn | 00000100		 | WR 		| 03400cb8	| 00000000 
216060.0 	|   1	 | C2F_Req 	 | 00000100		 | WR 		| 03400df8	| 00000000 
216100.0 	|   2	 | RingReqIn | 00000100		 | WR 		| 03400df8	| 00000000 
216140.0 	|   3	 | RingReqIn | 00000100		 | WR 		| 03400df8	| 00000000 
229660.0 	|   2	 | C2F_Req 	 | 00001000		 | WR 		| 03401938	| 1a1c1800 
229700.0 	|   3	 | RingReqIn | 00001000		 | WR 		| 03401938	| 1a1c1800 
230380.0 	|   2	 | C2F_Req 	 | 00001000		 | WR 		| 03401a78	| 007e1818 
230420.0 	|   3	 | RingReqIn | 00001000		 | WR 		| 03401a78	| 007e1818 
235580.0 	|   2	 | C2F_Req 	 | 00001000		 | WR 		| 0340193c	| 02423c00 
235620.0 	|   3	 | RingReqIn | 00001000		 | WR 		| 0340193c	| 02423c00 
236300.0 	|   2	 | C2F_Req 	 | 00001000		 | WR 		| 03401a7c	| 003c423e 
236340.0 	|   3	 | RingReqIn | 00001000		 | WR 		| 03401a7c	| 003c423e 
242940.0 	|   1	 | C2F_Req 	 | 00000100		 | WR 		| 03400cbc	| 42423c00 
242980.0 	|   2	 | RingReqIn | 00000100		 | WR 		| 03400cbc	| 42423c00 
243020.0 	|   3	 | RingReqIn | 00000100		 | WR 		| 03400cbc	| 42423c00 
243660.0 	|   1	 | C2F_Req 	 | 00000100		 | WR 		| 03400dfc	| 003e407c 
243700.0 	|   2	 | RingReqIn | 00000100		 | WR 		| 03400dfc	| 003e407c 
243740.0 	|   3	 | RingReqIn | 00000100		 | WR 		| 03400dfc	| 003e407c 
245180.0 	|   2	 | C2F_Req 	 | 00001000		 | WR 		| 03401940	| 00000000 
245220.0 	|   3	 | RingReqIn | 00001000		 | WR 		| 03401940	| 00000000 
245900.0 	|   2	 | C2F_Req 	 | 00001000		 | WR 		| 03401a80	| 00000000 
245940.0 	|   3	 | RingReqIn | 00001000		 | WR 		| 03401a80	| 00000000 
248860.0 	|   1	 | C2F_Req 	 | 00000100		 | WR 		| 03400cc0	| 02423c00 
248900.0 	|   2	 | RingReqIn | 00000100		 | WR 		| 03400cc0	| 02423c00 
248940.0 	|   3	 | RingReqIn | 00000100		 | WR 		| 03400cc0	| 02423c00 
249580.0 	|   1	 | C2F_Req 	 | 00000100		 | WR 		| 03400e00	| 003c423e 
249620.0 	|   2	 | RingReqIn | 00000100		 | WR 		| 03400e00	| 003c423e 
249660.0 	|   3	 | RingReqIn | 00000100		 | WR 		| 03400e00	| 003c423e 
258460.0 	|   1	 | C2F_Req 	 | 00000100		 | WR 		| 03400cc4	| 00000000 
258500.0 	|   2	 | RingReqIn | 00000100		 | WR 		| 03400cc4	| 00000000 
258540.0 	|   3	 | RingReqIn | 00000100		 | WR 		| 03400cc4	| 00000000 
259180.0 	|   1	 | C2F_Req 	 | 00000100		 | WR 		| 03400e04	| 00000000 
259220.0 	|   2	 | RingReqIn | 00000100		 | WR 		| 03400e04	| 00000000 
259260.0 	|   3	 | RingReqIn | 00000100		 | WR 		| 03400e04	| 00000000 
270220.0 	|   2	 | C2F_Req 	 | 00001000		 | WR 		| 03401944	| 40423c00 
270260.0 	|   3	 | RingReqIn | 00001000		 | WR 		| 03401944	| 40423c00 
270940.0 	|   2	 | C2F_Req 	 | 00001000		 | WR 		| 03401a84	| 003c4238 
270980.0 	|   3	 | RingReqIn | 00001000		 | WR 		| 03401a84	| 003c4238 
276140.0 	|   2	 | C2F_Req 	 | 00001000		 | WR 		| 03401948	| 40423c00 
276180.0 	|   3	 | RingReqIn | 00001000		 | WR 		| 03401948	| 40423c00 
276860.0 	|   2	 | C2F_Req 	 | 00001000		 | WR 		| 03401a88	| 007e023c 
276900.0 	|   3	 | RingReqIn | 00001000		 | WR 		| 03401a88	| 007e023c 
285740.0 	|   2	 | C2F_Req 	 | 00001000		 | WR 		| 0340194c	| 00000000 
285780.0 	|   3	 | RingReqIn | 00001000		 | WR 		| 0340194c	| 00000000 
286460.0 	|   2	 | C2F_Req 	 | 00001000		 | WR 		| 03401a8c	| 00000000 
286500.0 	|   3	 | RingReqIn | 00001000		 | WR 		| 03401a8c	| 00000000 
292300.0 	|   1	 | C2F_Req 	 | 00000100		 | WR 		| 03400cc8	| 1a1c1800 
292340.0 	|   2	 | RingReqIn | 00000100		 | WR 		| 03400cc8	| 1a1c1800 
292380.0 	|   3	 | RingReqIn | 00000100		 | WR 		| 03400cc8	| 1a1c1800 
293020.0 	|   1	 | C2F_Req 	 | 00000100		 | WR 		| 03400e08	| 007e1818 
293060.0 	|   2	 | RingReqIn | 00000100		 | WR 		| 03400e08	| 007e1818 
293100.0 	|   3	 | RingReqIn | 00000100		 | WR 		| 03400e08	| 007e1818 
298220.0 	|   1	 | C2F_Req 	 | 00000100		 | WR 		| 03400ccc	| 1a1c1800 
298260.0 	|   2	 | RingReqIn | 00000100		 | WR 		| 03400ccc	| 1a1c1800 
298300.0 	|   3	 | RingReqIn | 00000100		 | WR 		| 03400ccc	| 1a1c1800 
298940.0 	|   1	 | C2F_Req 	 | 00000100		 | WR 		| 03400e0c	| 007e1818 
298980.0 	|   2	 | RingReqIn | 00000100		 | WR 		| 03400e0c	| 007e1818 
299020.0 	|   3	 | RingReqIn | 00000100		 | WR 		| 03400e0c	| 007e1818 
304140.0 	|   1	 | C2F_Req 	 | 00000100		 | WR 		| 03400cd0	| 40423c00 
304180.0 	|   2	 | RingReqIn | 00000100		 | WR 		| 03400cd0	| 40423c00 
304220.0 	|   3	 | RingReqIn | 00000100		 | WR 		| 03400cd0	| 40423c00 
304860.0 	|   1	 | C2F_Req 	 | 00000100		 | WR 		| 03400e10	| 007e023c 
304900.0 	|   2	 | RingReqIn | 00000100		 | WR 		| 03400e10	| 007e023c 
304940.0 	|   3	 | RingReqIn | 00000100		 | WR 		| 03400e10	| 007e023c 
311740.0 	|   2	 | C2F_Req 	 | 00001000		 | WR 		| 03401950	| 24283000 
311780.0 	|   3	 | RingReqIn | 00001000		 | WR 		| 03401950	| 24283000 
312460.0 	|   2	 | C2F_Req 	 | 00001000		 | WR 		| 03401a90	| 0020207e 
312500.0 	|   3	 | RingReqIn | 00001000		 | WR 		| 03401a90	| 0020207e 
313740.0 	|   1	 | C2F_Req 	 | 00000100		 | WR 		| 03400cd4	| 00000000 
313780.0 	|   2	 | RingReqIn | 00000100		 | WR 		| 03400cd4	| 00000000 
313820.0 	|   3	 | RingReqIn | 00000100		 | WR 		| 03400cd4	| 00000000 
314460.0 	|   1	 | C2F_Req 	 | 00000100		 | WR 		| 03400e14	| 00000000 
314500.0 	|   2	 | RingReqIn | 00000100		 | WR 		| 03400e14	| 00000000 
314540.0 	|   3	 | RingReqIn | 00000100		 | WR 		| 03400e14	| 00000000 
317660.0 	|   2	 | C2F_Req 	 | 00001000		 | WR 		| 03401954	| 42423c00 
317700.0 	|   3	 | RingReqIn | 00001000		 | WR 		| 03401954	| 42423c00 
318380.0 	|   2	 | C2F_Req 	 | 00001000		 | WR 		| 03401a94	| 003c423c 
318420.0 	|   3	 | RingReqIn | 00001000		 | WR 		| 03401a94	| 003c423c 
327260.0 	|   2	 | C2F_Req 	 | 00001000		 | WR 		| 03401958	| 00000000 
327300.0 	|   3	 | RingReqIn | 00001000		 | WR 		| 03401958	| 00000000 
327980.0 	|   2	 | C2F_Req 	 | 00001000		 | WR 		| 03401a98	| 00000000 
328020.0 	|   3	 | RingReqIn | 00001000		 | WR 		| 03401a98	| 00000000 
347260.0 	|   1	 | C2F_Req 	 | 00000100		 | WR 		| 03400cd8	| 1a1c1800 
347300.0 	|   2	 | RingReqIn | 00000100		 | WR 		| 03400cd8	| 1a1c1800 
347340.0 	|   3	 | RingReqIn | 00000100		 | WR 		| 03400cd8	| 1a1c1800 
347980.0 	|   1	 | C2F_Req 	 | 00000100		 | WR 		| 03400e18	| 007e1818 
348020.0 	|   2	 | RingReqIn | 00000100		 | WR 		| 03400e18	| 007e1818 
348060.0 	|   3	 | RingReqIn | 00000100		 | WR 		| 03400e18	| 007e1818 
353180.0 	|   1	 | C2F_Req 	 | 00000100		 | WR 		| 03400cdc	| 40423c00 
353220.0 	|   2	 | RingReqIn | 00000100		 | WR 		| 03400cdc	| 40423c00 
353260.0 	|   3	 | RingReqIn | 00000100		 | WR 		| 03400cdc	| 40423c00 
353580.0 	|   2	 | C2F_Req 	 | 00001000		 | WR 		| 0340195c	| 02423c00 
353620.0 	|   3	 | RingReqIn | 00001000		 | WR 		| 0340195c	| 02423c00 
353900.0 	|   1	 | C2F_Req 	 | 00000100		 | WR 		| 03400e1c	| 007e023c 
353940.0 	|   2	 | RingReqIn | 00000100		 | WR 		| 03400e1c	| 007e023c 
353980.0 	|   3	 | RingReqIn | 00000100		 | WR 		| 03400e1c	| 007e023c 
354300.0 	|   2	 | C2F_Req 	 | 00001000		 | WR 		| 03401a9c	| 003c423e 
354340.0 	|   3	 | RingReqIn | 00001000		 | WR 		| 03401a9c	| 003c423e 
359100.0 	|   1	 | C2F_Req 	 | 00000100		 | WR 		| 03400ce0	| 42423c00 
359140.0 	|   2	 | RingReqIn | 00000100		 | WR 		| 03400ce0	| 42423c00 
359180.0 	|   3	 | RingReqIn | 00000100		 | WR 		| 03400ce0	| 42423c00 
359500.0 	|   2	 | C2F_Req 	 | 00001000		 | WR 		| 03401960	| 24283000 
359540.0 	|   3	 | RingReqIn | 00001000		 | WR 		| 03401960	| 24283000 
359820.0 	|   1	 | C2F_Req 	 | 00000100		 | WR 		| 03400e20	| 003c423c 
359860.0 	|   2	 | RingReqIn | 00000100		 | WR 		| 03400e20	| 003c423c 
359900.0 	|   3	 | RingReqIn | 00000100		 | WR 		| 03400e20	| 003c423c 
360220.0 	|   2	 | C2F_Req 	 | 00001000		 | WR 		| 03401aa0	| 0020207e 
360260.0 	|   3	 | RingReqIn | 00001000		 | WR 		| 03401aa0	| 0020207e 
368700.0 	|   1	 | C2F_Req 	 | 00000100		 | WR 		| 03400ce4	| 00000000 
368740.0 	|   2	 | RingReqIn | 00000100		 | WR 		| 03400ce4	| 00000000 
368780.0 	|   3	 | RingReqIn | 00000100		 | WR 		| 03400ce4	| 00000000 
369100.0 	|   2	 | C2F_Req 	 | 00001000		 | WR 		| 03401964	| 00000000 
369140.0 	|   3	 | RingReqIn | 00001000		 | WR 		| 03401964	| 00000000 
369420.0 	|   1	 | C2F_Req 	 | 00000100		 | WR 		| 03400e24	| 00000000 
369460.0 	|   2	 | RingReqIn | 00000100		 | WR 		| 03400e24	| 00000000 
369500.0 	|   3	 | RingReqIn | 00000100		 | WR 		| 03400e24	| 00000000 
369820.0 	|   2	 | C2F_Req 	 | 00001000		 | WR 		| 03401aa4	| 00000000 
369860.0 	|   3	 | RingReqIn | 00001000		 | WR 		| 03401aa4	| 00000000 
