------------------------------------------------------------------------------------
Time	| Tile ID		| Channel	| Requestor 	| OpCode 	| Address 	| Data	|
------------------------------------------------------------------------------------
6140.0 	|   1	 | C2F_Req 	 | 00000100		 | RD 		| 03c02024	| -------- 
6180.0 	|   2	 | RingReqIn | 00000100		 | RD 		| 03c02024	| -------- 
6220.0 	|   3	 | RingReqIn | 00000100		 | RD 		| 03c02024	| -------- 
6360.0 	|   3	 | RingRspOut| 00000100		 | RD_RSP 		| 03c02024	| 00000004 
6400.0 	|   1	 | RingRspIn | 00000100		 | RD_RSP 		| 03c02024	| 00000004 
6440.0 	|   1	 | C2F_Rsp 	| 00000100		 | RD_RSP 		| --------	| 00000004 
6780.0 	|   1	 | C2F_Req 	 | 00000100		 | RD 		| 03c02024	| -------- 
6820.0 	|   2	 | RingReqIn | 00000100		 | RD 		| 03c02024	| -------- 
6860.0 	|   3	 | RingReqIn | 00000100		 | RD 		| 03c02024	| -------- 
7000.0 	|   3	 | RingRspOut| 00000100		 | RD_RSP 		| 03c02024	| 00000004 
7040.0 	|   1	 | RingRspIn | 00000100		 | RD_RSP 		| 03c02024	| 00000004 
7080.0 	|   1	 | C2F_Rsp 	| 00000100		 | RD_RSP 		| --------	| 00000004 
7500.0 	|   1	 | C2F_Req 	 | 00000100		 | RD 		| 03c02024	| -------- 
7540.0 	|   2	 | RingReqIn | 00000100		 | RD 		| 03c02024	| -------- 
7580.0 	|   3	 | RingReqIn | 00000100		 | RD 		| 03c02024	| -------- 
7720.0 	|   3	 | RingRspOut| 00000100		 | RD_RSP 		| 03c02024	| 00000004 
7760.0 	|   1	 | RingRspIn | 00000100		 | RD_RSP 		| 03c02024	| 00000004 
7800.0 	|   1	 | C2F_Rsp 	| 00000100		 | RD_RSP 		| --------	| 00000004 
8220.0 	|   1	 | C2F_Req 	 | 00000100		 | RD 		| 03c02024	| -------- 
8260.0 	|   2	 | RingReqIn | 00000100		 | RD 		| 03c02024	| -------- 
8300.0 	|   3	 | RingReqIn | 00000100		 | RD 		| 03c02024	| -------- 
8440.0 	|   3	 | RingRspOut| 00000100		 | RD_RSP 		| 03c02024	| 00000004 
8480.0 	|   1	 | RingRspIn | 00000100		 | RD_RSP 		| 03c02024	| 00000004 
8520.0 	|   1	 | C2F_Rsp 	| 00000100		 | RD_RSP 		| --------	| 00000004 
8940.0 	|   1	 | C2F_Req 	 | 00000100		 | RD 		| 03c02024	| -------- 
8980.0 	|   2	 | RingReqIn | 00000100		 | RD 		| 03c02024	| -------- 
9020.0 	|   3	 | RingReqIn | 00000100		 | RD 		| 03c02024	| -------- 
9160.0 	|   3	 | RingRspOut| 00000100		 | RD_RSP 		| 03c02024	| 00000004 
9200.0 	|   1	 | RingRspIn | 00000100		 | RD_RSP 		| 03c02024	| 00000004 
9240.0 	|   1	 | C2F_Rsp 	| 00000100		 | RD_RSP 		| --------	| 00000004 
810300.0 	|   1	 | C2F_Req 	 | 00000100		 | WR 		| 03c02018	| 00000200 
810340.0 	|   2	 | RingReqIn | 00000100		 | WR 		| 03c02018	| 00000200 
810380.0 	|   3	 | RingReqIn | 00000100		 | WR 		| 03c02018	| 00000200 
811260.0 	|   1	 | C2F_Req 	 | 00000100		 | RD 		| 03c02024	| -------- 
811300.0 	|   2	 | RingReqIn | 00000100		 | RD 		| 03c02024	| -------- 
811340.0 	|   3	 | RingReqIn | 00000100		 | RD 		| 03c02024	| -------- 
811480.0 	|   3	 | RingRspOut| 00000100		 | RD_RSP 		| 03c02024	| 00000004 
811520.0 	|   1	 | RingRspIn | 00000100		 | RD_RSP 		| 03c02024	| 00000004 
811560.0 	|   1	 | C2F_Rsp 	| 00000100		 | RD_RSP 		| --------	| 00000004 
811900.0 	|   1	 | C2F_Req 	 | 00000100		 | RD 		| 03c02024	| -------- 
811940.0 	|   2	 | RingReqIn | 00000100		 | RD 		| 03c02024	| -------- 
811980.0 	|   3	 | RingReqIn | 00000100		 | RD 		| 03c02024	| -------- 
812120.0 	|   3	 | RingRspOut| 00000100		 | RD_RSP 		| 03c02024	| 00000004 
812160.0 	|   1	 | RingRspIn | 00000100		 | RD_RSP 		| 03c02024	| 00000004 
812200.0 	|   1	 | C2F_Rsp 	| 00000100		 | RD_RSP 		| --------	| 00000004 
812620.0 	|   1	 | C2F_Req 	 | 00000100		 | RD 		| 03c02024	| -------- 
812660.0 	|   2	 | RingReqIn | 00000100		 | RD 		| 03c02024	| -------- 
812700.0 	|   3	 | RingReqIn | 00000100		 | RD 		| 03c02024	| -------- 
812840.0 	|   3	 | RingRspOut| 00000100		 | RD_RSP 		| 03c02024	| 00000004 
812880.0 	|   1	 | RingRspIn | 00000100		 | RD_RSP 		| 03c02024	| 00000004 
812920.0 	|   1	 | C2F_Rsp 	| 00000100		 | RD_RSP 		| --------	| 00000004 
813340.0 	|   1	 | C2F_Req 	 | 00000100		 | RD 		| 03c02024	| -------- 
813380.0 	|   2	 | RingReqIn | 00000100		 | RD 		| 03c02024	| -------- 
813420.0 	|   3	 | RingReqIn | 00000100		 | RD 		| 03c02024	| -------- 
813560.0 	|   3	 | RingRspOut| 00000100		 | RD_RSP 		| 03c02024	| 00000004 
813600.0 	|   1	 | RingRspIn | 00000100		 | RD_RSP 		| 03c02024	| 00000004 
813640.0 	|   1	 | C2F_Rsp 	| 00000100		 | RD_RSP 		| --------	| 00000004 
814060.0 	|   1	 | C2F_Req 	 | 00000100		 | RD 		| 03c02024	| -------- 
814100.0 	|   2	 | RingReqIn | 00000100		 | RD 		| 03c02024	| -------- 
814140.0 	|   3	 | RingReqIn | 00000100		 | RD 		| 03c02024	| -------- 
814280.0 	|   3	 | RingRspOut| 00000100		 | RD_RSP 		| 03c02024	| 00000004 
814320.0 	|   1	 | RingRspIn | 00000100		 | RD_RSP 		| 03c02024	| 00000004 
814360.0 	|   1	 | C2F_Rsp 	| 00000100		 | RD_RSP 		| --------	| 00000004 
