#######################################################################################
# log primitive debug message of FSDB dumping                                         #
# This is for R&D to analyze when there are issues happening when FSDB dump           #
#######################################################################################
ANF: vcsd_get_serial_mode_status('/users/eptzsh/1907_b/riscv-multi-core-lotr/running_dir/simv: undefined symbol: vcsd_get_serial_mode_status')
ANF: vcsd_enable_sva_success_callback('/users/eptzsh/1907_b/riscv-multi-core-lotr/running_dir/simv: undefined symbol: vcsd_enable_sva_success_callback')
ANF: vcsd_disable_sva_success_callback('/users/eptzsh/1907_b/riscv-multi-core-lotr/running_dir/simv: undefined symbol: vcsd_disable_sva_success_callback')
ANF: vcsd_get_power_scope_name('/users/eptzsh/1907_b/riscv-multi-core-lotr/running_dir/simv: undefined symbol: vcsd_get_power_scope_name')
ANF: vcsd_begin_no_value_var_info('/users/eptzsh/1907_b/riscv-multi-core-lotr/running_dir/simv: undefined symbol: vcsd_begin_no_value_var_info')
ANF: vcsd_end_no_value_var_info('/users/eptzsh/1907_b/riscv-multi-core-lotr/running_dir/simv: undefined symbol: vcsd_end_no_value_var_info')
ANF: vcsd_remove_xprop_merge_mode_callback('/users/eptzsh/1907_b/riscv-multi-core-lotr/running_dir/simv: undefined symbol: vcsd_remove_xprop_merge_mode_callback')
ANF: vhpi_get_cb_info('/users/eptzsh/1907_b/riscv-multi-core-lotr/running_dir/simv: undefined symbol: vhpi_get_cb_info')
ANF: vhpi_free_handle('/users/eptzsh/1907_b/riscv-multi-core-lotr/running_dir/simv: undefined symbol: vhpi_free_handle')
ANF: vhpi_fetch_vcsd_handle('/users/eptzsh/1907_b/riscv-multi-core-lotr/running_dir/simv: undefined symbol: vhpi_fetch_vcsd_handle')
ANF: vhpi_fetch_vpi_handle('/users/eptzsh/1907_b/riscv-multi-core-lotr/running_dir/simv: undefined symbol: vhpi_fetch_vpi_handle')
ANF: vhpi_has_verilog_parent('/users/eptzsh/1907_b/riscv-multi-core-lotr/running_dir/simv: undefined symbol: vhpi_has_verilog_parent')
ANF: vhpi_is_verilog_scope('/users/eptzsh/1907_b/riscv-multi-core-lotr/running_dir/simv: undefined symbol: vhpi_is_verilog_scope')
ANF: scsd_xprop_is_enabled('/users/eptzsh/1907_b/riscv-multi-core-lotr/running_dir/simv: undefined symbol: scsd_xprop_is_enabled')
ANF: scsd_xprop_sig_is_promoted('/users/eptzsh/1907_b/riscv-multi-core-lotr/running_dir/simv: undefined symbol: scsd_xprop_sig_is_promoted')
ANF: scsd_xprop_int_xvalue('/users/eptzsh/1907_b/riscv-multi-core-lotr/running_dir/simv: undefined symbol: scsd_xprop_int_xvalue')
ANF: scsd_xprop_bool_xvalue('/users/eptzsh/1907_b/riscv-multi-core-lotr/running_dir/simv: undefined symbol: scsd_xprop_bool_xvalue')
ANF: scsd_xprop_enum_xvalue('/users/eptzsh/1907_b/riscv-multi-core-lotr/running_dir/simv: undefined symbol: scsd_xprop_enum_xvalue')
ANF: scsd_xprop_register_merge_mode_cb('/users/eptzsh/1907_b/riscv-multi-core-lotr/running_dir/simv: undefined symbol: scsd_xprop_register_merge_mode_cb')
ANF: scsd_xprop_delete_merge_mode_cb('/users/eptzsh/1907_b/riscv-multi-core-lotr/running_dir/simv: undefined symbol: scsd_xprop_delete_merge_mode_cb')
ANF: scsd_xprop_get_merge_mode('/users/eptzsh/1907_b/riscv-multi-core-lotr/running_dir/simv: undefined symbol: scsd_xprop_get_merge_mode')
ANF: scsd_thread_get_info('/users/eptzsh/1907_b/riscv-multi-core-lotr/running_dir/simv: undefined symbol: scsd_thread_get_info')
ANF: scsd_thread_vc_init('/users/eptzsh/1907_b/riscv-multi-core-lotr/running_dir/simv: undefined symbol: scsd_thread_vc_init')
ANF: scsd_master_set_delta_sync_cbk('/users/eptzsh/1907_b/riscv-multi-core-lotr/running_dir/simv: undefined symbol: scsd_master_set_delta_sync_cbk')
ANF: scsd_fgp_get_fsdb_cores('/users/eptzsh/1907_b/riscv-multi-core-lotr/running_dir/simv: undefined symbol: scsd_fgp_get_fsdb_cores')
ANF: msvEnableDumpingMode('/users/eptzsh/1907_b/riscv-multi-core-lotr/running_dir/simv: undefined symbol: msvEnableDumpingMode')
ANF: msvGetVersion('/users/eptzsh/1907_b/riscv-multi-core-lotr/running_dir/simv: undefined symbol: msvGetVersion')
ANF: msvGetInstProp('/users/eptzsh/1907_b/riscv-multi-core-lotr/running_dir/simv: undefined symbol: msvGetInstProp')
ANF: msvIsSpiceEngineReady('/users/eptzsh/1907_b/riscv-multi-core-lotr/running_dir/simv: undefined symbol: msvIsSpiceEngineReady')
ANF: msvSetAddProbeCallback('/users/eptzsh/1907_b/riscv-multi-core-lotr/running_dir/simv: undefined symbol: msvSetAddProbeCallback')
ANF: msvGetInstHandle('/users/eptzsh/1907_b/riscv-multi-core-lotr/running_dir/simv: undefined symbol: msvGetInstHandle')
ANF: msvGetProbeByInst('/users/eptzsh/1907_b/riscv-multi-core-lotr/running_dir/simv: undefined symbol: msvGetProbeByInst')
ANF: msvGetSigHandle('/users/eptzsh/1907_b/riscv-multi-core-lotr/running_dir/simv: undefined symbol: msvGetSigHandle')
ANF: msvGetProbeBySig('/users/eptzsh/1907_b/riscv-multi-core-lotr/running_dir/simv: undefined symbol: msvGetProbeBySig')
ANF: msvGetProbeInfo('/users/eptzsh/1907_b/riscv-multi-core-lotr/running_dir/simv: undefined symbol: msvGetProbeInfo')
ANF: msvRelease('/users/eptzsh/1907_b/riscv-multi-core-lotr/running_dir/simv: undefined symbol: msvRelease')
ANF: msvSetVcCallbackFunc('/users/eptzsh/1907_b/riscv-multi-core-lotr/running_dir/simv: undefined symbol: msvSetVcCallbackFunc')
ANF: msvCheckVcCallback('/users/eptzsh/1907_b/riscv-multi-core-lotr/running_dir/simv: undefined symbol: msvCheckVcCallback')
ANF: msvAddVcCallback('/users/eptzsh/1907_b/riscv-multi-core-lotr/running_dir/simv: undefined symbol: msvAddVcCallback')
ANF: msvRemoveVcCallback('/users/eptzsh/1907_b/riscv-multi-core-lotr/running_dir/simv: undefined symbol: msvRemoveVcCallback')
ANF: msvGetLatestValue('/users/eptzsh/1907_b/riscv-multi-core-lotr/running_dir/simv: undefined symbol: msvGetLatestValue')
ANF: msvSetEndofSimCallback('/users/eptzsh/1907_b/riscv-multi-core-lotr/running_dir/simv: undefined symbol: msvSetEndofSimCallback')
ANF: msvIgnoredProbe('/users/eptzsh/1907_b/riscv-multi-core-lotr/running_dir/simv: undefined symbol: msvIgnoredProbe')
ANF: msvGetThruNetInfo('/users/eptzsh/1907_b/riscv-multi-core-lotr/running_dir/simv: undefined symbol: msvGetThruNetInfo')
ANF: msvFreeThruNetInfo('/users/eptzsh/1907_b/riscv-multi-core-lotr/running_dir/simv: undefined symbol: msvFreeThruNetInfo')
ANF: PI_ace_get_output_time_unit('/users/eptzsh/1907_b/riscv-multi-core-lotr/running_dir/simv: undefined symbol: PI_ace_get_output_time_unit')
ANF: PI_ace_sim_sync('/users/eptzsh/1907_b/riscv-multi-core-lotr/running_dir/simv: undefined symbol: PI_ace_sim_sync')
ANF: msvGetRereadInitFile('/users/eptzsh/1907_b/riscv-multi-core-lotr/running_dir/simv: undefined symbol: msvGetRereadInitFile')
ANF: msvSetBeforeRereadCallback('/users/eptzsh/1907_b/riscv-multi-core-lotr/running_dir/simv: undefined symbol: msvSetBeforeRereadCallback')
ANF: msvSetAfterRereadCallback('/users/eptzsh/1907_b/riscv-multi-core-lotr/running_dir/simv: undefined symbol: msvSetAfterRereadCallback')
ANF: msvSetForceCallback('/users/eptzsh/1907_b/riscv-multi-core-lotr/running_dir/simv: undefined symbol: msvSetForceCallback')
ANF: msvSetReleaseCallback('/users/eptzsh/1907_b/riscv-multi-core-lotr/running_dir/simv: undefined symbol: msvSetReleaseCallback')
ANF: msvGetForceStatus('/users/eptzsh/1907_b/riscv-multi-core-lotr/running_dir/simv: undefined symbol: msvGetForceStatus')
ANF: vhdi_dt_get_type('/users/eptzsh/1907_b/riscv-multi-core-lotr/running_dir/simv: undefined symbol: vhdi_dt_get_type')
ANF: vhdi_dt_get_key('/users/eptzsh/1907_b/riscv-multi-core-lotr/running_dir/simv: undefined symbol: vhdi_dt_get_key')
ANF: vhdi_dt_get_vhdl_enum_info('/users/eptzsh/1907_b/riscv-multi-core-lotr/running_dir/simv: undefined symbol: vhdi_dt_get_vhdl_enum_info')
ANF: vhdi_dt_get_vhdl_physical_info('/users/eptzsh/1907_b/riscv-multi-core-lotr/running_dir/simv: undefined symbol: vhdi_dt_get_vhdl_physical_info')
ANF: vhdi_dt_get_vhdl_array_info('/users/eptzsh/1907_b/riscv-multi-core-lotr/running_dir/simv: undefined symbol: vhdi_dt_get_vhdl_array_info')
ANF: vhdi_dt_get_vhdl_record_info('/users/eptzsh/1907_b/riscv-multi-core-lotr/running_dir/simv: undefined symbol: vhdi_dt_get_vhdl_record_info')
ANF: vhdi_def_traverse_module('/users/eptzsh/1907_b/riscv-multi-core-lotr/running_dir/simv: undefined symbol: vhdi_def_traverse_module')
ANF: vhdi_def_traverse_scope('/users/eptzsh/1907_b/riscv-multi-core-lotr/running_dir/simv: undefined symbol: vhdi_def_traverse_scope')
ANF: vhdi_def_traverse_variable('/users/eptzsh/1907_b/riscv-multi-core-lotr/running_dir/simv: undefined symbol: vhdi_def_traverse_variable')
ANF: vhdi_def_get_module_id_by_vhpi('/users/eptzsh/1907_b/riscv-multi-core-lotr/running_dir/simv: undefined symbol: vhdi_def_get_module_id_by_vhpi')
ANF: vhdi_def_get_handle_by_module_id('/users/eptzsh/1907_b/riscv-multi-core-lotr/running_dir/simv: undefined symbol: vhdi_def_get_handle_by_module_id')
ANF: vhdi_def_get_variable_info_by_vhpi('/users/eptzsh/1907_b/riscv-multi-core-lotr/running_dir/simv: undefined symbol: vhdi_def_get_variable_info_by_vhpi')
ANF: vhdi_def_free('/users/eptzsh/1907_b/riscv-multi-core-lotr/running_dir/simv: undefined symbol: vhdi_def_free')
ANF: vhdi_ist_traverse_scope('/users/eptzsh/1907_b/riscv-multi-core-lotr/running_dir/simv: undefined symbol: vhdi_ist_traverse_scope')
ANF: vhdi_ist_traverse_variable('/users/eptzsh/1907_b/riscv-multi-core-lotr/running_dir/simv: undefined symbol: vhdi_ist_traverse_variable')
ANF: vhdi_ist_convert_by_vhpi('/users/eptzsh/1907_b/riscv-multi-core-lotr/running_dir/simv: undefined symbol: vhdi_ist_convert_by_vhpi')
ANF: vhdi_ist_clone('/users/eptzsh/1907_b/riscv-multi-core-lotr/running_dir/simv: undefined symbol: vhdi_ist_clone')
ANF: vhdi_ist_free('/users/eptzsh/1907_b/riscv-multi-core-lotr/running_dir/simv: undefined symbol: vhdi_ist_free')
ANF: vhdi_ist_hash_key('/users/eptzsh/1907_b/riscv-multi-core-lotr/running_dir/simv: undefined symbol: vhdi_ist_hash_key')
ANF: vhdi_ist_compare('/users/eptzsh/1907_b/riscv-multi-core-lotr/running_dir/simv: undefined symbol: vhdi_ist_compare')
ANF: vhdi_ist_get_value_addr('/users/eptzsh/1907_b/riscv-multi-core-lotr/running_dir/simv: undefined symbol: vhdi_ist_get_value_addr')
ANF: vhdi_set_scsd_callback('/users/eptzsh/1907_b/riscv-multi-core-lotr/running_dir/simv: undefined symbol: vhdi_set_scsd_callback')
ANF: vhdi_cbk_set_force_callback('/users/eptzsh/1907_b/riscv-multi-core-lotr/running_dir/simv: undefined symbol: vhdi_cbk_set_force_callback')
ANF: vhdi_trigger_init_force('/users/eptzsh/1907_b/riscv-multi-core-lotr/running_dir/simv: undefined symbol: vhdi_trigger_init_force')
ANF: vhdi_ist_check_scsd_callback('/users/eptzsh/1907_b/riscv-multi-core-lotr/running_dir/simv: undefined symbol: vhdi_ist_check_scsd_callback')
ANF: vhdi_ist_add_scsd_callback('/users/eptzsh/1907_b/riscv-multi-core-lotr/running_dir/simv: undefined symbol: vhdi_ist_add_scsd_callback')
ANF: vhdi_ist_remove_scsd_callback('/users/eptzsh/1907_b/riscv-multi-core-lotr/running_dir/simv: undefined symbol: vhdi_ist_remove_scsd_callback')
ANF: vhdi_ist_get_scsd_user_data('/users/eptzsh/1907_b/riscv-multi-core-lotr/running_dir/simv: undefined symbol: vhdi_ist_get_scsd_user_data')
ANF: vhdi_add_time_change_callback('/users/eptzsh/1907_b/riscv-multi-core-lotr/running_dir/simv: undefined symbol: vhdi_add_time_change_callback')
ANF: vhdi_get_real_value_by_value_addr('/users/eptzsh/1907_b/riscv-multi-core-lotr/running_dir/simv: undefined symbol: vhdi_get_real_value_by_value_addr')
ANF: vhdi_get_64_value_by_value_addr('/users/eptzsh/1907_b/riscv-multi-core-lotr/running_dir/simv: undefined symbol: vhdi_get_64_value_by_value_addr')
ANF: vhdi_xprop_inst_is_promoted('/users/eptzsh/1907_b/riscv-multi-core-lotr/running_dir/simv: undefined symbol: vhdi_xprop_inst_is_promoted')
ANF: vdi_ist_convert_by_vhdi('/users/eptzsh/1907_b/riscv-multi-core-lotr/running_dir/simv: undefined symbol: vdi_ist_convert_by_vhdi')
ANF: vhdi_ist_get_module_id('/users/eptzsh/1907_b/riscv-multi-core-lotr/running_dir/simv: undefined symbol: vhdi_ist_get_module_id')
ANF: vhdi_refine_foreign_scope_type('/users/eptzsh/1907_b/riscv-multi-core-lotr/running_dir/simv: undefined symbol: vhdi_refine_foreign_scope_type')
ANF: vhdi_flush_callback('/users/eptzsh/1907_b/riscv-multi-core-lotr/running_dir/simv: undefined symbol: vhdi_flush_callback')
ANF: vhdi_set_orig_name('/users/eptzsh/1907_b/riscv-multi-core-lotr/running_dir/simv: undefined symbol: vhdi_set_orig_name')
ANF: vhdi_set_dump_pt('/users/eptzsh/1907_b/riscv-multi-core-lotr/running_dir/simv: undefined symbol: vhdi_set_dump_pt')
ANF: vhdi_get_fsdb_option('/users/eptzsh/1907_b/riscv-multi-core-lotr/running_dir/simv: undefined symbol: vhdi_get_fsdb_option')
ANF: vhdi_fgp_get_mode('/users/eptzsh/1907_b/riscv-multi-core-lotr/running_dir/simv: undefined symbol: vhdi_fgp_get_mode')
ANF: vhdi_node_register_composite_var('/users/eptzsh/1907_b/riscv-multi-core-lotr/running_dir/simv: undefined symbol: vhdi_node_register_composite_var')
ANF: vhdi_node_analysis('/users/eptzsh/1907_b/riscv-multi-core-lotr/running_dir/simv: undefined symbol: vhdi_node_analysis')
ANF: vhdi_node_id('/users/eptzsh/1907_b/riscv-multi-core-lotr/running_dir/simv: undefined symbol: vhdi_node_id')
ANF: vhdi_node_ist_check_scsd_callback('/users/eptzsh/1907_b/riscv-multi-core-lotr/running_dir/simv: undefined symbol: vhdi_node_ist_check_scsd_callback')
ANF: vhdi_node_ist_add_scsd_callback('/users/eptzsh/1907_b/riscv-multi-core-lotr/running_dir/simv: undefined symbol: vhdi_node_ist_add_scsd_callback')
ANF: vhdi_node_ist_get_value_addr('/users/eptzsh/1907_b/riscv-multi-core-lotr/running_dir/simv: undefined symbol: vhdi_node_ist_get_value_addr')
VCS compile option:
 option[0]: /users/eptzsh/1907_b/riscv-multi-core-lotr/running_dir/simv
 option[1]: -sml=verdi
 option[2]: +UVM_VERDI_TRACE=UVM_AWARE
 option[3]: +fsdb+gate=off
 option[4]: -ucli2Proc
 option[5]: -ucli
 option[6]: -l
 option[7]: /users/eptzsh/1907_b/riscv-multi-core-lotr/running_dir/verdiLog/sim.log
 option[8]: /eda/synopsys/2019-20/RHELx86/VCS_2019.06-SP2/vcs/P-2019.06-SP2/linux64/bin/vcs1
 option[9]: -Mcc=gcc
 option[10]: -Mcplusplus=g++
 option[11]: -Masflags=
 option[12]: -Mcfl= -pipe -fPIC -O -I/eda/synopsys/2019-20/RHELx86/VCS_2019.06-SP2/vcs/P-2019.06-SP2/include 
 option[13]: -Mxcflags= -pipe -fPIC -I/eda/synopsys/2019-20/RHELx86/VCS_2019.06-SP2/vcs/P-2019.06-SP2/include
 option[14]: -Mldflags= -rdynamic 
 option[15]: -Mout=simv
 option[16]: -Mamsrun=
 option[17]: -Mvcsaceobjs=
 option[18]: -Mobjects= /eda/synopsys/2019-20/RHELx86/VCS_2019.06-SP2/vcs/P-2019.06-SP2/linux64/lib/liberrorinf.so /eda/synopsys/2019-20/RHELx86/VCS_2019.06-SP2/vcs/P-2019.06-SP2/linux64/lib/libsnpsmalloc.so /eda/synopsys/2019-20/RHELx86/VCS_2019.06-SP2/vcs/P-2019.06-SP2/linux64/lib/libvfs.so 
 option[19]: -Mexternalobj=
 option[20]: -Msaverestoreobj=/eda/synopsys/2019-20/RHELx86/VCS_2019.06-SP2/vcs/P-2019.06-SP2/linux64/lib/vcs_save_restore_new.o
 option[21]: -Mcrt0=
 option[22]: -Mcrtn=
 option[23]: -Mcsrc=
 option[24]: -Msyslibs=/eda/synopsys/2019-20/RHELx86/VERDI_2019.06-SP2/share/PLI/VCS/LINUX64/pli.a -ldl 
 option[25]: -uum
 option[26]: rc_tb
 option[27]: -mxunielab
 option[28]: -uni_make
 option[29]: -Xhdlxmropt
 option[30]: -kdb
 option[31]: -Xufe=2steps
 option[32]: -debug_access+all
 option[33]: +vpi
 option[34]: +vcsd1
 option[35]: +itf+/eda/synopsys/2019-20/RHELx86/VCS_2019.06-SP2/vcs/P-2019.06-SP2/linux64/lib/vcsdp_lite.tab
 option[36]: -full64
 option[37]: -uum
 option[38]: -elaboration_options=/tmp/vcs_20210808172648_10107/elaboptfile_10107
 option[39]: -full64
 option[40]: -picarchive
 option[41]: -P
 option[42]: /eda/synopsys/2019-20/RHELx86/VERDI_2019.06-SP2/share/PLI/VCS/LINUX64/verdi.tab
 option[43]: -fsdb
 option[44]: -sverilog
 option[45]: -VHDLelab=-mxunielab -uni_make -nc -Xhdlxmropt -kdb -uum -elaboration_options /tmp/vcs_20210808172648_10107/elaboptfile_10107 -picarchive -fsdb -debug_acc_options all 
 option[46]: -gen_obj
 option[47]: -f
 option[48]: simv.daidir/mxopt.db
 option[49]: -load
 option[50]: /eda/synopsys/2019-20/RHELx86/VERDI_2019.06-SP2/share/PLI/VCS/LINUX64/libnovas.so:FSDBDumpCmd
Chronologic Simulation VCS Release P-2019.06-SP2_Full64
Linux 3.10.0-1062.el7.x86_64 #1 SMP Thu Jul 18 20:25:13 UTC 2019 x86_64
CPU cores: 8
Limit information:
======================================
cputime		unlimited
filesize		unlimited
datasize		unlimited
stacksize		8192 kbytes
coredumpsize		1 kbytes
memoryuse		unlimited
vmemoryuse		unlimited
descriptors		4096
memorylocked		unlimited
maxproc		4096
======================================
(Special)Runtime environment variables:

Runtime environment variables:
REMOTEHOST=132.69.237.185
MANPATH=.:/usr/man:/usr/openwin/share/man:/usr/share/man:/usr/local/manL:/usr/local/man:/hio/gnu/xemacs/man:/usr/dt/share/man:/usr/java1.2/man:/eda/synopsys/2019-20/RHELx86/ESP_2019.12/doc/esp/man:/eda/synopsys/2019-20/RHELx86/FM_2019.12-SP1/doc/fm/man:/eda/synopsys/2019-20/RHELx86/ICC2_2019.12-SP1/doc/ICC2/man:/eda/synopsys/2019-20/RHELx86/LC_2019.12-SP1/doc/syn/man:/eda/synopsys/2019-20/RHELx86/MW_2019.12-SP1/doc/mwm/man:/eda/synopsys/2019-20/RHELx86/MW_2019.12-SP1/doc/mwm/man:/eda/synopsys/2019-20/RHELx86/PT_2019.12-SP1/doc/pt/man:/eda/synopsys/2019-20/RHELx86/SYN_2019.12-SP1/doc/syn/man:/eda/synopsys/2019-20/RHELx86/VCS_2019.06-SP2/vcs/P-2019.06-SP2//doc/man
CDS_SSV=/eda/cadence/2019-20/RHELx86/SSV_19.11.000
SYNOPSYS_LC_ROOT=/eda/synopsys/2019-20/RHELx86/LC_2019.12-SP1/
SNPS_TAURUS_MD=/eda/synopsys/2019-20/RHELx86/TAURUS-MD_2019.12
VNCDESKTOP=vlsi-ria67:6 (eptzsh)
SSH_AGENT_PID=4401
QRC_HOME=/eda/cadence/2019-20/RHELx86/EXT_19.13.000
XDG_SESSION_ID=11158
HOSTNAME=vlsi-ria67
SNPS_SYN=/eda/synopsys/2019-20/RHELx86/SYN_2019.12-SP1
SYNOPSYS_TMAX=/eda/synopsys/2019-20/RHELx86/TMAX_2019.12-SP1
NOVAS_SYNC_MOTIF_DISP=
SNPS_LC=/eda/synopsys/2019-20/RHELx86/LC_2019.12-SP1
SELINUX_ROLE_REQUESTED=
SNPS_ICC2=/eda/synopsys/2019-20/RHELx86/ICC2_2019.12-SP1
RETHOME=/eda/cadence/2019-20/RHELx86/MVS_19.12.000
IMSETTINGS_INTEGRATE_DESKTOP=yes
NOVAS_HOME=/eda/synopsys/2019-20/RHELx86/VERDI_2019.06-SP2
VTE_VERSION=5202
HOST=vlsi-ria67
SHELL=/bin/tcsh
XDG_MENU_PREFIX=gnome-
TERM=vt100
SNPS_SAB=/eda/synopsys/2019-20/RHELx86/SABER_2019.06
CCDIR=/eda/synopsys/2019-20/RHELx86/CUSTOM-COMP_2019.06-SP1
SKIP_CDS_DIALOG=
CDS_USE_PALETTE=
SSH_CLIENT=132.69.237.185 61549 22
TMPDIR=/tmp
DMW_RSH_PATH=/usr/bin/ssh
DESIGNWARE_HOME=/eda/synopsys/2019-20/RHELx86/VIP_2019.12
PERL5LIB=/users/eptzsh/perl5/lib/perl5
STROOT=/eda/synopsys/2019-20/RHELx86/SENTAURUS_2019.12
SPS_FONT_PATH=/eda/synopsys/2019-20/RHELx86/VERDI_2019.06-SP2/font
GNOME_TERMINAL_SCREEN=/org/gnome/Terminal/screen/f70c6789_8679_4eff_9e1a_a6de8f5f6528
SYN_PPOWER=/eda/synopsys/2019-20/RHELx86/PPOWER_2019.12-SP1
SELINUX_USE_CURRENT_RANGE=
SABER_MODELSIM=/eda/synopsys/2019-20/RHELx86/SABER_2019.06/Saber/bin/sabermti.so
VCS_STACK_EXEC=true
VCS_TARGET_ARCH=amd64
SPS_XFONT_PATH=/eda/synopsys/2019-20/RHELx86/VERDI_2019.06-SP2/XFont
QTDIR=/usr/lib64/qt-3.3
VCS_PATHMAP_PRELOAD_DONE=1
PERL_MB_OPT=--install_base /users/eptzsh/perl5
CDS_SPECTRE=/eda/cadence/2019-20/RHELx86/SPECTRE_19.10.063
CDS_MVS=/eda/cadence/2019-20/RHELx86/MVS_19.12.000
QTINC=/usr/lib64/qt-3.3/include
SNPS_ESP=/eda/synopsys/2019-20/RHELx86/ESP_2019.12
SNPS_TMAX=/eda/synopsys/2019-20/RHELx86/TMAX_2019.12-SP1
SNPS_SENTAURUS_PCM=/eda/synopsys/2019-20/RHELx86/SENTAURUS-PCM_2019.09/
SNPS_SIS=/eda/synopsys/2019-20/RHELx86/SILICONSMART_2019.06-SP2
SSH_TTY=/dev/pts/42
LC_ALL=C
SNPS_CSIM=/eda/synopsys/2019-20/RHELx86/CUSTOM-SIM_2019.06-SP5
SG_HTML_BROWSER=/usr/bin/firefox
IMSETTINGS_MODULE=none
SNPS_ICWB=/eda/synopsys/2019-20/RHELx86/ICWB-EV-PLUS_2019.12
QT_GRAPHICSSYSTEM_CHECKED=1
GROUP=mail
USER=eptzsh
LD_LIBRARY_PATH=/usr/dt/lib/:/usr/openwin/lib:/usr/local/lib:/eda/synopsys/2019-20/RHELx86/LC_2019.12-SP1linux64/lc/shlib:/eda/synopsys/2019-20/RHELx86/SABER_2019.06/bin
ALTOSHOME=/eda/cadence/2019-20/RHELx86/LIBERATE_19.20.100
LS_COLORS=rs=0:di=38;5;27:ln=38;5;51:mh=44;38;5;15:pi=40;38;5;11:so=38;5;13:do=38;5;5:bd=48;5;232;38;5;11:cd=48;5;232;38;5;3:or=48;5;232;38;5;9:mi=05;48;5;232;38;5;15:su=48;5;196;38;5;15:sg=48;5;11;38;5;16:ca=48;5;196;38;5;226:tw=48;5;10;38;5;16:ow=48;5;10;38;5;21:st=48;5;21;38;5;15:ex=38;5;34:*.tar=38;5;9:*.tgz=38;5;9:*.arc=38;5;9:*.arj=38;5;9:*.taz=38;5;9:*.lha=38;5;9:*.lz4=38;5;9:*.lzh=38;5;9:*.lzma=38;5;9:*.tlz=38;5;9:*.txz=38;5;9:*.tzo=38;5;9:*.t7z=38;5;9:*.zip=38;5;9:*.z=38;5;9:*.Z=38;5;9:*.dz=38;5;9:*.gz=38;5;9:*.lrz=38;5;9:*.lz=38;5;9:*.lzo=38;5;9:*.xz=38;5;9:*.bz2=38;5;9:*.bz=38;5;9:*.tbz=38;5;9:*.tbz2=38;5;9:*.tz=38;5;9:*.deb=38;5;9:*.rpm=38;5;9:*.jar=38;5;9:*.war=38;5;9:*.ear=38;5;9:*.sar=38;5;9:*.rar=38;5;9:*.alz=38;5;9:*.ace=38;5;9:*.zoo=38;5;9:*.cpio=38;5;9:*.7z=38;5;9:*.rz=38;5;9:*.cab=38;5;9:*.jpg=38;5;13:*.jpeg=38;5;13:*.gif=38;5;13:*.bmp=38;5;13:*.pbm=38;5;13:*.pgm=38;5;13:*.ppm=38;5;13:*.tga=38;5;13:*.xbm=38;5;13:*.xpm=38;5;13:*.tif=38;5;13:*.tiff=38;5;13:*.png=38;5;13:*.svg=38;5;13:*.svgz=38;5;13:*.mng=38;5;13:*.pcx=38;5;13:*.mov=38;5;13:*.mpg=38;5;13:*.mpeg=38;5;13:*.m2v=38;5;13:*.mkv=38;5;13:*.webm=38;5;13:*.ogm=38;5;13:*.mp4=38;5;13:*.m4v=38;5;13:*.mp4v=38;5;13:*.vob=38;5;13:*.qt=38;5;13:*.nuv=38;5;13:*.wmv=38;5;13:*.asf=38;5;13:*.rm=38;5;13:*.rmvb=38;5;13:*.flc=38;5;13:*.avi=38;5;13:*.fli=38;5;13:*.flv=38;5;13:*.gl=38;5;13:*.dl=38;5;13:*.xcf=38;5;13:*.xwd=38;5;13:*.yuv=38;5;13:*.cgm=38;5;13:*.emf=38;5;13:*.axv=38;5;13:*.anx=38;5;13:*.ogv=38;5;13:*.ogx=38;5;13:*.aac=38;5;45:*.au=38;5;45:*.flac=38;5;45:*.mid=38;5;45:*.midi=38;5;45:*.mka=38;5;45:*.mp3=38;5;45:*.mpc=38;5;45:*.ogg=38;5;45:*.ra=38;5;45:*.wav=38;5;45:*.axa=38;5;45:*.oga=38;5;45:*.spx=38;5;45:*.xspf=38;5;45:
GNOME_TERMINAL_SERVICE=:1.107
HSPICE_64=1
XNLSPATH=/eda/synopsys/2019-20/RHELx86/VERDI_2019.06-SP2/etc/access/nls
CDS_PVS=/eda/cadence/2019-20/RHELx86/PVS_19.10.000
STRELEASE=current
SNPS_SFPGA=/eda/synopsys/2019-20/RHELx86/SFPGA_2019.09-SP1
CDS_MODUS=/eda/cadence/2019-20/RHELx86/MODUS_19.11.000
SUBSTRATESTORMHOME=/eda/cadence/2019-20/RHELx86/ASSURA_04.16.103_618
SSH_AUTH_SOCK=/run/user/4755/keyring/ssh
HOSTTYPE=x86_64-linux
SNPS_STARRC=/eda/synopsys/2019-20/RHELx86/STARRC_2019.12-SP1
MALLOC_ARENA_MAX=1
SPECMAN_PATH=/eda/cadence/2019-20/RHELx86/VIPCAT_11.30.065/utils:/eda/cadence/2019-20/RHELx86/VIPCAT_11.30.065/packages:/eda/cadence/2019-20/RHELx86/VIPCAT_11.30.065/utils:/eda/cadence/2019-20/RHELx86/VIPCAT_11.30.065/packages
SYN_PROTOCOMP=/eda/synopsys/2019-20/RHELx86/PROTOCOMP_2018.09-4
SESSION_MANAGER=local/unix:@/tmp/.ICE-unix/4274,unix/unix:/tmp/.ICE-unix/4274
SNPS_FM=/eda/synopsys/2019-20/RHELx86/FM_2019.12-SP1
CDS_VIPCAT=/eda/cadence/2019-20/RHELx86/VIPCAT_11.30.065
ARCH1=AMD.64
VCS_HEAP_EXEC=true
CDS_INNOVUS=/eda/cadence/2019-20/RHELx86/INNOVUS_19.11.000
CDS_VMANAGER=/eda/cadence/2019-20/RHELx86/VMANAGER_19.03.003
VC_STATIC_HOME=/eda/synopsys/2019-20/RHELx86/VC_STATIC_2019.06-SP2
GNOME_SHELL_SESSION_MODE=classic
ASSURA_AUTO_64BIT=ALL
FINESIM_HOME=/eda/synopsys/2019-20/RHELx86/FINESIM_2019.06-SP2
MAIL=/var/spool/mail/eptzsh
PATH=/bin:/usr/local/bin:/usr/ucb:/usr/openwin/bin:/bin:/usr/bin:/usr/lib:/usr/etc:/sbin:/usr/sbin:/local/bin:/usr/5bin:/usr/bin/X11:.:/eda/synopsys/2019-20/RHELx86/CORETOOLS_2019.06-SP5/bin:/eda/synopsys/2019-20/RHELx86/CUSTOM-COMP_2019.06-SP1/bin:/eda/synopsys/2019-20/RHELx86/CUSTOM-SIM_2019.06-SP5/bin:/eda/synopsys/2019-20/RHELx86/CUSTOM-SIM_2019.06-SP5/bin:/eda/synopsys/2019-20/RHELx86/CUSTOM-WV_2019.06-SP2/bin:/eda/synopsys/2019-20/RHELx86/CUSTOM-WV_2019.06-SP2/bin:/eda/synopsys/2019-20/RHELx86/ESP_2019.12/bin:/eda/synopsys/2019-20/RHELx86/FINESIM_2019.06-SP2/bin:/eda/synopsys/2019-20/RHELx86/FM_2019.12-SP1/bin:/eda/synopsys/2019-20/RHELx86/HSIMPLUS_2019.06-SP5/hsimplus/bin:/eda/synopsys/2019-20/RHELx86/HSIMPLUS_2019.06-SP5/hsimplus/bin:/eda/synopsys/2019-20/RHELx86/HSPICE_2019.06-SP2/hspice/bin:/eda/synopsys/2019-20/RHELx86/HSPICE_2019.06-SP2/hspice/cdpl/bin:/eda/synopsys/2019-20/RHELx86/ICC2_2019.12-SP1/bin:/eda/synopsys/2019-20/RHELx86/ICV_2019.12-SP1/bin/LINUX.64:/eda/synopsys/2019-20/RHELx86/ICWB-EV-PLUS_2019.12/bin:/eda/synopsys/2019-20/RHELx86/ICWB-EV-PLUS_2019.12/bin:/eda/synopsys/2019-20/RHELx86/LC_2019.12-SP1/bin:/eda/synopsys/2019-20/RHELx86/MW_2019.12-SP1/bin/AMD.64:/eda/synopsys/2019-20/RHELx86/MW_2019.12-SP1/bin/AMD.64:/eda/synopsys/2019-20/RHELx86/NT_2019.12-SP1/bin:/eda/synopsys/2019-20/RHELx86/PPOWER_2019.12-SP1/bin:/eda/synopsys/2019-20/RHELx86/PROTOCOMP_2018.09-4/bin:/eda/synopsys/2019-20/RHELx86/PT_2019.12-SP1/bin:/eda/synopsys/2019-20/RHELx86/SABER_2019.06/ai_bin:/eda/synopsys/2019-20/RHELx86/SENTAURUS_2019.12/bin:/eda/synopsys/2019-20/RHELx86/SENTAURUS-PCM_2019.09//bin:/eda/synopsys/2019-20/RHELx86/SFPGA_2019.09-SP1/bin:/eda/synopsys/2019-20/RHELx86/SILICONSMART_2019.06-SP2/bin:/eda/synopsys/2019-20/RHELx86/SPYGLASS_2019.06-SP2/SPYGLASS_HOME/bin:/eda/synopsys/2019-20/RHELx86/STARRC_2019.12-SP1/bin:/eda/synopsys/2019-20/RHELx86/SYN_2019.12-SP1/bin:/eda/synopsys/2019-20/RHELx86/TAURUS-MD_2019.12/bin:/eda/synopsys/2019-20/RHELx86/TAURUS-TS4_2019.12/bin:/eda/synopsys/2019-20/RHELx86/TMAX_2019.12-SP1/txs/bin:/eda/synopsys/2019-20/RHELx86/VCS_2019.06-SP2/vcs/P-2019.06-SP2//bin:/eda/synopsys/2019-20/RHELx86/VC_STATIC_2019.06-SP2/bin:/eda/synopsys/2019-20/RHELx86/VERDI_2019.06-SP2/bin:/eda/synopsys/2019-20/RHELx86/VIP_2019.12/bin:/eda/cadence/2019-20/RHELx86/ASSURA_04.16.103_618/tools/bin:/eda/cadence/2019-20/RHELx86/ASSURA_04.16.103_618/tools/assura/bin:/eda/cadence/2019-20/RHELx86/ASSURA_04.16.103_618/bin:/eda/cadence/2019-20/RHELx86/MODUS_19.11.000/bin:/eda/cadence/2019-20/RHELx86/CONFRML_19.10.300/bin:/eda/cadence/2019-20/RHELx86/MVS_19.12.000/bin:/eda/cadence/2019-20/RHELx86/EXT_19.13.000/bin:/eda/cadence/2019-20/RHELx86/PVS_19.10.000/bin:/eda/cadence/2019-20/RHELx86/GENUS_19.11.000/bin:/eda/cadence/2019-20/RHELx86/SPECTRE_19.10.063/bin:/eda/cadence/2019-20/RHELx86/IC_6.1.8.060/tools/bin:/eda/cadence/2019-20/RHELx86/IC_6.1.8.060/tools/dfII/bin:/eda/cadence/2019-20/RHELx86/SSV_19.11.000/bin:/eda/cadence/2019-20/RHELx86/INNOVUS_19.11.000/bin:/eda/cadence/2019-20/RHELx86/VIPCAT_11.30.065/tools/bin:/eda/cadence/2019-20/RHELx86/JLS_19.11.000/bin:/eda/cadence/2019-20/RHELx86/VMANAGER_19.03.003/bin:/eda/cadence/2019-20/RHELx86/LIBERATE_19.20.100/bin:/eda/cadence/2019-20/RHELx86/XCELIUM_19.03.013/bin:/eda/cadence/2019-20/RHELx86/XCELIUM_19.03.013/tools/bin:/eda/cadence/2019-20/RHELx86/XCELIUM_19.03.013/tools/cdsgcc/gcc/bin
DFMHOME=/eda/cadence/2019-20/RHELx86/MVS_19.12.000
SABER_HOME=/eda/synopsys/2019-20/RHELx86/SABER_2019.06/Saber
QT_IM_MODULE=ibus
VERDI_HOME=/eda/synopsys/2019-20/RHELx86/VERDI_2019.06-SP2
CDSDIR=/eda/cadence/2019-20/RHELx86/IC_6.1.8.060
PWD=/users/eptzsh/1907_b/riscv-multi-core-lotr/running_dir
SNPS_CT=/eda/synopsys/2019-20/RHELx86/CORETOOLS_2019.06-SP5
XMODIFIERS=@im=none
VCS_HOME=/eda/synopsys/2019-20/RHELx86/VCS_2019.06-SP2/vcs/P-2019.06-SP2
SNPS_MW=/eda/synopsys/2019-20/RHELx86/MW_2019.12-SP1
SYS_PROG_NAME=verdi
LANG=C
DRCTEMPDIR=/tmp/eptzshdrc
ALTOS_64=1
SNPS_HSPICE=/eda/synopsys/2019-20/RHELx86/HSPICE_2019.06-SP2/hspice
MODULEPATH=/usr/share/Modules/modulefiles:/etc/modulefiles
SNPS_CWV=/eda/synopsys/2019-20/RHELx86/CUSTOM-WV_2019.06-SP2
SG_PDF_VIEWER=/usr/bin/xpdf
KDEDIRS=/usr
SNPS_VC=/eda/synopsys/2019-20/RHELx86/VC_STATIC_2019.06-SP2
LOADEDMODULES=
SNPS_ICV=/eda/synopsys/2019-20/RHELx86/ICV_2019.12-SP1
SNPS_PT=/eda/synopsys/2019-20/RHELx86/PT_2019.12-SP1
SELINUX_LEVEL_REQUESTED=
CDSHOME=/eda/cadence/2019-20/RHELx86/IC_6.1.8.060
SYS_INST_DIR=/eda/synopsys/2019-20/RHELx86/VERDI_2019.06-SP2
XA_64=1
CDS_Netlisting_Mode=Analog
LM_LICENSE_FILE=/etc/local/synopsys/synopsys.lic:@132.68.59.79:/etc/local/synopsys/synopsys.lic:@132.68.59.69
SSH_ASKPASS=/usr/libexec/openssh/gnome-ssh-askpass
SNPS_FSIM=/eda/synopsys/2019-20/RHELx86/FINESIM_2019.06-SP2
PERL_HOMEDIR=1
CDS_JLS=/eda/cadence/2019-20/RHELx86/JLS_19.11.000
HOME=/users/eptzsh
SHLVL=4
ICV_INCLUDES=/eda/synopsys/2019-20/RHELx86/ICV_2019.12-SP1/include
OSTYPE=linux
SNPS_HSIM=/eda/synopsys/2019-20/RHELx86/HSIMPLUS_2019.06-SP5/hsimplus
VCS_EXEC_DONE=1
VERDI_ORIGNAL_LD_LIBRARY_PATH=/usr/dt/lib/:/usr/openwin/lib:/usr/local/lib:/eda/synopsys/2019-20/RHELx86/LC_2019.12-SP1linux64/lc/shlib:/eda/synopsys/2019-20/RHELx86/SABER_2019.06/bin
ICV_HOME_DIR=/eda/synopsys/2019-20/RHELx86/ICV_2019.12-SP1
SABER_DATA_PATH=.
GNOME_DESKTOP_SESSION_ID=this-is-deprecated
CDS_AUTO_64BIT=ALL
CDS_EXT=/eda/cadence/2019-20/RHELx86/EXT_19.13.000
CDS_ASSURA=/eda/cadence/2019-20/RHELx86/ASSURA_04.16.103_618
SYNOPSYS_SYSTYPE=LINUX.64
ICV_RSH_COMMAND=ssh
SYNOPSYS_ESP_ROOT=/eda/synopsys/2019-20/RHELx86/ESP_2019.12
VENDOR=unknown
CDS_XCELIUM=/eda/cadence/2019-20/RHELx86/XCELIUM_19.03.013
PERL_LOCAL_LIB_ROOT=/users/eptzsh/perl5
LOGNAME=eptzsh
CDS_IC=/eda/cadence/2019-20/RHELx86/IC_6.1.8.060
MACHTYPE=x86_64
SPYGLASS_HOME=/eda/synopsys/2019-20/RHELx86/SPYGLASS_2019.06-SP2/SPYGLASS_HOME
QTLIB=/usr/lib64/qt-3.3/lib
CVS_RSH=ssh
SNPS_CC=/eda/synopsys/2019-20/RHELx86/CUSTOM-COMP_2019.06-SP1
SSH_CONNECTION=132.69.237.185 61549 132.68.59.67 22
DBUS_SESSION_BUS_ADDRESS=unix:abstract=/tmp/dbus-sbHexEBFlI,guid=482b4fba7ce7639158ab1dd960f84dbd
NOVASHLPPATH=/eda/synopsys/2019-20/RHELx86/VERDI_2019.06-SP2/doc
SPS_RGB_PATH=/eda/synopsys/2019-20/RHELx86/VERDI_2019.06-SP2/etc/rgb
MODULESHOME=/usr/share/Modules
CDS_LIC_FILE=/etc/local/cadence/license_8x.3868dd0560aa:5280@132.68.59.69:/etc/local/cadence/license_8x.1831bfb82c67:5280@132.68.59.64:/etc/local/cadence/license_8x.0894ef683fc3:5280@132.68.59.79:/etc/local/cadence/license_8x.1831bfb82c67:5280@132.68.59.61
CDS_CONFRML=/eda/cadence/2019-20/RHELx86/CONFRML_19.10.300
CDS_GENUS=/eda/cadence/2019-20/RHELx86/GENUS_19.11.000
LESSOPEN=||/usr/bin/lesspipe.sh %s
SYNOPSYS_SYN_ROOT=/eda/synopsys/2019-20/RHELx86/SYN_2019.12-SP1
SNPS_NT=/eda/synopsys/2019-20/RHELx86/NT_2019.12-SP1
CDPL_HOME=/eda/synopsys/2019-20/RHELx86/HSPICE_2019.06-SP2/hspice/cdpl
LD_NOVERSION=1
DISPLAY=:6
XDG_RUNTIME_DIR=/run/user/4755
VERDI3_NEW_INTERACTIVE_DEBUG=
QT_PLUGIN_PATH=/eda/synopsys/2019-20/RHELx86/VERDI_2019.06-SP2/platform/LINUXAMD64/lib/Qt/plugins
STDB=/users/eptzsh/STDB
XDG_CURRENT_DESKTOP=GNOME
STAR_RCXT_HOME_DIR=/eda/synopsys/2019-20/RHELx86/STARRC_2019.12-SP1
PERL_MM_OPT=INSTALL_BASE=/users/eptzsh/perl5
ASSURAHOME=/eda/cadence/2019-20/RHELx86/ASSURA_04.16.103_618
SNPS_TAURUS_TS4=/eda/synopsys/2019-20/RHELx86/TAURUS-TS4_2019.12
SNPS_VERDI=/eda/synopsys/2019-20/RHELx86/VERDI_2019.06-SP2
COLORTERM=truecolor
PS_HWPC=OFF
NOVAS_LC_ALL=C
SIMV_DAIDIR_PATH=/users/eptzsh/1907_b/riscv-multi-core-lotr/running_dir/simv.daidir
NOVAS_SIGNAL_BASE_EXTRACTION=1
SIGNAL_BASE_EXTRACTION=1
NOVAS_VERDI_SVTB_BETA=1
VERDI_SVTB_BETA=1
NOVAS_VERDI_SVTB_ALPHA=1
VERDI_SVTB_ALPHA=1
NOVAS_VERDI_TB_HT=1
VERDI_TB_HT=1
NOVAS_WAVE_REDRAW_ALLVC=1
WAVE_REDRAW_ALLVC=1
NOVAS_TCL_LIBRARY=/eda/synopsys/2019-20/RHELx86/VERDI_2019.06-SP2/etc/access/tcl86_library
TCL_LIBRARY=/eda/synopsys/2019-20/RHELx86/VERDI_2019.06-SP2/etc/access/tcl86_library
XKEYSYMDB=/eda/synopsys/2019-20/RHELx86/VERDI_2019.06-SP2/etc/access/XKeysymDB2.1
NOVAS_SIGNAL_BASED_BA=0
SIGNAL_BASED_BA=0
SNPS_SIM_DEFAULT_GUI=verdi
FSDB_FILE=/users/eptzsh/1907_b/riscv-multi-core-lotr/running_dir/inter.fsdb
VCS_UCLI_STDIN_BLOCKING=1
FSDB_VHDL_PROTECTED=1
FSDB_RD_IR_ENABLE=1
FSDB_SVA_STATUS=1
SYNOPSYS_SIM=/eda/synopsys/2019-20/RHELx86/VCS_2019.06-SP2/vcs/P-2019.06-SP2/
DISABLE_LIBRARY_MAP_CHECK=1
XLOCALEDIR=/eda/synopsys/2019-20/RHELx86/VERDI_2019.06-SP2/etc/access/locale
VCS_STOP_SAFE=1
DVE_SIM_SELECT_LOOP=on
FLEXLM_BORROWFILE=/users/eptzsh/.vlsi-ria67-borrow.txt
Runtime command line arguments:
argv[0]=/users/eptzsh/1907_b/riscv-multi-core-lotr/running_dir/simv
argv[1]=-sml=verdi
argv[2]=+UVM_VERDI_TRACE=UVM_AWARE
argv[3]=+fsdb+gate=off
argv[4]=-ucli2Proc
argv[5]=-ucli
argv[6]=-l
argv[7]=/users/eptzsh/1907_b/riscv-multi-core-lotr/running_dir/verdiLog/sim.log
388 profile - 100
          CPU/Mem usage: 0.000 sys,  0.040 user,  261.17M mem
389 Elapsed time:    0:00:00    Sun Aug  8 20:27:34 2021
390 pliAppInit
391 ndpGetenv(FSDB_FILE): /users/eptzsh/1907_b/riscv-multi-core-lotr/running_dir/inter.fsdb
392 ndpGetenv(FSDB_SVA_STATUS): 1
393 ndpGetenv(FSDB_VHDL_PROTECTED): 1
394 FSDB_GATE & FSDB_RTL is disabled.
395 FSDB_FIELDTYPE is set.
396 Enable Parallel Dumping.
397 pliAppMiscSet: New Sim Round
398 pliEntryInit
399 LIBSSCORE=found /eda/synopsys/2019-20/RHELx86/VERDI_2019.06-SP2/share/PLI/lib/LINUXAMD64/libsscore_vcs201906.so through $NOVAS_HOME setting.
400 FSDB Dumper for VCS, Release Verdi_P-2019.06-SP2, Linux x86_64/64bit, 12/01/2019
401 (C) 1996 - 2019 by Synopsys, Inc.
402 sps_tcl_fsdbDumpfile_main at 0
403 argv[0]: /users/eptzsh/1907_b/riscv-multi-core-lotr/running_dir/inter.fsdb
404 *Verdi* : Create FSDB file '/users/eptzsh/1907_b/riscv-multi-core-lotr/running_dir/inter.fsdb'
405 compile option from '/users/eptzsh/1907_b/riscv-multi-core-lotr/running_dir/simv.daidir/vcs_rebuild'.
406   "vcs '-kdb' '-debug_access+all' '-sverilog' '-full64' 'rc_tb' "-Xrebuild" "-makedepends=Makefile.Msimdepends""
407   "gmake -f Makefile.Msimdepends"
408   "vcs '-kdb' '-debug_access+all' '-sverilog' '-full64' 'rc_tb' 2>&1"
409 sps_tcl_fsdbDumpflush_vd_main
410 *Verdi* : Flush all FSDB Files at 0 ps.
411 DVDI_is_vir_unload_enabled is enable
412 FSDB_VCS_ENABLE_NATIVE_VC is enable
413 sps_tcl_fsdbDumpvarsByFile_vd_main at 0 : N/A(0)
414 *Verdi* : Begin dumping the scopes by file (/users/eptzsh/1907_b/riscv-multi-core-lotr/running_dir/verdiLog/.tbsimDump_var_file).
415 [spi_vcs_vd_ppi_create_root]: no upf option
416 FSDB dumper cannot dump UPF related power signal ($power_tree): no ppiPowerNetwork.
417 Power dumping is enabled and VIR_REDUCTION may not work.
418 pliAppHDL_DumpVarComplete traverse var: profile - 
          CPU/Mem usage: 0.010 sys,  0.050 user,  358.09M mem
                   incr: 0.000 sys,  0.010 user,  3.87M mem
                   accu: 0.000 sys,  0.010 user,  3.87M mem
              accu incr: 0.000 sys,  0.010 user,  3.87M mem

          Count usage: 0 var,  57 idcode,  42 callback
                 incr: 0 var,  57 idcode,  42 callback
                 accu: 0 var,  57 idcode,  42 callback
            accu incr: 0 var,  57 idcode,  42 callback
419 Elapsed time:    0:00:00    Sun Aug  8 20:27:34 2021
420 pliAppHDL_DumpVarComplete: profile - 
          CPU/Mem usage: 0.010 sys,  0.050 user,  359.14M mem
                   incr: 0.000 sys,  0.000 user,  1.05M mem
                   accu: 0.000 sys,  0.010 user,  4.93M mem
              accu incr: 0.000 sys,  0.000 user,  1.05M mem

          Count usage: 0 var,  57 idcode,  42 callback
                 incr: 0 var,  0 idcode,  0 callback
                 accu: 0 var,  57 idcode,  42 callback
            accu incr: 0 var,  0 idcode,  0 callback
421 Elapsed time:    0:00:00    Sun Aug  8 20:27:34 2021
422 *Verdi* : End of dumping.
423 fsdbDumpvarsByFile: profile - 
          CPU/Mem usage: 0.010 sys,  0.050 user,  359.13M mem
                   incr: 0.000 sys,  0.010 user,  4.93M mem
                   accu: 0.000 sys,  0.010 user,  4.93M mem
              accu incr: 0.000 sys,  0.010 user,  4.93M mem

          Count usage: 0 var,  57 idcode,  42 callback
                 incr: 0 var,  57 idcode,  42 callback
                 accu: 0 var,  57 idcode,  42 callback
            accu incr: 0 var,  57 idcode,  42 callback
424 Elapsed time:    0:00:00    Sun Aug  8 20:27:34 2021
425 sps_tcl_fsdbDumpflush_vd_main
426 *Verdi* : Flush all FSDB Files at 0 ps.
427 sps_tcl_fsdbDumpflush_vd_main
428 *Verdi* : Flush all FSDB Files at 0 ps.
429 sps_tcl_fsdbDumpflush_vd_main
430 *Verdi* : Flush all FSDB Files at 0 ps.
431 sps_tcl_fsdbDumpflush_vd_main
432 *Verdi* : Flush all FSDB Files at 1,000,000 ps.
433 sps_tcl_fsdbDumpvars_vd_main
434 argv[0]: 0
435 argv[1]: rc_tb.i_rc.C2F_RspStallQnnnH
436 argv[2]: +all
437 argv[3]: +trace_process
438 *Verdi* : Dumping the signal (rc_tb.i_rc.C2F_RspStallQnnnH).
439 pliAppHDL_DumpVarComplete traverse var: profile - 
          CPU/Mem usage: 0.100 sys,  0.120 user,  361.71M mem
                   incr: 0.000 sys,  0.000 user,  0.00M mem
                   accu: 0.000 sys,  0.000 user,  0.00M mem
              accu incr: 0.000 sys,  0.000 user,  0.00M mem

          Count usage: 0 var,  58 idcode,  43 callback
                 incr: 0 var,  1 idcode,  1 callback
                 accu: 0 var,  1 idcode,  1 callback
            accu incr: 0 var,  1 idcode,  1 callback
440 Elapsed time:    0:01:38    Sun Aug  8 20:29:12 2021
441 pliAppHDL_DumpVarComplete: profile - 
          CPU/Mem usage: 0.100 sys,  0.120 user,  361.71M mem
                   incr: 0.000 sys,  0.000 user,  0.00M mem
                   accu: 0.000 sys,  0.000 user,  0.00M mem
              accu incr: 0.000 sys,  0.000 user,  0.00M mem

          Count usage: 0 var,  58 idcode,  43 callback
                 incr: 0 var,  0 idcode,  0 callback
                 accu: 0 var,  1 idcode,  1 callback
            accu incr: 0 var,  0 idcode,  0 callback
442 Elapsed time:    0:01:38    Sun Aug  8 20:29:12 2021
443 sps_tcl_fsdbDumpflush_vd_main
444 *Verdi* : Flush all FSDB Files at 1,000,000 ps.
445 sps_tcl_fsdbDumpflush_vd_main
446 *Verdi* : Flush all FSDB Files at 2,000,000 ps.
