==================================================================================
                      CACHE TOP TRACKER  -  Test: alive
==================================================================================
-----------------------------------------------------------------------------------
 Time  ||      IO       ||    Opcode    ||   Address    ||    Data   ||  Requestor 
-----------------------------------------------------------------------------------
    40     RingReqIn               WR       02000000        11111111     001     
    50     RingReqIn               WR       02002222        22222222     003     
    60     RingReqIn               WR       02000000        33333333     003     
    60     F2C_Req                 WR       02000000        11111111            
    70     RingReqIn               WR       aa000000        44444444     003     
    70     F2C_Req                 WR       02002222        22222222            
    80     RingReqIn         WR_BCAST       ff000000        66666666     003     
    80     F2C_Req                 WR       02000000        33333333            
    90     RingReqIn         WR_BCAST       ff000000        77777777     003     
    90     RingReqOut              WR       aa000000        44444444     003     
   100     RingReqIn               RD       02000000        33333333     003     
   100     RingReqOut        WR_BCAST       ff000000        66666666     003     
   100     F2C_Req                 WR       ff000000        66666666            
   110     RingReqIn               RD       aa000000        44444444     003     
   110     RingReqOut        WR_BCAST       ff000000        77777777     003     
   110     F2C_Req                 WR       ff000000        77777777            
   120     RingReqIn               RD       aa000000        55555555     003     
   120     F2C_Req                 RD       02000000        33333333            
   130     RingReqOut              RD       aa000000        44444444     003     
   140     RingReqOut              RD       aa000000        55555555     003     
   160     RingReqIn               RD       02000000        11111111     003     
   180     F2C_Req                 RD       02000000        11111111            
   200     RingReqIn               RD       02000022        22222222     003     
   220     F2C_Req                 RD       02000022        22222222            
   240     F2C_Rsp             RD_RSP       02000000        66666666            
   260     RingRspOut          RD_RSP       02000000        66666666     003     
   280     F2C_Rsp             RD_RSP       02000022        77777777            
   300     RingRspOut          RD_RSP       02000022        77777777     003     
