---------------------------------------------------------
Time	| Alu Op	| AluIn1	| AluIn2	| AluOut	|
---------------------------------------------------------
 50.0 	|OP_OPIMM  	|00000000 	|00000000 	|00000000 	| 
 60.0 	|OP_OPIMM  	|00000000 	|00000000 	|00000000 	| 
 70.0 	|OP_OPIMM  	|00000000 	|00000000 	|00000000 	| 
 80.0 	|OP_OPIMM  	|00000000 	|00000000 	|00000000 	| 
 90.0 	|OP_OPIMM  	|00000000 	|00000000 	|00000000 	| 
100.0 	|OP_OPIMM  	|00000000 	|00000000 	|00000000 	| 
110.0 	|OP_OPIMM  	|00000000 	|00000000 	|00000000 	| 
120.0 	|OP_OPIMM  	|00000000 	|00000000 	|00000000 	| 
130.0 	|OP_OPIMM  	|00000000 	|00000000 	|00000000 	| 
140.0 	|OP_OPIMM  	|00000000 	|00000000 	|00000000 	| 
150.0 	|OP_OPIMM  	|00000000 	|00000000 	|00000000 	| 
160.0 	|OP_OPIMM  	|00000000 	|00000000 	|00000000 	| 
170.0 	|OP_OPIMM  	|00000000 	|00000000 	|00000000 	| 
180.0 	|OP_OPIMM  	|00000000 	|00000000 	|00000000 	| 
190.0 	|OP_OPIMM  	|00000000 	|00000000 	|00000000 	| 
200.0 	|OP_OPIMM  	|00000000 	|00000000 	|00000000 	| 
210.0 	|OP_OPIMM  	|00000000 	|00000000 	|00000000 	| 
220.0 	|OP_OPIMM  	|00000000 	|00000000 	|00000000 	| 
230.0 	|OP_OPIMM  	|00000000 	|00000000 	|00000000 	| 
240.0 	|OP_OPIMM  	|00000000 	|00000000 	|00000000 	| 
250.0 	|OP_OPIMM  	|00000000 	|00000000 	|00000000 	| 
260.0 	|OP_OPIMM  	|00000000 	|00000000 	|00000000 	| 
270.0 	|OP_OPIMM  	|00000000 	|00000000 	|00000000 	| 
280.0 	|OP_OPIMM  	|00000000 	|00000000 	|00000000 	| 
290.0 	|OP_OPIMM  	|00000000 	|00000000 	|00000000 	| 
300.0 	|OP_OPIMM  	|00000000 	|00000000 	|00000000 	| 
310.0 	|OP_OPIMM  	|00000000 	|00000000 	|00000000 	| 
320.0 	|OP_OPIMM  	|00000000 	|00000000 	|00000000 	| 
330.0 	|OP_OPIMM  	|00000000 	|00000000 	|00000000 	| 
340.0 	|OP_OPIMM  	|00000000 	|00000000 	|00000000 	| 
350.0 	|OP_OPIMM  	|00000000 	|00000000 	|00000000 	| 
360.0 	|OP_OPIMM  	|00000000 	|00000000 	|00000000 	| 
370.0 	|OP_OPIMM  	|00000000 	|00000000 	|00000000 	| 
380.0 	|OP_OPIMM  	|00000000 	|00000000 	|00000000 	| 
390.0 	|OP_OPIMM  	|00000000 	|00000000 	|00000000 	| 
400.0 	|OP_OPIMM  	|00000000 	|00000000 	|00000000 	| 
410.0 	|OP_OPIMM  	|00000000 	|00000000 	|00000000 	| 
420.0 	|OP_OPIMM  	|00000000 	|00000000 	|00000000 	| 
430.0 	|OP_OPIMM  	|00000000 	|00000000 	|00000000 	| 
440.0 	|OP_OPIMM  	|00000000 	|00000000 	|00000000 	| 
450.0 	|OP_OPIMM  	|00000000 	|00000000 	|00000000 	| 
460.0 	|OP_OPIMM  	|00000000 	|00000000 	|00000000 	| 
470.0 	|OP_OPIMM  	|00000000 	|00000000 	|00000000 	| 
480.0 	|OP_OPIMM  	|00000000 	|00000000 	|00000000 	| 
490.0 	|OP_OPIMM  	|00000000 	|00000000 	|00000000 	| 
500.0 	|OP_OPIMM  	|00000000 	|00000000 	|00000000 	| 
510.0 	|OP_OPIMM  	|00000000 	|00000000 	|00000000 	| 
520.0 	|OP_OPIMM  	|00000000 	|00000000 	|00000000 	| 
530.0 	|OP_OPIMM  	|00000000 	|00000000 	|00000000 	| 
540.0 	|OP_OPIMM  	|00000000 	|00000000 	|00000000 	| 
550.0 	|OP_OPIMM  	|00000000 	|00000000 	|00000000 	| 
560.0 	|OP_OPIMM  	|00000000 	|00000000 	|00000000 	| 
570.0 	|OP_OPIMM  	|00000000 	|00000000 	|00000000 	| 
580.0 	|OP_OPIMM  	|00000000 	|00000000 	|00000000 	| 
590.0 	|OP_OPIMM  	|00000000 	|00000000 	|00000000 	| 
600.0 	|OP_OPIMM  	|00000000 	|00000000 	|00000000 	| 
610.0 	|OP_OPIMM  	|00000000 	|00000000 	|00000000 	| 
620.0 	|OP_OPIMM  	|00000000 	|00000000 	|00000000 	| 
630.0 	|OP_OPIMM  	|00000000 	|00000000 	|00000000 	| 
640.0 	|OP_OPIMM  	|00000000 	|00000000 	|00000000 	| 
650.0 	|OP_OPIMM  	|00000000 	|00000000 	|00000000 	| 
660.0 	|OP_OPIMM  	|00000000 	|00000000 	|00000000 	| 
670.0 	|OP_OPIMM  	|00000000 	|00000000 	|00000000 	| 
680.0 	|OP_OPIMM  	|00000000 	|00000000 	|00000000 	| 
690.0 	|OP_OPIMM  	|00000000 	|00000000 	|00000000 	| 
700.0 	|OP_OPIMM  	|00000000 	|00000000 	|00000000 	| 
710.0 	|OP_OPIMM  	|00000000 	|00000000 	|00000000 	| 
720.0 	|OP_OPIMM  	|00000000 	|00000000 	|00000000 	| 
730.0 	|OP_OPIMM  	|00000000 	|00000000 	|00000000 	| 
740.0 	|OP_OPIMM  	|00000000 	|00000000 	|00000000 	| 
750.0 	|OP_OPIMM  	|00000000 	|00000000 	|00000000 	| 
760.0 	|OP_OPIMM  	|00000000 	|00000000 	|00000000 	| 
770.0 	|OP_OPIMM  	|00000000 	|00000000 	|00000000 	| 
780.0 	|OP_OPIMM  	|00000000 	|00000000 	|00000000 	| 
790.0 	|OP_OPIMM  	|00000000 	|00000000 	|00000000 	| 
800.0 	|OP_OPIMM  	|00000000 	|00000000 	|00000000 	| 
810.0 	|OP_OPIMM  	|00000000 	|00000000 	|00000000 	| 
820.0 	|OP_OPIMM  	|00000000 	|00000000 	|00000000 	| 
830.0 	|OP_OPIMM  	|00000000 	|00000000 	|00000000 	| 
840.0 	|OP_OPIMM  	|00000000 	|00000000 	|00000000 	| 
850.0 	|OP_OPIMM  	|00000000 	|00000000 	|00000000 	| 
860.0 	|OP_OPIMM  	|00000000 	|00000000 	|00000000 	| 
870.0 	|OP_OPIMM  	|00000000 	|00000000 	|00000000 	| 
880.0 	|OP_OPIMM  	|00000000 	|00000000 	|00000000 	| 
890.0 	|OP_OPIMM  	|00000000 	|00000000 	|00000000 	| 
900.0 	|OP_OPIMM  	|00000000 	|00000000 	|00000000 	| 
910.0 	|OP_OPIMM  	|00000000 	|00000000 	|00000000 	| 
920.0 	|OP_OPIMM  	|00000000 	|00000000 	|00000000 	| 
930.0 	|OP_OPIMM  	|00000000 	|00000000 	|00000000 	| 
940.0 	|OP_OPIMM  	|00000000 	|00000000 	|00000000 	| 
950.0 	|OP_OPIMM  	|00000000 	|00000000 	|00000000 	| 
960.0 	|OP_OPIMM  	|00000000 	|00000000 	|00000000 	| 
970.0 	|OP_OPIMM  	|00000000 	|00000000 	|00000000 	| 
980.0 	|OP_OPIMM  	|00000000 	|00000000 	|00000000 	| 
990.0 	|OP_OPIMM  	|00000000 	|00000000 	|00000000 	| 
1000.0 	|OP_OPIMM  	|00000000 	|00000000 	|00000000 	| 
1010.0 	|OP_OPIMM  	|00000000 	|00000000 	|00000000 	| 
1020.0 	|OP_OPIMM  	|00000000 	|00000000 	|00000000 	| 
1030.0 	|OP_OPIMM  	|00000000 	|00000000 	|00000000 	| 
1040.0 	|OP_OPIMM  	|00000000 	|00000000 	|00000000 	| 
1050.0 	|OP_OPIMM  	|00000000 	|00000000 	|00000000 	| 
1060.0 	|OP_OPIMM  	|00000000 	|00000000 	|00000000 	| 
1070.0 	|OP_OPIMM  	|00000000 	|00000000 	|00000000 	| 
1080.0 	|OP_OPIMM  	|00000000 	|00000000 	|00000000 	| 
1090.0 	|OP_OPIMM  	|00000000 	|00000000 	|00000000 	| 
1100.0 	|OP_OPIMM  	|00000000 	|00000000 	|00000000 	| 
1110.0 	|OP_OPIMM  	|00000000 	|00000000 	|00000000 	| 
1120.0 	|OP_OPIMM  	|00000000 	|00000000 	|00000000 	| 
1130.0 	|OP_OPIMM  	|00000000 	|00000000 	|00000000 	| 
1140.0 	|OP_OPIMM  	|00000000 	|00000000 	|00000000 	| 
1150.0 	|OP_OPIMM  	|00000000 	|00000000 	|00000000 	| 
1160.0 	|OP_OPIMM  	|00000000 	|00000000 	|00000000 	| 
1170.0 	|OP_OPIMM  	|00000000 	|00000000 	|00000000 	| 
1180.0 	|OP_OPIMM  	|00000000 	|00000000 	|00000000 	| 
1190.0 	|OP_OPIMM  	|00000000 	|00000000 	|00000000 	| 
1200.0 	|OP_OPIMM  	|00000000 	|00000000 	|00000000 	| 
1210.0 	|OP_OPIMM  	|00000000 	|00000000 	|00000000 	| 
1220.0 	|OP_OPIMM  	|00000000 	|00000000 	|00000000 	| 
1230.0 	|OP_OPIMM  	|00000000 	|00000000 	|00000000 	| 
1240.0 	|OP_OPIMM  	|00000000 	|00000000 	|00000000 	| 
1250.0 	|OP_OPIMM  	|00000000 	|00000000 	|00000000 	| 
1260.0 	|OP_OPIMM  	|00000000 	|00000000 	|00000000 	| 
1270.0 	|OP_OPIMM  	|00000000 	|00000000 	|00000000 	| 
1280.0 	|OP_OPIMM  	|00000000 	|00000000 	|00000000 	| 
1290.0 	|OP_OPIMM  	|00000000 	|00000000 	|00000000 	| 
1300.0 	|OP_OPIMM  	|00000000 	|00000000 	|00000000 	| 
1310.0 	|OP_OPIMM  	|00000000 	|00000000 	|00000000 	| 
1320.0 	|OP_OPIMM  	|00000000 	|00000000 	|00000000 	| 
1330.0 	|OP_JAL    	|00000000 	|xxxxxxxx 	|xxxxxxxx 	| 
1340.0 	|OP_JAL    	|00000000 	|xxxxxxxx 	|xxxxxxxx 	| 
1350.0 	|OP_JAL    	|00000000 	|xxxxxxxx 	|xxxxxxxx 	| 
1360.0 	|OP_JAL    	|00000000 	|xxxxxxxx 	|xxxxxxxx 	| 
1370.0 	|OP_OPIMM  	|00000000 	|00000000 	|00000000 	| 
1380.0 	|OP_OPIMM  	|00000000 	|00000000 	|00000000 	| 
1390.0 	|OP_OPIMM  	|00000000 	|00000000 	|00000000 	| 
1400.0 	|OP_OPIMM  	|00000000 	|00000000 	|00000000 	| 
1410.0 	|OP_OPIMM  	|00000000 	|00000000 	|00000000 	| 
1420.0 	|OP_OPIMM  	|00000000 	|00000000 	|00000000 	| 
1430.0 	|OP_OPIMM  	|00000000 	|00000000 	|00000000 	| 
1440.0 	|OP_OPIMM  	|00000000 	|00000000 	|00000000 	| 
1450.0 	|OP_OPIMM  	|00000000 	|00000000 	|00000000 	| 
1460.0 	|OP_OPIMM  	|00000000 	|00000000 	|00000000 	| 
1470.0 	|OP_OPIMM  	|00000000 	|00000000 	|00000000 	| 
1480.0 	|OP_OPIMM  	|00000000 	|00000000 	|00000000 	| 
1490.0 	|OP_OPIMM  	|00000000 	|00000000 	|00000000 	| 
1500.0 	|OP_OPIMM  	|00000000 	|00000000 	|00000000 	| 
1510.0 	|OP_OPIMM  	|00000000 	|00000000 	|00000000 	| 
1520.0 	|OP_OPIMM  	|00000000 	|00000000 	|00000000 	| 
1530.0 	|OP_OPIMM  	|00000000 	|00000000 	|00000000 	| 
1540.0 	|OP_OPIMM  	|00000000 	|00000000 	|00000000 	| 
1550.0 	|OP_OPIMM  	|00000000 	|00000000 	|00000000 	| 
1560.0 	|OP_OPIMM  	|00000000 	|00000000 	|00000000 	| 
1570.0 	|OP_OPIMM  	|00000000 	|00000000 	|00000000 	| 
1580.0 	|OP_OPIMM  	|00000000 	|00000000 	|00000000 	| 
1590.0 	|OP_OPIMM  	|00000000 	|00000000 	|00000000 	| 
1600.0 	|OP_OPIMM  	|00000000 	|00000000 	|00000000 	| 
1610.0 	|OP_OPIMM  	|00000000 	|00000000 	|00000000 	| 
1620.0 	|OP_OPIMM  	|00000000 	|00000000 	|00000000 	| 
1630.0 	|OP_OPIMM  	|00000000 	|00000000 	|00000000 	| 
1640.0 	|OP_OPIMM  	|00000000 	|00000000 	|00000000 	| 
1650.0 	|OP_OPIMM  	|00000000 	|00000000 	|00000000 	| 
1660.0 	|OP_OPIMM  	|00000000 	|00000000 	|00000000 	| 
1670.0 	|OP_OPIMM  	|00000000 	|00000000 	|00000000 	| 
1680.0 	|OP_OPIMM  	|00000000 	|00000000 	|00000000 	| 
1690.0 	|OP_OPIMM  	|00000000 	|00000000 	|00000000 	| 
1700.0 	|OP_OPIMM  	|00000000 	|00000000 	|00000000 	| 
1710.0 	|OP_OPIMM  	|00000000 	|00000000 	|00000000 	| 
1720.0 	|OP_OPIMM  	|00000000 	|00000000 	|00000000 	| 
1730.0 	|OP_OPIMM  	|00000000 	|00000000 	|00000000 	| 
1740.0 	|OP_OPIMM  	|00000000 	|00000000 	|00000000 	| 
1750.0 	|OP_OPIMM  	|00000000 	|00000000 	|00000000 	| 
1760.0 	|OP_OPIMM  	|00000000 	|00000000 	|00000000 	| 
1770.0 	|OP_OPIMM  	|00000000 	|00000000 	|00000000 	| 
1780.0 	|OP_OPIMM  	|00000000 	|00000000 	|00000000 	| 
1790.0 	|OP_OPIMM  	|00000000 	|00000000 	|00000000 	| 
1800.0 	|OP_OPIMM  	|00000000 	|00000000 	|00000000 	| 
1810.0 	|OP_OPIMM  	|00000000 	|00000000 	|00000000 	| 
1820.0 	|OP_OPIMM  	|00000000 	|00000000 	|00000000 	| 
1830.0 	|OP_OPIMM  	|00000000 	|00000000 	|00000000 	| 
1840.0 	|OP_OPIMM  	|00000000 	|00000000 	|00000000 	| 
1850.0 	|OP_OPIMM  	|00000000 	|00000000 	|00000000 	| 
1860.0 	|OP_OPIMM  	|00000000 	|00000000 	|00000000 	| 
1870.0 	|OP_OPIMM  	|00000000 	|00000000 	|00000000 	| 
1880.0 	|OP_OPIMM  	|00000000 	|00000000 	|00000000 	| 
1890.0 	|OP_OPIMM  	|00000000 	|00000000 	|00000000 	| 
1900.0 	|OP_OPIMM  	|00000000 	|00000000 	|00000000 	| 
1910.0 	|OP_OPIMM  	|00000000 	|00000000 	|00000000 	| 
1920.0 	|OP_OPIMM  	|00000000 	|00000000 	|00000000 	| 
1930.0 	|OP_OPIMM  	|00000000 	|00000000 	|00000000 	| 
1940.0 	|OP_OPIMM  	|00000000 	|00000000 	|00000000 	| 
1950.0 	|OP_OPIMM  	|00000000 	|00000000 	|00000000 	| 
1960.0 	|OP_OPIMM  	|00000000 	|00000000 	|00000000 	| 
1970.0 	|OP_AUIPC  	|00000170 	|00401000 	|00401170 	| 
1980.0 	|OP_AUIPC  	|00000170 	|00401000 	|00401170 	| 
1990.0 	|OP_AUIPC  	|00000170 	|00401000 	|00401170 	| 
2000.0 	|OP_AUIPC  	|00000170 	|00401000 	|00401170 	| 
2010.0 	|OP_OPIMM  	|00401170 	|fffffd90 	|00400f00 	| 
2020.0 	|OP_OPIMM  	|00401170 	|fffffd90 	|00400f00 	| 
2030.0 	|OP_OPIMM  	|00401170 	|fffffd90 	|00400f00 	| 
2040.0 	|OP_OPIMM  	|00401170 	|fffffd90 	|00400f00 	| 
2050.0 	|OP_OPIMM  	|00000000 	|00000000 	|00000000 	| 
2060.0 	|OP_OPIMM  	|00000000 	|00000000 	|00000000 	| 
2070.0 	|OP_OPIMM  	|00000000 	|00000000 	|00000000 	| 
2080.0 	|OP_OPIMM  	|00000000 	|00000000 	|00000000 	| 
2090.0 	|OP_OPIMM  	|00000000 	|00000000 	|00000000 	| 
2100.0 	|OP_OPIMM  	|00000000 	|00000000 	|00000000 	| 
2110.0 	|OP_OPIMM  	|00000000 	|00000000 	|00000000 	| 
2120.0 	|OP_OPIMM  	|00000000 	|00000000 	|00000000 	| 
2130.0 	|OP_JAL    	|xxxxxxxx 	|xxxxxxxx 	|xxxxxxxx 	| 
2140.0 	|OP_JAL    	|xxxxxxxx 	|xxxxxxxx 	|xxxxxxxx 	| 
2150.0 	|OP_JAL    	|xxxxxxxx 	|xxxxxxxx 	|xxxxxxxx 	| 
2160.0 	|OP_JAL    	|xxxxxxxx 	|xxxxxxxx 	|xxxxxxxx 	| 
2170.0 	|OP_OPIMM  	|00400f00 	|ffffffe0 	|00400ee0 	| 
2180.0 	|OP_OPIMM  	|00400f00 	|ffffffe0 	|00400ee0 	| 
2190.0 	|OP_OPIMM  	|00400f00 	|ffffffe0 	|00400ee0 	| 
2200.0 	|OP_OPIMM  	|00400f00 	|ffffffe0 	|00400ee0 	| 
2210.0 	|OP_STORE  	|00400ee0 	|0000001c 	|00400efc 	| 
2220.0 	|OP_STORE  	|00400ee0 	|0000001c 	|00400efc 	| 
2230.0 	|OP_STORE  	|00400ee0 	|0000001c 	|00400efc 	| 
2240.0 	|OP_STORE  	|00400ee0 	|0000001c 	|00400efc 	| 
2250.0 	|OP_STORE  	|00400ee0 	|00000018 	|00400ef8 	| 
2260.0 	|OP_STORE  	|00400ee0 	|00000018 	|00400ef8 	| 
2270.0 	|OP_STORE  	|00400ee0 	|00000018 	|00400ef8 	| 
2280.0 	|OP_STORE  	|00400ee0 	|00000018 	|00400ef8 	| 
2290.0 	|OP_OPIMM  	|00400ee0 	|00000020 	|00400f00 	| 
2300.0 	|OP_OPIMM  	|00400ee0 	|00000020 	|00400f00 	| 
2310.0 	|OP_OPIMM  	|00400ee0 	|00000020 	|00400f00 	| 
2320.0 	|OP_OPIMM  	|00400ee0 	|00000020 	|00400f00 	| 
2330.0 	|OP_OPIMM  	|00000000 	|00000004 	|00000004 	| 
2340.0 	|OP_OPIMM  	|00000000 	|00000004 	|00000004 	| 
2350.0 	|OP_OPIMM  	|00000000 	|00000004 	|00000004 	| 
2360.0 	|OP_OPIMM  	|00000000 	|00000004 	|00000004 	| 
2370.0 	|OP_JAL    	|xxxxxxxx 	|00000000 	|00000000 	| 
2380.0 	|OP_JAL    	|xxxxxxxx 	|00000000 	|00000000 	| 
2390.0 	|OP_JAL    	|xxxxxxxx 	|00000000 	|00000000 	| 
2400.0 	|OP_JAL    	|xxxxxxxx 	|00000000 	|00000000 	| 
2410.0 	|OP_OPIMM  	|00400ee0 	|ffffffd0 	|00400eb0 	| 
2420.0 	|OP_OPIMM  	|00400ee0 	|ffffffd0 	|00400eb0 	| 
2430.0 	|OP_OPIMM  	|00400ee0 	|ffffffd0 	|00400eb0 	| 
2440.0 	|OP_OPIMM  	|00400ee0 	|ffffffd0 	|00400eb0 	| 
2450.0 	|OP_STORE  	|00400eb0 	|0000002c 	|00400edc 	| 
2460.0 	|OP_STORE  	|00400eb0 	|0000002c 	|00400edc 	| 
2470.0 	|OP_STORE  	|00400eb0 	|0000002c 	|00400edc 	| 
2480.0 	|OP_STORE  	|00400eb0 	|0000002c 	|00400edc 	| 
2490.0 	|OP_STORE  	|00400eb0 	|00000028 	|00400ed8 	| 
2500.0 	|OP_STORE  	|00400eb0 	|00000028 	|00400ed8 	| 
2510.0 	|OP_STORE  	|00400eb0 	|00000028 	|00400ed8 	| 
2520.0 	|OP_STORE  	|00400eb0 	|00000028 	|00400ed8 	| 
2530.0 	|OP_OPIMM  	|00400eb0 	|00000030 	|00400ee0 	| 
2540.0 	|OP_OPIMM  	|00400eb0 	|00000030 	|00400ee0 	| 
2550.0 	|OP_OPIMM  	|00400eb0 	|00000030 	|00400ee0 	| 
2560.0 	|OP_OPIMM  	|00400eb0 	|00000030 	|00400ee0 	| 
2570.0 	|OP_STORE  	|00400ee0 	|ffffffdc 	|00400ebc 	| 
2580.0 	|OP_STORE  	|00400ee0 	|ffffffdc 	|00400ebc 	| 
2590.0 	|OP_STORE  	|00400ee0 	|ffffffdc 	|00400ebc 	| 
2600.0 	|OP_STORE  	|00400ee0 	|ffffffdc 	|00400ebc 	| 
2610.0 	|OP_LOAD   	|00400ee0 	|ffffffdc 	|00400ebc 	| 
2620.0 	|OP_LOAD   	|00400ee0 	|ffffffdc 	|00400ebc 	| 
2630.0 	|OP_LOAD   	|00400ee0 	|ffffffdc 	|00400ebc 	| 
2640.0 	|OP_LOAD   	|00400ee0 	|ffffffdc 	|00400ebc 	| 
2650.0 	|OP_OPIMM  	|00000000 	|00000001 	|00000001 	| 
2660.0 	|OP_OPIMM  	|00000000 	|00000001 	|00000001 	| 
2670.0 	|OP_OPIMM  	|00000000 	|00000001 	|00000001 	| 
2680.0 	|OP_OPIMM  	|00000000 	|00000001 	|00000001 	| 
2730.0 	|OP_LOAD   	|00400ee0 	|ffffffdc 	|00400ebc 	| 
2740.0 	|OP_LOAD   	|00400ee0 	|ffffffdc 	|00400ebc 	| 
2750.0 	|OP_LOAD   	|00400ee0 	|ffffffdc 	|00400ebc 	| 
2760.0 	|OP_LOAD   	|00400ee0 	|ffffffdc 	|00400ebc 	| 
2770.0 	|OP_OPIMM  	|00000004 	|ffffffff 	|00000003 	| 
2780.0 	|OP_OPIMM  	|00000004 	|ffffffff 	|00000003 	| 
2790.0 	|OP_OPIMM  	|00000004 	|ffffffff 	|00000003 	| 
2800.0 	|OP_OPIMM  	|00000004 	|ffffffff 	|00000003 	| 
2810.0 	|OP_OPIMM  	|00000003 	|00000000 	|00000003 	| 
2820.0 	|OP_OPIMM  	|00000003 	|00000000 	|00000003 	| 
2830.0 	|OP_OPIMM  	|00000003 	|00000000 	|00000003 	| 
2840.0 	|OP_OPIMM  	|00000003 	|00000000 	|00000003 	| 
2850.0 	|OP_JAL    	|xxxxxxxx 	|00000000 	|00000000 	| 
2860.0 	|OP_JAL    	|xxxxxxxx 	|00000000 	|00000000 	| 
2870.0 	|OP_JAL    	|xxxxxxxx 	|00000000 	|00000000 	| 
2880.0 	|OP_JAL    	|xxxxxxxx 	|00000000 	|00000000 	| 
2890.0 	|OP_OPIMM  	|00400eb0 	|ffffffd0 	|00400e80 	| 
2900.0 	|OP_OPIMM  	|00400eb0 	|ffffffd0 	|00400e80 	| 
2910.0 	|OP_OPIMM  	|00400eb0 	|ffffffd0 	|00400e80 	| 
2920.0 	|OP_OPIMM  	|00400eb0 	|ffffffd0 	|00400e80 	| 
2930.0 	|OP_STORE  	|00400e80 	|0000002c 	|00400eac 	| 
2940.0 	|OP_STORE  	|00400e80 	|0000002c 	|00400eac 	| 
2950.0 	|OP_STORE  	|00400e80 	|0000002c 	|00400eac 	| 
2960.0 	|OP_STORE  	|00400e80 	|0000002c 	|00400eac 	| 
2970.0 	|OP_STORE  	|00400e80 	|00000028 	|00400ea8 	| 
2980.0 	|OP_STORE  	|00400e80 	|00000028 	|00400ea8 	| 
2990.0 	|OP_STORE  	|00400e80 	|00000028 	|00400ea8 	| 
3000.0 	|OP_STORE  	|00400e80 	|00000028 	|00400ea8 	| 
3010.0 	|OP_OPIMM  	|00400e80 	|00000030 	|00400eb0 	| 
3020.0 	|OP_OPIMM  	|00400e80 	|00000030 	|00400eb0 	| 
3030.0 	|OP_OPIMM  	|00400e80 	|00000030 	|00400eb0 	| 
3040.0 	|OP_OPIMM  	|00400e80 	|00000030 	|00400eb0 	| 
3050.0 	|OP_STORE  	|00400eb0 	|ffffffdc 	|00400e8c 	| 
3060.0 	|OP_STORE  	|00400eb0 	|ffffffdc 	|00400e8c 	| 
3070.0 	|OP_STORE  	|00400eb0 	|ffffffdc 	|00400e8c 	| 
3080.0 	|OP_STORE  	|00400eb0 	|ffffffdc 	|00400e8c 	| 
3090.0 	|OP_LOAD   	|00400eb0 	|ffffffdc 	|00400e8c 	| 
3100.0 	|OP_LOAD   	|00400eb0 	|ffffffdc 	|00400e8c 	| 
3110.0 	|OP_LOAD   	|00400eb0 	|ffffffdc 	|00400e8c 	| 
3120.0 	|OP_LOAD   	|00400eb0 	|ffffffdc 	|00400e8c 	| 
3130.0 	|OP_OPIMM  	|00000000 	|00000001 	|00000001 	| 
3140.0 	|OP_OPIMM  	|00000000 	|00000001 	|00000001 	| 
3150.0 	|OP_OPIMM  	|00000000 	|00000001 	|00000001 	| 
3160.0 	|OP_OPIMM  	|00000000 	|00000001 	|00000001 	| 
3210.0 	|OP_LOAD   	|00400eb0 	|ffffffdc 	|00400e8c 	| 
3220.0 	|OP_LOAD   	|00400eb0 	|ffffffdc 	|00400e8c 	| 
3230.0 	|OP_LOAD   	|00400eb0 	|ffffffdc 	|00400e8c 	| 
3240.0 	|OP_LOAD   	|00400eb0 	|ffffffdc 	|00400e8c 	| 
3250.0 	|OP_OPIMM  	|00000003 	|ffffffff 	|00000002 	| 
3260.0 	|OP_OPIMM  	|00000003 	|ffffffff 	|00000002 	| 
3270.0 	|OP_OPIMM  	|00000003 	|ffffffff 	|00000002 	| 
3280.0 	|OP_OPIMM  	|00000003 	|ffffffff 	|00000002 	| 
3290.0 	|OP_OPIMM  	|00000002 	|00000000 	|00000002 	| 
3300.0 	|OP_OPIMM  	|00000002 	|00000000 	|00000002 	| 
3310.0 	|OP_OPIMM  	|00000002 	|00000000 	|00000002 	| 
3320.0 	|OP_OPIMM  	|00000002 	|00000000 	|00000002 	| 
3330.0 	|OP_JAL    	|xxxxxxxx 	|00000000 	|00000000 	| 
3340.0 	|OP_JAL    	|xxxxxxxx 	|00000000 	|00000000 	| 
3350.0 	|OP_JAL    	|xxxxxxxx 	|00000000 	|00000000 	| 
3360.0 	|OP_JAL    	|xxxxxxxx 	|00000000 	|00000000 	| 
3370.0 	|OP_OPIMM  	|00400e80 	|ffffffd0 	|00400e50 	| 
3380.0 	|OP_OPIMM  	|00400e80 	|ffffffd0 	|00400e50 	| 
3390.0 	|OP_OPIMM  	|00400e80 	|ffffffd0 	|00400e50 	| 
3400.0 	|OP_OPIMM  	|00400e80 	|ffffffd0 	|00400e50 	| 
3410.0 	|OP_STORE  	|00400e50 	|0000002c 	|00400e7c 	| 
3420.0 	|OP_STORE  	|00400e50 	|0000002c 	|00400e7c 	| 
3430.0 	|OP_STORE  	|00400e50 	|0000002c 	|00400e7c 	| 
3440.0 	|OP_STORE  	|00400e50 	|0000002c 	|00400e7c 	| 
3450.0 	|OP_STORE  	|00400e50 	|00000028 	|00400e78 	| 
3460.0 	|OP_STORE  	|00400e50 	|00000028 	|00400e78 	| 
3470.0 	|OP_STORE  	|00400e50 	|00000028 	|00400e78 	| 
3480.0 	|OP_STORE  	|00400e50 	|00000028 	|00400e78 	| 
3490.0 	|OP_OPIMM  	|00400e50 	|00000030 	|00400e80 	| 
3500.0 	|OP_OPIMM  	|00400e50 	|00000030 	|00400e80 	| 
3510.0 	|OP_OPIMM  	|00400e50 	|00000030 	|00400e80 	| 
3520.0 	|OP_OPIMM  	|00400e50 	|00000030 	|00400e80 	| 
3530.0 	|OP_STORE  	|00400e80 	|ffffffdc 	|00400e5c 	| 
3540.0 	|OP_STORE  	|00400e80 	|ffffffdc 	|00400e5c 	| 
3550.0 	|OP_STORE  	|00400e80 	|ffffffdc 	|00400e5c 	| 
3560.0 	|OP_STORE  	|00400e80 	|ffffffdc 	|00400e5c 	| 
3570.0 	|OP_LOAD   	|00400e80 	|ffffffdc 	|00400e5c 	| 
3580.0 	|OP_LOAD   	|00400e80 	|ffffffdc 	|00400e5c 	| 
3590.0 	|OP_LOAD   	|00400e80 	|ffffffdc 	|00400e5c 	| 
3600.0 	|OP_LOAD   	|00400e80 	|ffffffdc 	|00400e5c 	| 
3610.0 	|OP_OPIMM  	|00000000 	|00000001 	|00000001 	| 
3620.0 	|OP_OPIMM  	|00000000 	|00000001 	|00000001 	| 
3630.0 	|OP_OPIMM  	|00000000 	|00000001 	|00000001 	| 
3640.0 	|OP_OPIMM  	|00000000 	|00000001 	|00000001 	| 
3690.0 	|OP_LOAD   	|00400e80 	|ffffffdc 	|00400e5c 	| 
3700.0 	|OP_LOAD   	|00400e80 	|ffffffdc 	|00400e5c 	| 
3710.0 	|OP_LOAD   	|00400e80 	|ffffffdc 	|00400e5c 	| 
3720.0 	|OP_LOAD   	|00400e80 	|ffffffdc 	|00400e5c 	| 
3730.0 	|OP_OPIMM  	|00000002 	|ffffffff 	|00000001 	| 
3740.0 	|OP_OPIMM  	|00000002 	|ffffffff 	|00000001 	| 
3750.0 	|OP_OPIMM  	|00000002 	|ffffffff 	|00000001 	| 
3760.0 	|OP_OPIMM  	|00000002 	|ffffffff 	|00000001 	| 
3770.0 	|OP_OPIMM  	|00000001 	|00000000 	|00000001 	| 
3780.0 	|OP_OPIMM  	|00000001 	|00000000 	|00000001 	| 
3790.0 	|OP_OPIMM  	|00000001 	|00000000 	|00000001 	| 
3800.0 	|OP_OPIMM  	|00000001 	|00000000 	|00000001 	| 
3810.0 	|OP_JAL    	|xxxxxxxx 	|00000000 	|00000000 	| 
3820.0 	|OP_JAL    	|xxxxxxxx 	|00000000 	|00000000 	| 
3830.0 	|OP_JAL    	|xxxxxxxx 	|00000000 	|00000000 	| 
3840.0 	|OP_JAL    	|xxxxxxxx 	|00000000 	|00000000 	| 
3850.0 	|OP_OPIMM  	|00400e50 	|ffffffd0 	|00400e20 	| 
3860.0 	|OP_OPIMM  	|00400e50 	|ffffffd0 	|00400e20 	| 
3870.0 	|OP_OPIMM  	|00400e50 	|ffffffd0 	|00400e20 	| 
3880.0 	|OP_OPIMM  	|00400e50 	|ffffffd0 	|00400e20 	| 
3890.0 	|OP_STORE  	|00400e20 	|0000002c 	|00400e4c 	| 
3900.0 	|OP_STORE  	|00400e20 	|0000002c 	|00400e4c 	| 
3910.0 	|OP_STORE  	|00400e20 	|0000002c 	|00400e4c 	| 
3920.0 	|OP_STORE  	|00400e20 	|0000002c 	|00400e4c 	| 
3930.0 	|OP_STORE  	|00400e20 	|00000028 	|00400e48 	| 
3940.0 	|OP_STORE  	|00400e20 	|00000028 	|00400e48 	| 
3950.0 	|OP_STORE  	|00400e20 	|00000028 	|00400e48 	| 
3960.0 	|OP_STORE  	|00400e20 	|00000028 	|00400e48 	| 
3970.0 	|OP_OPIMM  	|00400e20 	|00000030 	|00400e50 	| 
3980.0 	|OP_OPIMM  	|00400e20 	|00000030 	|00400e50 	| 
3990.0 	|OP_OPIMM  	|00400e20 	|00000030 	|00400e50 	| 
4000.0 	|OP_OPIMM  	|00400e20 	|00000030 	|00400e50 	| 
4010.0 	|OP_STORE  	|00400e50 	|ffffffdc 	|00400e2c 	| 
4020.0 	|OP_STORE  	|00400e50 	|ffffffdc 	|00400e2c 	| 
4030.0 	|OP_STORE  	|00400e50 	|ffffffdc 	|00400e2c 	| 
4040.0 	|OP_STORE  	|00400e50 	|ffffffdc 	|00400e2c 	| 
4050.0 	|OP_LOAD   	|00400e50 	|ffffffdc 	|00400e2c 	| 
4060.0 	|OP_LOAD   	|00400e50 	|ffffffdc 	|00400e2c 	| 
4070.0 	|OP_LOAD   	|00400e50 	|ffffffdc 	|00400e2c 	| 
4080.0 	|OP_LOAD   	|00400e50 	|ffffffdc 	|00400e2c 	| 
4090.0 	|OP_OPIMM  	|00000000 	|00000001 	|00000001 	| 
4100.0 	|OP_OPIMM  	|00000000 	|00000001 	|00000001 	| 
4110.0 	|OP_OPIMM  	|00000000 	|00000001 	|00000001 	| 
4120.0 	|OP_OPIMM  	|00000000 	|00000001 	|00000001 	| 
4170.0 	|OP_OPIMM  	|00000000 	|00000001 	|00000001 	| 
4180.0 	|OP_OPIMM  	|00000000 	|00000001 	|00000001 	| 
4190.0 	|OP_OPIMM  	|00000000 	|00000001 	|00000001 	| 
4200.0 	|OP_OPIMM  	|00000000 	|00000001 	|00000001 	| 
4210.0 	|OP_JAL    	|00000000 	|xxxxxxxx 	|xxxxxxxx 	| 
4220.0 	|OP_JAL    	|00000000 	|xxxxxxxx 	|xxxxxxxx 	| 
4230.0 	|OP_JAL    	|00000000 	|xxxxxxxx 	|xxxxxxxx 	| 
4240.0 	|OP_JAL    	|00000000 	|xxxxxxxx 	|xxxxxxxx 	| 
4250.0 	|OP_OPIMM  	|00000001 	|00000000 	|00000001 	| 
4260.0 	|OP_OPIMM  	|00000001 	|00000000 	|00000001 	| 
4270.0 	|OP_OPIMM  	|00000001 	|00000000 	|00000001 	| 
4280.0 	|OP_OPIMM  	|00000001 	|00000000 	|00000001 	| 
4290.0 	|OP_LOAD   	|00400e20 	|0000002c 	|00400e4c 	| 
4300.0 	|OP_LOAD   	|00400e20 	|0000002c 	|00400e4c 	| 
4310.0 	|OP_LOAD   	|00400e20 	|0000002c 	|00400e4c 	| 
4320.0 	|OP_LOAD   	|00400e20 	|0000002c 	|00400e4c 	| 
4330.0 	|OP_LOAD   	|00400e20 	|00000028 	|00400e48 	| 
4340.0 	|OP_LOAD   	|00400e20 	|00000028 	|00400e48 	| 
4350.0 	|OP_LOAD   	|00400e20 	|00000028 	|00400e48 	| 
4360.0 	|OP_LOAD   	|00400e20 	|00000028 	|00400e48 	| 
4370.0 	|OP_OPIMM  	|00400e20 	|00000030 	|00400e50 	| 
4380.0 	|OP_OPIMM  	|00400e20 	|00000030 	|00400e50 	| 
4390.0 	|OP_OPIMM  	|00400e20 	|00000030 	|00400e50 	| 
4400.0 	|OP_OPIMM  	|00400e20 	|00000030 	|00400e50 	| 
4410.0 	|OP_JALR   	|000000c0 	|00000000 	|000000c0 	| 
4420.0 	|OP_JALR   	|000000c0 	|00000000 	|000000c0 	| 
4430.0 	|OP_JALR   	|000000c0 	|00000000 	|000000c0 	| 
4440.0 	|OP_JALR   	|000000c0 	|00000000 	|000000c0 	| 
4450.0 	|OP_OPIMM  	|00000001 	|00000000 	|00000001 	| 
4460.0 	|OP_OPIMM  	|00000001 	|00000000 	|00000001 	| 
4470.0 	|OP_OPIMM  	|00000001 	|00000000 	|00000001 	| 
4480.0 	|OP_OPIMM  	|00000001 	|00000000 	|00000001 	| 
4490.0 	|OP_OPIMM  	|00000001 	|00000000 	|00000001 	| 
4500.0 	|OP_OPIMM  	|00000001 	|00000000 	|00000001 	| 
4510.0 	|OP_OPIMM  	|00000001 	|00000000 	|00000001 	| 
4520.0 	|OP_OPIMM  	|00000001 	|00000000 	|00000001 	| 
4530.0 	|OP_LOAD   	|00400e80 	|ffffffdc 	|00400e5c 	| 
4540.0 	|OP_LOAD   	|00400e80 	|ffffffdc 	|00400e5c 	| 
4550.0 	|OP_LOAD   	|00400e80 	|ffffffdc 	|00400e5c 	| 
4560.0 	|OP_LOAD   	|00400e80 	|ffffffdc 	|00400e5c 	| 
4570.0 	|OP_JAL    	|00000000 	|xxxxxxxx 	|xxxxxxxx 	| 
4580.0 	|OP_JAL    	|00000000 	|xxxxxxxx 	|xxxxxxxx 	| 
4590.0 	|OP_JAL    	|00000000 	|xxxxxxxx 	|xxxxxxxx 	| 
4600.0 	|OP_JAL    	|00000000 	|xxxxxxxx 	|xxxxxxxx 	| 
4610.0 	|OP_OPIMM  	|00000002 	|00000000 	|00000002 	| 
4620.0 	|OP_OPIMM  	|00000002 	|00000000 	|00000002 	| 
4630.0 	|OP_OPIMM  	|00000002 	|00000000 	|00000002 	| 
4640.0 	|OP_OPIMM  	|xxxxxxxx 	|00000000 	|xxxxxxxx 	| 
4650.0 	|OP_OPIMM  	|00000000 	|00000000 	|00000000 	| 
4660.0 	|OP_OPIMM  	|00000000 	|00000000 	|00000000 	| 
4670.0 	|OP_OPIMM  	|00000000 	|00000000 	|00000000 	| 
4680.0 	|OP_OPIMM  	|00000000 	|00000000 	|00000000 	| 
4690.0 	|OP_OPIMM  	|00000001 	|00000001 	|00000001 	| 
4700.0 	|OP_OPIMM  	|00000001 	|00000001 	|00000001 	| 
4710.0 	|OP_OPIMM  	|00000001 	|00000001 	|00000001 	| 
4720.0 	|OP_OPIMM  	|00000001 	|00000001 	|00000001 	| 
4770.0 	|OP_OP     	|00000000 	|00000002 	|00000002 	| 
4780.0 	|OP_OP     	|00000000 	|00000002 	|00000002 	| 
4790.0 	|OP_OP     	|00000000 	|00000002 	|00000002 	| 
4800.0 	|OP_OP     	|00000000 	|xxxxxxxx 	|xxxxxxxx 	| 
4810.0 	|OP_OPIMM  	|00000001 	|00000001 	|00000000 	| 
4820.0 	|OP_OPIMM  	|00000001 	|00000001 	|00000000 	| 
4830.0 	|OP_OPIMM  	|00000001 	|00000001 	|00000000 	| 
4840.0 	|OP_OPIMM  	|00000001 	|00000001 	|00000000 	| 
4850.0 	|OP_OPIMM  	|00000002 	|00000001 	|00000004 	| 
4860.0 	|OP_OPIMM  	|00000002 	|00000001 	|00000004 	| 
4870.0 	|OP_OPIMM  	|00000002 	|00000001 	|00000004 	| 
4880.0 	|OP_OPIMM  	|xxxxxxxx 	|00000001 	|xxxxxxxX 	| 
4930.0 	|OP_JALR   	|000000d0 	|00000000 	|000000d0 	| 
4940.0 	|OP_JALR   	|000000d0 	|00000000 	|000000d0 	| 
4950.0 	|OP_JALR   	|000000d0 	|00000000 	|000000d0 	| 
4960.0 	|OP_JALR   	|000000d0 	|00000000 	|000000d0 	| 
4970.0 	|OP_OPIMM  	|00000002 	|00000000 	|00000002 	| 
4980.0 	|OP_OPIMM  	|00000002 	|00000000 	|00000002 	| 
4990.0 	|OP_OPIMM  	|00000002 	|00000000 	|00000002 	| 
5000.0 	|OP_OPIMM  	|xxxxxxxx 	|00000000 	|xxxxxxxx 	| 
5010.0 	|OP_STORE  	|00400e80 	|ffffffec 	|00400e6c 	| 
5020.0 	|OP_STORE  	|00400e80 	|ffffffec 	|00400e6c 	| 
5030.0 	|OP_STORE  	|00400e80 	|ffffffec 	|00400e6c 	| 
5040.0 	|OP_STORE  	|00400e80 	|ffffffec 	|00400e6c 	| 
5050.0 	|OP_LOAD   	|00400e80 	|ffffffec 	|00400e6c 	| 
5060.0 	|OP_LOAD   	|00400e80 	|ffffffec 	|00400e6c 	| 
5070.0 	|OP_LOAD   	|00400e80 	|ffffffec 	|00400e6c 	| 
5080.0 	|OP_LOAD   	|00400e80 	|ffffffec 	|00400e6c 	| 
5090.0 	|OP_OPIMM  	|xxxxxxxx 	|00000000 	|xxxxxxxx 	| 
5100.0 	|OP_OPIMM  	|xxxxxxxx 	|00000000 	|xxxxxxxx 	| 
5110.0 	|OP_OPIMM  	|xxxxxxxx 	|00000000 	|xxxxxxxx 	| 
5120.0 	|OP_OPIMM  	|xxxxxxxx 	|00000000 	|xxxxxxxx 	| 
5130.0 	|OP_LOAD   	|00400e50 	|0000002c 	|00400e7c 	| 
5140.0 	|OP_LOAD   	|00400e50 	|0000002c 	|00400e7c 	| 
5150.0 	|OP_LOAD   	|00400e50 	|0000002c 	|00400e7c 	| 
5160.0 	|OP_LOAD   	|00400e50 	|0000002c 	|00400e7c 	| 
5170.0 	|OP_LOAD   	|00400e50 	|00000028 	|00400e78 	| 
5180.0 	|OP_LOAD   	|00400e50 	|00000028 	|00400e78 	| 
5190.0 	|OP_LOAD   	|00400e50 	|00000028 	|00400e78 	| 
5200.0 	|OP_LOAD   	|00400e50 	|00000028 	|00400e78 	| 
5210.0 	|OP_OPIMM  	|00400e50 	|00000030 	|00400e80 	| 
5220.0 	|OP_OPIMM  	|00400e50 	|00000030 	|00400e80 	| 
5230.0 	|OP_OPIMM  	|00400e50 	|00000030 	|00400e80 	| 
5240.0 	|OP_OPIMM  	|00400e50 	|00000030 	|00400e80 	| 
5250.0 	|OP_JALR   	|000000c0 	|00000000 	|000000c0 	| 
5260.0 	|OP_JALR   	|000000c0 	|00000000 	|000000c0 	| 
5270.0 	|OP_JALR   	|000000c0 	|00000000 	|000000c0 	| 
5280.0 	|OP_JALR   	|000000c0 	|00000000 	|000000c0 	| 
5290.0 	|OP_OPIMM  	|xxxxxxxx 	|00000000 	|xxxxxxxx 	| 
5300.0 	|OP_OPIMM  	|xxxxxxxx 	|00000000 	|xxxxxxxx 	| 
5310.0 	|OP_OPIMM  	|xxxxxxxx 	|00000000 	|xxxxxxxx 	| 
5320.0 	|OP_OPIMM  	|xxxxxxxx 	|00000000 	|xxxxxxxx 	| 
5330.0 	|OP_OPIMM  	|xxxxxxxx 	|00000000 	|xxxxxxxx 	| 
5340.0 	|OP_OPIMM  	|xxxxxxxx 	|00000000 	|xxxxxxxx 	| 
5350.0 	|OP_OPIMM  	|xxxxxxxx 	|00000000 	|xxxxxxxx 	| 
5360.0 	|OP_OPIMM  	|xxxxxxxx 	|00000000 	|xxxxxxxx 	| 
5370.0 	|OP_LOAD   	|00400eb0 	|ffffffdc 	|00400e8c 	| 
5380.0 	|OP_LOAD   	|00400eb0 	|ffffffdc 	|00400e8c 	| 
5390.0 	|OP_LOAD   	|00400eb0 	|ffffffdc 	|00400e8c 	| 
5400.0 	|OP_LOAD   	|00400eb0 	|ffffffdc 	|00400e8c 	| 
5410.0 	|OP_JAL    	|00000000 	|xxxxxxxx 	|xxxxxxxx 	| 
5420.0 	|OP_JAL    	|00000000 	|xxxxxxxx 	|xxxxxxxx 	| 
5430.0 	|OP_JAL    	|00000000 	|xxxxxxxx 	|xxxxxxxx 	| 
5440.0 	|OP_JAL    	|00000000 	|xxxxxxxx 	|xxxxxxxx 	| 
5450.0 	|OP_OPIMM  	|00000003 	|00000000 	|00000003 	| 
5460.0 	|OP_OPIMM  	|00000003 	|00000000 	|00000003 	| 
5470.0 	|OP_OPIMM  	|00000003 	|00000000 	|00000003 	| 
5480.0 	|OP_OPIMM  	|xxxxxxxx 	|00000000 	|xxxxxxxx 	| 
5490.0 	|OP_OPIMM  	|00000000 	|00000000 	|00000000 	| 
5500.0 	|OP_OPIMM  	|00000000 	|00000000 	|00000000 	| 
5510.0 	|OP_OPIMM  	|00000000 	|00000000 	|00000000 	| 
5520.0 	|OP_OPIMM  	|00000000 	|00000000 	|00000000 	| 
5530.0 	|OP_OPIMM  	|xxxxxxxx 	|00000001 	|0000000X 	| 
5540.0 	|OP_OPIMM  	|xxxxxxxx 	|00000001 	|0000000X 	| 
5550.0 	|OP_OPIMM  	|xxxxxxxx 	|00000001 	|0000000X 	| 
5560.0 	|OP_OPIMM  	|xxxxxxxx 	|00000001 	|0000000X 	| 
5610.0 	|OP_OP     	|00000000 	|00000003 	|00000003 	| 
5620.0 	|OP_OP     	|00000000 	|00000003 	|00000003 	| 
5630.0 	|OP_OP     	|00000000 	|00000003 	|00000003 	| 
5640.0 	|OP_OP     	|00000000 	|xxxxxxxx 	|xxxxxxxx 	| 
5650.0 	|OP_OPIMM  	|xxxxxxxx 	|00000001 	|Xxxxxxxx 	| 
5660.0 	|OP_OPIMM  	|xxxxxxxx 	|00000001 	|Xxxxxxxx 	| 
5670.0 	|OP_OPIMM  	|xxxxxxxx 	|00000001 	|Xxxxxxxx 	| 
5680.0 	|OP_OPIMM  	|xxxxxxxx 	|00000001 	|Xxxxxxxx 	| 
5690.0 	|OP_OPIMM  	|00000003 	|00000001 	|00000006 	| 
5700.0 	|OP_OPIMM  	|00000003 	|00000001 	|00000006 	| 
5710.0 	|OP_OPIMM  	|00000003 	|00000001 	|00000006 	| 
5720.0 	|OP_OPIMM  	|xxxxxxxx 	|00000001 	|xxxxxxxX 	| 
5770.0 	|OP_JALR   	|000000d0 	|00000000 	|000000d0 	| 
5780.0 	|OP_JALR   	|000000d0 	|00000000 	|000000d0 	| 
5790.0 	|OP_JALR   	|000000d0 	|00000000 	|000000d0 	| 
5800.0 	|OP_JALR   	|000000d0 	|00000000 	|000000d0 	| 
5810.0 	|OP_OPIMM  	|00000003 	|00000000 	|00000003 	| 
5820.0 	|OP_OPIMM  	|00000003 	|00000000 	|00000003 	| 
5830.0 	|OP_OPIMM  	|00000003 	|00000000 	|00000003 	| 
5840.0 	|OP_OPIMM  	|xxxxxxxx 	|00000000 	|xxxxxxxx 	| 
5850.0 	|OP_STORE  	|00400eb0 	|ffffffec 	|00400e9c 	| 
5860.0 	|OP_STORE  	|00400eb0 	|ffffffec 	|00400e9c 	| 
5870.0 	|OP_STORE  	|00400eb0 	|ffffffec 	|00400e9c 	| 
5880.0 	|OP_STORE  	|00400eb0 	|ffffffec 	|00400e9c 	| 
5890.0 	|OP_LOAD   	|00400eb0 	|ffffffec 	|00400e9c 	| 
5900.0 	|OP_LOAD   	|00400eb0 	|ffffffec 	|00400e9c 	| 
5910.0 	|OP_LOAD   	|00400eb0 	|ffffffec 	|00400e9c 	| 
5920.0 	|OP_LOAD   	|00400eb0 	|ffffffec 	|00400e9c 	| 
5930.0 	|OP_OPIMM  	|xxxxxxxx 	|00000000 	|xxxxxxxx 	| 
5940.0 	|OP_OPIMM  	|xxxxxxxx 	|00000000 	|xxxxxxxx 	| 
5950.0 	|OP_OPIMM  	|xxxxxxxx 	|00000000 	|xxxxxxxx 	| 
5960.0 	|OP_OPIMM  	|xxxxxxxx 	|00000000 	|xxxxxxxx 	| 
5970.0 	|OP_LOAD   	|00400e80 	|0000002c 	|00400eac 	| 
5980.0 	|OP_LOAD   	|00400e80 	|0000002c 	|00400eac 	| 
5990.0 	|OP_LOAD   	|00400e80 	|0000002c 	|00400eac 	| 
6000.0 	|OP_LOAD   	|00400e80 	|0000002c 	|00400eac 	| 
6010.0 	|OP_LOAD   	|00400e80 	|00000028 	|00400ea8 	| 
6020.0 	|OP_LOAD   	|00400e80 	|00000028 	|00400ea8 	| 
6030.0 	|OP_LOAD   	|00400e80 	|00000028 	|00400ea8 	| 
6040.0 	|OP_LOAD   	|00400e80 	|00000028 	|00400ea8 	| 
6050.0 	|OP_OPIMM  	|00400e80 	|00000030 	|00400eb0 	| 
6060.0 	|OP_OPIMM  	|00400e80 	|00000030 	|00400eb0 	| 
6070.0 	|OP_OPIMM  	|00400e80 	|00000030 	|00400eb0 	| 
6080.0 	|OP_OPIMM  	|00400e80 	|00000030 	|00400eb0 	| 
6090.0 	|OP_JALR   	|000000c0 	|00000000 	|000000c0 	| 
6100.0 	|OP_JALR   	|000000c0 	|00000000 	|000000c0 	| 
6110.0 	|OP_JALR   	|000000c0 	|00000000 	|000000c0 	| 
6120.0 	|OP_JALR   	|000000c0 	|00000000 	|000000c0 	| 
6130.0 	|OP_OPIMM  	|xxxxxxxx 	|00000000 	|xxxxxxxx 	| 
6140.0 	|OP_OPIMM  	|xxxxxxxx 	|00000000 	|xxxxxxxx 	| 
6150.0 	|OP_OPIMM  	|xxxxxxxx 	|00000000 	|xxxxxxxx 	| 
6160.0 	|OP_OPIMM  	|xxxxxxxx 	|00000000 	|xxxxxxxx 	| 
6170.0 	|OP_OPIMM  	|xxxxxxxx 	|00000000 	|xxxxxxxx 	| 
6180.0 	|OP_OPIMM  	|xxxxxxxx 	|00000000 	|xxxxxxxx 	| 
6190.0 	|OP_OPIMM  	|xxxxxxxx 	|00000000 	|xxxxxxxx 	| 
6200.0 	|OP_OPIMM  	|xxxxxxxx 	|00000000 	|xxxxxxxx 	| 
6210.0 	|OP_LOAD   	|00400ee0 	|ffffffdc 	|00400ebc 	| 
6220.0 	|OP_LOAD   	|00400ee0 	|ffffffdc 	|00400ebc 	| 
6230.0 	|OP_LOAD   	|00400ee0 	|ffffffdc 	|00400ebc 	| 
6240.0 	|OP_LOAD   	|00400ee0 	|ffffffdc 	|00400ebc 	| 
6250.0 	|OP_JAL    	|00000000 	|xxxxxxxx 	|xxxxxxxx 	| 
6260.0 	|OP_JAL    	|00000000 	|xxxxxxxx 	|xxxxxxxx 	| 
6270.0 	|OP_JAL    	|00000000 	|xxxxxxxx 	|xxxxxxxx 	| 
6280.0 	|OP_JAL    	|00000000 	|xxxxxxxx 	|xxxxxxxx 	| 
6290.0 	|OP_OPIMM  	|00000004 	|00000000 	|00000004 	| 
6300.0 	|OP_OPIMM  	|00000004 	|00000000 	|00000004 	| 
6310.0 	|OP_OPIMM  	|00000004 	|00000000 	|00000004 	| 
6320.0 	|OP_OPIMM  	|xxxxxxxx 	|00000000 	|xxxxxxxx 	| 
6330.0 	|OP_OPIMM  	|00000000 	|00000000 	|00000000 	| 
6340.0 	|OP_OPIMM  	|00000000 	|00000000 	|00000000 	| 
6350.0 	|OP_OPIMM  	|00000000 	|00000000 	|00000000 	| 
6360.0 	|OP_OPIMM  	|00000000 	|00000000 	|00000000 	| 
6370.0 	|OP_OPIMM  	|xxxxxxxx 	|00000001 	|0000000X 	| 
6380.0 	|OP_OPIMM  	|xxxxxxxx 	|00000001 	|0000000X 	| 
6390.0 	|OP_OPIMM  	|xxxxxxxx 	|00000001 	|0000000X 	| 
6400.0 	|OP_OPIMM  	|xxxxxxxx 	|00000001 	|0000000X 	| 
6450.0 	|OP_OP     	|00000000 	|00000004 	|00000004 	| 
6460.0 	|OP_OP     	|00000000 	|00000004 	|00000004 	| 
6470.0 	|OP_OP     	|00000000 	|00000004 	|00000004 	| 
6480.0 	|OP_OP     	|00000000 	|xxxxxxxx 	|xxxxxxxx 	| 
6490.0 	|OP_OPIMM  	|xxxxxxxx 	|00000001 	|Xxxxxxxx 	| 
6500.0 	|OP_OPIMM  	|xxxxxxxx 	|00000001 	|Xxxxxxxx 	| 
6510.0 	|OP_OPIMM  	|xxxxxxxx 	|00000001 	|Xxxxxxxx 	| 
6520.0 	|OP_OPIMM  	|xxxxxxxx 	|00000001 	|Xxxxxxxx 	| 
6530.0 	|OP_OPIMM  	|00000004 	|00000001 	|00000008 	| 
6540.0 	|OP_OPIMM  	|00000004 	|00000001 	|00000008 	| 
6550.0 	|OP_OPIMM  	|00000004 	|00000001 	|00000008 	| 
6560.0 	|OP_OPIMM  	|xxxxxxxx 	|00000001 	|xxxxxxxX 	| 
6610.0 	|OP_JALR   	|000000d0 	|00000000 	|000000d0 	| 
6620.0 	|OP_JALR   	|000000d0 	|00000000 	|000000d0 	| 
6630.0 	|OP_JALR   	|000000d0 	|00000000 	|000000d0 	| 
6640.0 	|OP_JALR   	|000000d0 	|00000000 	|000000d0 	| 
6650.0 	|OP_OPIMM  	|00000004 	|00000000 	|00000004 	| 
6660.0 	|OP_OPIMM  	|00000004 	|00000000 	|00000004 	| 
6670.0 	|OP_OPIMM  	|00000004 	|00000000 	|00000004 	| 
6680.0 	|OP_OPIMM  	|xxxxxxxx 	|00000000 	|xxxxxxxx 	| 
6690.0 	|OP_STORE  	|00400ee0 	|ffffffec 	|00400ecc 	| 
6700.0 	|OP_STORE  	|00400ee0 	|ffffffec 	|00400ecc 	| 
6710.0 	|OP_STORE  	|00400ee0 	|ffffffec 	|00400ecc 	| 
6720.0 	|OP_STORE  	|00400ee0 	|ffffffec 	|00400ecc 	| 
6730.0 	|OP_LOAD   	|00400ee0 	|ffffffec 	|00400ecc 	| 
6740.0 	|OP_LOAD   	|00400ee0 	|ffffffec 	|00400ecc 	| 
6750.0 	|OP_LOAD   	|00400ee0 	|ffffffec 	|00400ecc 	| 
6760.0 	|OP_LOAD   	|00400ee0 	|ffffffec 	|00400ecc 	| 
6770.0 	|OP_OPIMM  	|xxxxxxxx 	|00000000 	|xxxxxxxx 	| 
6780.0 	|OP_OPIMM  	|xxxxxxxx 	|00000000 	|xxxxxxxx 	| 
6790.0 	|OP_OPIMM  	|xxxxxxxx 	|00000000 	|xxxxxxxx 	| 
6800.0 	|OP_OPIMM  	|xxxxxxxx 	|00000000 	|xxxxxxxx 	| 
6810.0 	|OP_LOAD   	|00400eb0 	|0000002c 	|00400edc 	| 
6820.0 	|OP_LOAD   	|00400eb0 	|0000002c 	|00400edc 	| 
6830.0 	|OP_LOAD   	|00400eb0 	|0000002c 	|00400edc 	| 
6840.0 	|OP_LOAD   	|00400eb0 	|0000002c 	|00400edc 	| 
6850.0 	|OP_LOAD   	|00400eb0 	|00000028 	|00400ed8 	| 
6860.0 	|OP_LOAD   	|00400eb0 	|00000028 	|00400ed8 	| 
6870.0 	|OP_LOAD   	|00400eb0 	|00000028 	|00400ed8 	| 
6880.0 	|OP_LOAD   	|00400eb0 	|00000028 	|00400ed8 	| 
6890.0 	|OP_OPIMM  	|00400eb0 	|00000030 	|00400ee0 	| 
6900.0 	|OP_OPIMM  	|00400eb0 	|00000030 	|00400ee0 	| 
6910.0 	|OP_OPIMM  	|00400eb0 	|00000030 	|00400ee0 	| 
6920.0 	|OP_OPIMM  	|00400eb0 	|00000030 	|00400ee0 	| 
6930.0 	|OP_JALR   	|00000108 	|00000000 	|00000108 	| 
6940.0 	|OP_JALR   	|00000108 	|00000000 	|00000108 	| 
6950.0 	|OP_JALR   	|00000108 	|00000000 	|00000108 	| 
6960.0 	|OP_JALR   	|00000108 	|00000000 	|00000108 	| 
6970.0 	|OP_STORE  	|00400f00 	|ffffffec 	|00400eec 	| 
6980.0 	|OP_STORE  	|00400f00 	|ffffffec 	|00400eec 	| 
6990.0 	|OP_STORE  	|00400f00 	|ffffffec 	|00400eec 	| 
7000.0 	|OP_STORE  	|00400f00 	|ffffffec 	|00400eec 	| 
7010.0 	|OP_LUI    	|00000000 	|00401000 	|00401000 	| 
7020.0 	|OP_LUI    	|00000000 	|00401000 	|00401000 	| 
7030.0 	|OP_LUI    	|00000000 	|00401000 	|00401000 	| 
7040.0 	|OP_LUI    	|00000000 	|00401000 	|00401000 	| 
7050.0 	|OP_OPIMM  	|00401000 	|ffffff00 	|00400f00 	| 
7060.0 	|OP_OPIMM  	|00401000 	|ffffff00 	|00400f00 	| 
7070.0 	|OP_OPIMM  	|00401000 	|ffffff00 	|00400f00 	| 
7080.0 	|OP_OPIMM  	|00401000 	|ffffff00 	|00400f00 	| 
7090.0 	|OP_LOAD   	|00400f00 	|ffffffec 	|00400eec 	| 
7100.0 	|OP_LOAD   	|00400f00 	|ffffffec 	|00400eec 	| 
7110.0 	|OP_LOAD   	|00400f00 	|ffffffec 	|00400eec 	| 
7120.0 	|OP_LOAD   	|00400f00 	|ffffffec 	|00400eec 	| 
7130.0 	|OP_STORE  	|00400f00 	|00000000 	|00400f00 	| 
7140.0 	|OP_STORE  	|00400f00 	|00000000 	|00400f00 	| 
7150.0 	|OP_STORE  	|00400f00 	|00000000 	|00400f00 	| 
7160.0 	|OP_STORE  	|00400f00 	|00000000 	|00400f00 	| 
7170.0 	|OP_OPIMM  	|00000000 	|00000000 	|00000000 	| 
7180.0 	|OP_OPIMM  	|00000000 	|00000000 	|00000000 	| 
7190.0 	|OP_OPIMM  	|00000000 	|00000000 	|00000000 	| 
7200.0 	|OP_OPIMM  	|00000000 	|00000000 	|00000000 	| 
7210.0 	|OP_OPIMM  	|00400f00 	|00000000 	|00400f00 	| 
7220.0 	|OP_OPIMM  	|00400f00 	|00000000 	|00400f00 	| 
7230.0 	|OP_OPIMM  	|00400f00 	|00000000 	|00400f00 	| 
7240.0 	|OP_OPIMM  	|00400f00 	|00000000 	|00400f00 	| 
7250.0 	|OP_LOAD   	|00400ee0 	|0000001c 	|00400efc 	| 
7260.0 	|OP_LOAD   	|00400ee0 	|0000001c 	|00400efc 	| 
7270.0 	|OP_LOAD   	|00400ee0 	|0000001c 	|00400efc 	| 
7280.0 	|OP_LOAD   	|00400ee0 	|0000001c 	|00400efc 	| 
7290.0 	|OP_LOAD   	|00400ee0 	|00000018 	|00400ef8 	| 
7300.0 	|OP_LOAD   	|00400ee0 	|00000018 	|00400ef8 	| 
7310.0 	|OP_LOAD   	|00400ee0 	|00000018 	|00400ef8 	| 
7320.0 	|OP_LOAD   	|00400ee0 	|00000018 	|00400ef8 	| 
7330.0 	|OP_OPIMM  	|00400ee0 	|00000020 	|00400f00 	| 
7340.0 	|OP_OPIMM  	|00400ee0 	|00000020 	|00400f00 	| 
7350.0 	|OP_OPIMM  	|00400ee0 	|00000020 	|00400f00 	| 
7360.0 	|OP_OPIMM  	|00400ee0 	|00000020 	|00400f00 	| 
7370.0 	|OP_JALR   	|00000184 	|00000000 	|00000184 	| 
7380.0 	|OP_JALR   	|00000184 	|00000000 	|00000184 	| 
7390.0 	|OP_JALR   	|00000184 	|00000000 	|00000184 	| 
7400.0 	|OP_JALR   	|00000184 	|00000000 	|00000184 	| 
7410.0 	|OP_OPIMM  	|00400f00 	|00000000 	|00400f00 	| 
7420.0 	|OP_OPIMM  	|00400f00 	|00000000 	|00400f00 	| 
7430.0 	|OP_OPIMM  	|00400f00 	|00000000 	|00400f00 	| 
7440.0 	|OP_OPIMM  	|00400f00 	|00000000 	|00400f00 	| 
7450.0 	|OP_OPIMM  	|00000000 	|00000000 	|00000000 	| 
7460.0 	|OP_OPIMM  	|00000000 	|00000000 	|00000000 	| 
7470.0 	|OP_OPIMM  	|00000000 	|00000000 	|00000000 	| 
7480.0 	|OP_OPIMM  	|00000000 	|00000000 	|00000000 	| 
7490.0 	|OP_OPIMM  	|Xxxxxxxx 	|00000001 	|0000000X 	| 
7500.0 	|OP_OPIMM  	|Xxxxxxxx 	|00000001 	|0000000X 	| 
7510.0 	|OP_OPIMM  	|Xxxxxxxx 	|00000001 	|0000000X 	| 
7520.0 	|OP_OPIMM  	|Xxxxxxxx 	|00000001 	|0000000X 	| 
7570.0 	|OP_OP     	|00000000 	|00400f00 	|00400f00 	| 
7580.0 	|OP_OP     	|00000000 	|00400f00 	|00400f00 	| 
7590.0 	|OP_OP     	|00000000 	|00400f00 	|00400f00 	| 
7600.0 	|OP_OP     	|00000000 	|00400f00 	|00400f00 	| 
7610.0 	|OP_OPIMM  	|Xxxxxxxx 	|00000001 	|Xxxxxxxx 	| 
7620.0 	|OP_OPIMM  	|Xxxxxxxx 	|00000001 	|Xxxxxxxx 	| 
7630.0 	|OP_OPIMM  	|Xxxxxxxx 	|00000001 	|Xxxxxxxx 	| 
7640.0 	|OP_OPIMM  	|Xxxxxxxx 	|00000001 	|Xxxxxxxx 	| 
7650.0 	|OP_OPIMM  	|00400f00 	|00000001 	|00801e00 	| 
7660.0 	|OP_OPIMM  	|00400f00 	|00000001 	|00801e00 	| 
7670.0 	|OP_OPIMM  	|00400f00 	|00000001 	|00801e00 	| 
7680.0 	|OP_OPIMM  	|00400f00 	|00000001 	|00801e00 	| 
7730.0 	|OP_JALR   	|00000184 	|00000000 	|00000184 	| 
7740.0 	|OP_JALR   	|00000184 	|00000000 	|00000184 	| 
7750.0 	|OP_JALR   	|00000184 	|00000000 	|00000184 	| 
7760.0 	|OP_JALR   	|00000184 	|00000000 	|00000184 	| 
7770.0 	|OP_OPIMM  	|00400f00 	|00000000 	|00400f00 	| 
7780.0 	|OP_OPIMM  	|00400f00 	|00000000 	|00400f00 	| 
7790.0 	|OP_OPIMM  	|00400f00 	|00000000 	|00400f00 	| 
7800.0 	|OP_OPIMM  	|00400f00 	|00000000 	|00400f00 	| 
7810.0 	|OP_OPIMM  	|00000000 	|00000000 	|00000000 	| 
7820.0 	|OP_OPIMM  	|00000000 	|00000000 	|00000000 	| 
7830.0 	|OP_OPIMM  	|00000000 	|00000000 	|00000000 	| 
7840.0 	|OP_OPIMM  	|00000000 	|00000000 	|00000000 	| 
7850.0 	|OP_OPIMM  	|Xxxxxxxx 	|00000001 	|0000000X 	| 
7860.0 	|OP_OPIMM  	|Xxxxxxxx 	|00000001 	|0000000X 	| 
7870.0 	|OP_OPIMM  	|Xxxxxxxx 	|00000001 	|0000000X 	| 
7880.0 	|OP_OPIMM  	|Xxxxxxxx 	|00000001 	|0000000X 	| 
7930.0 	|OP_OP     	|00000000 	|00400f00 	|00400f00 	| 
7940.0 	|OP_OP     	|00000000 	|00400f00 	|00400f00 	| 
7950.0 	|OP_OP     	|00000000 	|00400f00 	|00400f00 	| 
7960.0 	|OP_OP     	|00000000 	|00400f00 	|00400f00 	| 
7970.0 	|OP_OPIMM  	|Xxxxxxxx 	|00000001 	|Xxxxxxxx 	| 
7980.0 	|OP_OPIMM  	|Xxxxxxxx 	|00000001 	|Xxxxxxxx 	| 
7990.0 	|OP_OPIMM  	|Xxxxxxxx 	|00000001 	|Xxxxxxxx 	| 
8000.0 	|OP_OPIMM  	|Xxxxxxxx 	|00000001 	|Xxxxxxxx 	| 
8010.0 	|OP_OPIMM  	|00400f00 	|00000001 	|00801e00 	| 
8020.0 	|OP_OPIMM  	|00400f00 	|00000001 	|00801e00 	| 
8030.0 	|OP_OPIMM  	|00400f00 	|00000001 	|00801e00 	| 
8040.0 	|OP_OPIMM  	|00400f00 	|00000001 	|00801e00 	| 
8090.0 	|OP_JALR   	|00000184 	|00000000 	|00000184 	| 
8100.0 	|OP_JALR   	|00000184 	|00000000 	|00000184 	| 
8110.0 	|OP_JALR   	|00000184 	|00000000 	|00000184 	| 
8120.0 	|OP_JALR   	|00000184 	|00000000 	|00000184 	| 
8130.0 	|OP_OPIMM  	|00400f00 	|00000000 	|00400f00 	| 
8140.0 	|OP_OPIMM  	|00400f00 	|00000000 	|00400f00 	| 
8150.0 	|OP_OPIMM  	|00400f00 	|00000000 	|00400f00 	| 
8160.0 	|OP_OPIMM  	|00400f00 	|00000000 	|00400f00 	| 
8170.0 	|OP_OPIMM  	|00000000 	|00000000 	|00000000 	| 
8180.0 	|OP_OPIMM  	|00000000 	|00000000 	|00000000 	| 
8190.0 	|OP_OPIMM  	|00000000 	|00000000 	|00000000 	| 
8200.0 	|OP_OPIMM  	|00000000 	|00000000 	|00000000 	| 
8210.0 	|OP_OPIMM  	|Xxxxxxxx 	|00000001 	|0000000X 	| 
8220.0 	|OP_OPIMM  	|Xxxxxxxx 	|00000001 	|0000000X 	| 
8230.0 	|OP_OPIMM  	|Xxxxxxxx 	|00000001 	|0000000X 	| 
8240.0 	|OP_OPIMM  	|Xxxxxxxx 	|00000001 	|0000000X 	| 
8290.0 	|OP_OP     	|00000000 	|00400f00 	|00400f00 	| 
8300.0 	|OP_OP     	|00000000 	|00400f00 	|00400f00 	| 
8310.0 	|OP_OP     	|00000000 	|00400f00 	|00400f00 	| 
8320.0 	|OP_OP     	|00000000 	|00400f00 	|00400f00 	| 
8330.0 	|OP_OPIMM  	|Xxxxxxxx 	|00000001 	|0xxxxxxx 	| 
8340.0 	|OP_OPIMM  	|Xxxxxxxx 	|00000001 	|0xxxxxxx 	| 
8350.0 	|OP_OPIMM  	|Xxxxxxxx 	|00000001 	|0xxxxxxx 	| 
8360.0 	|OP_OPIMM  	|Xxxxxxxx 	|00000001 	|0xxxxxxx 	| 
8370.0 	|OP_OPIMM  	|00400f00 	|00000001 	|00801e00 	| 
8380.0 	|OP_OPIMM  	|00400f00 	|00000001 	|00801e00 	| 
8390.0 	|OP_OPIMM  	|00400f00 	|00000001 	|00801e00 	| 
8400.0 	|OP_OPIMM  	|00400f00 	|00000001 	|00801e00 	| 
8450.0 	|OP_JALR   	|00000184 	|00000000 	|00000184 	| 
8460.0 	|OP_JALR   	|00000184 	|00000000 	|00000184 	| 
8470.0 	|OP_JALR   	|00000184 	|00000000 	|00000184 	| 
8480.0 	|OP_JALR   	|00000184 	|00000000 	|00000184 	| 
8490.0 	|OP_OPIMM  	|00400f00 	|00000000 	|00400f00 	| 
8500.0 	|OP_OPIMM  	|00400f00 	|00000000 	|00400f00 	| 
8510.0 	|OP_OPIMM  	|00400f00 	|00000000 	|00400f00 	| 
8520.0 	|OP_OPIMM  	|00400f00 	|00000000 	|00400f00 	| 
8530.0 	|OP_OPIMM  	|00000000 	|00000000 	|00000000 	| 
8540.0 	|OP_OPIMM  	|00000000 	|00000000 	|00000000 	| 
8550.0 	|OP_OPIMM  	|00000000 	|00000000 	|00000000 	| 
8560.0 	|OP_OPIMM  	|00000000 	|00000000 	|00000000 	| 
8570.0 	|OP_OPIMM  	|0xxxxxxx 	|00000001 	|0000000X 	| 
8580.0 	|OP_OPIMM  	|0xxxxxxx 	|00000001 	|0000000X 	| 
8590.0 	|OP_OPIMM  	|0xxxxxxx 	|00000001 	|0000000X 	| 
8600.0 	|OP_OPIMM  	|0xxxxxxx 	|00000001 	|0000000X 	| 
8650.0 	|OP_OP     	|00000000 	|00400f00 	|00400f00 	| 
8660.0 	|OP_OP     	|00000000 	|00400f00 	|00400f00 	| 
8670.0 	|OP_OP     	|00000000 	|00400f00 	|00400f00 	| 
8680.0 	|OP_OP     	|00000000 	|00400f00 	|00400f00 	| 
8690.0 	|OP_OPIMM  	|0xxxxxxx 	|00000001 	|0Xxxxxxx 	| 
8700.0 	|OP_OPIMM  	|0xxxxxxx 	|00000001 	|0Xxxxxxx 	| 
8710.0 	|OP_OPIMM  	|0xxxxxxx 	|00000001 	|0Xxxxxxx 	| 
8720.0 	|OP_OPIMM  	|0xxxxxxx 	|00000001 	|0Xxxxxxx 	| 
8730.0 	|OP_OPIMM  	|00400f00 	|00000001 	|00801e00 	| 
8740.0 	|OP_OPIMM  	|00400f00 	|00000001 	|00801e00 	| 
8750.0 	|OP_OPIMM  	|00400f00 	|00000001 	|00801e00 	| 
8760.0 	|OP_OPIMM  	|00400f00 	|00000001 	|00801e00 	| 
8810.0 	|OP_JALR   	|00000184 	|00000000 	|00000184 	| 
8820.0 	|OP_JALR   	|00000184 	|00000000 	|00000184 	| 
8830.0 	|OP_JALR   	|00000184 	|00000000 	|00000184 	| 
8840.0 	|OP_JALR   	|00000184 	|00000000 	|00000184 	| 
8850.0 	|OP_OPIMM  	|00400f00 	|00000000 	|00400f00 	| 
8860.0 	|OP_OPIMM  	|00400f00 	|00000000 	|00400f00 	| 
8870.0 	|OP_OPIMM  	|00400f00 	|00000000 	|00400f00 	| 
8880.0 	|OP_OPIMM  	|00400f00 	|00000000 	|00400f00 	| 
8890.0 	|OP_OPIMM  	|00000000 	|00000000 	|00000000 	| 
8900.0 	|OP_OPIMM  	|00000000 	|00000000 	|00000000 	| 
8910.0 	|OP_OPIMM  	|00000000 	|00000000 	|00000000 	| 
8920.0 	|OP_OPIMM  	|00000000 	|00000000 	|00000000 	| 
8930.0 	|OP_OPIMM  	|0Xxxxxxx 	|00000001 	|0000000X 	| 
8940.0 	|OP_OPIMM  	|0Xxxxxxx 	|00000001 	|0000000X 	| 
8950.0 	|OP_OPIMM  	|0Xxxxxxx 	|00000001 	|0000000X 	| 
8960.0 	|OP_OPIMM  	|0Xxxxxxx 	|00000001 	|0000000X 	| 
9010.0 	|OP_OP     	|00000000 	|00400f00 	|00400f00 	| 
9020.0 	|OP_OP     	|00000000 	|00400f00 	|00400f00 	| 
9030.0 	|OP_OP     	|00000000 	|00400f00 	|00400f00 	| 
9040.0 	|OP_OP     	|00000000 	|00400f00 	|00400f00 	| 
9050.0 	|OP_OPIMM  	|0Xxxxxxx 	|00000001 	|0Xxxxxxx 	| 
9060.0 	|OP_OPIMM  	|0Xxxxxxx 	|00000001 	|0Xxxxxxx 	| 
9070.0 	|OP_OPIMM  	|0Xxxxxxx 	|00000001 	|0Xxxxxxx 	| 
9080.0 	|OP_OPIMM  	|0Xxxxxxx 	|00000001 	|0Xxxxxxx 	| 
9090.0 	|OP_OPIMM  	|00400f00 	|00000001 	|00801e00 	| 
9100.0 	|OP_OPIMM  	|00400f00 	|00000001 	|00801e00 	| 
9110.0 	|OP_OPIMM  	|00400f00 	|00000001 	|00801e00 	| 
9120.0 	|OP_OPIMM  	|00400f00 	|00000001 	|00801e00 	| 
9170.0 	|OP_JALR   	|00000184 	|00000000 	|00000184 	| 
9180.0 	|OP_JALR   	|00000184 	|00000000 	|00000184 	| 
9190.0 	|OP_JALR   	|00000184 	|00000000 	|00000184 	| 
9200.0 	|OP_JALR   	|00000184 	|00000000 	|00000184 	| 
9210.0 	|OP_OPIMM  	|00400f00 	|00000000 	|00400f00 	| 
9220.0 	|OP_OPIMM  	|00400f00 	|00000000 	|00400f00 	| 
9230.0 	|OP_OPIMM  	|00400f00 	|00000000 	|00400f00 	| 
9240.0 	|OP_OPIMM  	|00400f00 	|00000000 	|00400f00 	| 
9250.0 	|OP_OPIMM  	|00000000 	|00000000 	|00000000 	| 
9260.0 	|OP_OPIMM  	|00000000 	|00000000 	|00000000 	| 
9270.0 	|OP_OPIMM  	|00000000 	|00000000 	|00000000 	| 
9280.0 	|OP_OPIMM  	|00000000 	|00000000 	|00000000 	| 
9290.0 	|OP_OPIMM  	|0Xxxxxxx 	|00000001 	|0000000X 	| 
9300.0 	|OP_OPIMM  	|0Xxxxxxx 	|00000001 	|0000000X 	| 
9310.0 	|OP_OPIMM  	|0Xxxxxxx 	|00000001 	|0000000X 	| 
9320.0 	|OP_OPIMM  	|0Xxxxxxx 	|00000001 	|0000000X 	| 
9370.0 	|OP_OP     	|00000000 	|00400f00 	|00400f00 	| 
9380.0 	|OP_OP     	|00000000 	|00400f00 	|00400f00 	| 
9390.0 	|OP_OP     	|00000000 	|00400f00 	|00400f00 	| 
9400.0 	|OP_OP     	|00000000 	|00400f00 	|00400f00 	| 
9410.0 	|OP_OPIMM  	|0Xxxxxxx 	|00000001 	|0Xxxxxxx 	| 
9420.0 	|OP_OPIMM  	|0Xxxxxxx 	|00000001 	|0Xxxxxxx 	| 
9430.0 	|OP_OPIMM  	|0Xxxxxxx 	|00000001 	|0Xxxxxxx 	| 
9440.0 	|OP_OPIMM  	|0Xxxxxxx 	|00000001 	|0Xxxxxxx 	| 
9450.0 	|OP_OPIMM  	|00400f00 	|00000001 	|00801e00 	| 
9460.0 	|OP_OPIMM  	|00400f00 	|00000001 	|00801e00 	| 
9470.0 	|OP_OPIMM  	|00400f00 	|00000001 	|00801e00 	| 
9480.0 	|OP_OPIMM  	|00400f00 	|00000001 	|00801e00 	| 
9530.0 	|OP_JALR   	|00000184 	|00000000 	|00000184 	| 
9540.0 	|OP_JALR   	|00000184 	|00000000 	|00000184 	| 
9550.0 	|OP_JALR   	|00000184 	|00000000 	|00000184 	| 
9560.0 	|OP_JALR   	|00000184 	|00000000 	|00000184 	| 
9570.0 	|OP_OPIMM  	|00400f00 	|00000000 	|00400f00 	| 
9580.0 	|OP_OPIMM  	|00400f00 	|00000000 	|00400f00 	| 
9590.0 	|OP_OPIMM  	|00400f00 	|00000000 	|00400f00 	| 
9600.0 	|OP_OPIMM  	|00400f00 	|00000000 	|00400f00 	| 
9610.0 	|OP_OPIMM  	|00000000 	|00000000 	|00000000 	| 
9620.0 	|OP_OPIMM  	|00000000 	|00000000 	|00000000 	| 
9630.0 	|OP_OPIMM  	|00000000 	|00000000 	|00000000 	| 
9640.0 	|OP_OPIMM  	|00000000 	|00000000 	|00000000 	| 
9650.0 	|OP_OPIMM  	|0Xxxxxxx 	|00000001 	|0000000X 	| 
9660.0 	|OP_OPIMM  	|0Xxxxxxx 	|00000001 	|0000000X 	| 
9670.0 	|OP_OPIMM  	|0Xxxxxxx 	|00000001 	|0000000X 	| 
9680.0 	|OP_OPIMM  	|0Xxxxxxx 	|00000001 	|0000000X 	| 
9730.0 	|OP_OP     	|00000000 	|00400f00 	|00400f00 	| 
9740.0 	|OP_OP     	|00000000 	|00400f00 	|00400f00 	| 
9750.0 	|OP_OP     	|00000000 	|00400f00 	|00400f00 	| 
9760.0 	|OP_OP     	|00000000 	|00400f00 	|00400f00 	| 
9770.0 	|OP_OPIMM  	|0Xxxxxxx 	|00000001 	|00xxxxxx 	| 
9780.0 	|OP_OPIMM  	|0Xxxxxxx 	|00000001 	|00xxxxxx 	| 
9790.0 	|OP_OPIMM  	|0Xxxxxxx 	|00000001 	|00xxxxxx 	| 
9800.0 	|OP_OPIMM  	|0Xxxxxxx 	|00000001 	|00xxxxxx 	| 
9810.0 	|OP_OPIMM  	|00400f00 	|00000001 	|00801e00 	| 
9820.0 	|OP_OPIMM  	|00400f00 	|00000001 	|00801e00 	| 
9830.0 	|OP_OPIMM  	|00400f00 	|00000001 	|00801e00 	| 
9840.0 	|OP_OPIMM  	|00400f00 	|00000001 	|00801e00 	| 
9890.0 	|OP_JALR   	|00000184 	|00000000 	|00000184 	| 
9900.0 	|OP_JALR   	|00000184 	|00000000 	|00000184 	| 
9910.0 	|OP_JALR   	|00000184 	|00000000 	|00000184 	| 
9920.0 	|OP_JALR   	|00000184 	|00000000 	|00000184 	| 
9930.0 	|OP_OPIMM  	|00400f00 	|00000000 	|00400f00 	| 
9940.0 	|OP_OPIMM  	|00400f00 	|00000000 	|00400f00 	| 
9950.0 	|OP_OPIMM  	|00400f00 	|00000000 	|00400f00 	| 
9960.0 	|OP_OPIMM  	|00400f00 	|00000000 	|00400f00 	| 
9970.0 	|OP_OPIMM  	|00000000 	|00000000 	|00000000 	| 
9980.0 	|OP_OPIMM  	|00000000 	|00000000 	|00000000 	| 
9990.0 	|OP_OPIMM  	|00000000 	|00000000 	|00000000 	| 
